{"D:\\Projects\\DoersProjects\\kdabra\\src\\API\\index.js":{"path":"D:\\Projects\\DoersProjects\\kdabra\\src\\API\\index.js","statementMap":{"0":{"start":{"line":3,"column":0},"end":{"line":5,"column":3}},"1":{"start":{"line":6,"column":26},"end":{"line":6,"column":61}},"2":{"start":{"line":7,"column":20},"end":{"line":7,"column":49}},"3":{"start":{"line":8,"column":19},"end":{"line":8,"column":47}},"4":{"start":{"line":9,"column":15},"end":{"line":9,"column":39}},"5":{"start":{"line":10,"column":16},"end":{"line":10,"column":41}},"6":{"start":{"line":11,"column":17},"end":{"line":11,"column":43}},"7":{"start":{"line":12,"column":19},"end":{"line":12,"column":47}},"8":{"start":{"line":13,"column":18},"end":{"line":13,"column":45}},"9":{"start":{"line":14,"column":26},"end":{"line":14,"column":61}},"10":{"start":{"line":15,"column":24},"end":{"line":15,"column":57}},"11":{"start":{"line":17,"column":0},"end":{"line":17,"column":49}},"12":{"start":{"line":18,"column":0},"end":{"line":18,"column":37}},"13":{"start":{"line":19,"column":0},"end":{"line":19,"column":35}},"14":{"start":{"line":20,"column":0},"end":{"line":20,"column":27}},"15":{"start":{"line":21,"column":0},"end":{"line":21,"column":29}},"16":{"start":{"line":22,"column":0},"end":{"line":22,"column":31}},"17":{"start":{"line":23,"column":0},"end":{"line":23,"column":35}},"18":{"start":{"line":24,"column":0},"end":{"line":24,"column":33}},"19":{"start":{"line":25,"column":0},"end":{"line":25,"column":49}},"20":{"start":{"line":26,"column":0},"end":{"line":26,"column":45}}},"fnMap":{},"branchMap":{},"s":{"0":0,"1":0,"2":0,"3":0,"4":0,"5":0,"6":0,"7":0,"8":0,"9":0,"10":0,"11":0,"12":0,"13":0,"14":0,"15":0,"16":0,"17":0,"18":0,"19":0,"20":0},"f":{},"b":{}},"D:\\Projects\\DoersProjects\\kdabra\\src\\API\\src\\BusinessAPI\\BusinessAPI.js":{"path":"D:\\Projects\\DoersProjects\\kdabra\\src\\API\\src\\BusinessAPI\\BusinessAPI.js","statementMap":{"0":{"start":{"line":2,"column":12},"end":{"line":2,"column":29}},"1":{"start":{"line":3,"column":27},"end":{"line":3,"column":78}},"2":{"start":{"line":5,"column":19},"end":{"line":66,"column":5}},"3":{"start":{"line":6,"column":23},"end":{"line":16,"column":5}},"4":{"start":{"line":7,"column":21},"end":{"line":14,"column":7}},"5":{"start":{"line":15,"column":6},"end":{"line":15,"column":22}},"6":{"start":{"line":18,"column":14},"end":{"line":20,"column":5}},"7":{"start":{"line":19,"column":6},"end":{"line":19,"column":26}},"8":{"start":{"line":22,"column":29},"end":{"line":30,"column":5}},"9":{"start":{"line":23,"column":6},"end":{"line":29,"column":10}},"10":{"start":{"line":32,"column":28},"end":{"line":36,"column":5}},"11":{"start":{"line":33,"column":6},"end":{"line":35,"column":9}},"12":{"start":{"line":34,"column":8},"end":{"line":34,"column":74}},"13":{"start":{"line":38,"column":29},"end":{"line":47,"column":5}},"14":{"start":{"line":39,"column":6},"end":{"line":46,"column":10}},"15":{"start":{"line":49,"column":22},"end":{"line":58,"column":5}},"16":{"start":{"line":50,"column":6},"end":{"line":57,"column":8}},"17":{"start":{"line":60,"column":4},"end":{"line":65,"column":5}},"18":{"start":{"line":68,"column":2},"end":{"line":68,"column":31}}},"fnMap":{"0":{"name":"(anonymous_0)","decl":{"start":{"line":5,"column":19},"end":{"line":5,"column":20}},"loc":{"start":{"line":5,"column":30},"end":{"line":66,"column":3}},"line":5},"1":{"name":"(anonymous_1)","decl":{"start":{"line":6,"column":23},"end":{"line":6,"column":24}},"loc":{"start":{"line":6,"column":34},"end":{"line":16,"column":5}},"line":6},"2":{"name":"(anonymous_2)","decl":{"start":{"line":18,"column":14},"end":{"line":18,"column":15}},"loc":{"start":{"line":18,"column":25},"end":{"line":20,"column":5}},"line":18},"3":{"name":"(anonymous_3)","decl":{"start":{"line":22,"column":29},"end":{"line":22,"column":30}},"loc":{"start":{"line":22,"column":44},"end":{"line":30,"column":5}},"line":22},"4":{"name":"(anonymous_4)","decl":{"start":{"line":32,"column":28},"end":{"line":32,"column":29}},"loc":{"start":{"line":32,"column":43},"end":{"line":36,"column":5}},"line":32},"5":{"name":"(anonymous_5)","decl":{"start":{"line":33,"column":33},"end":{"line":33,"column":34}},"loc":{"start":{"line":33,"column":51},"end":{"line":35,"column":7}},"line":33},"6":{"name":"(anonymous_6)","decl":{"start":{"line":38,"column":29},"end":{"line":38,"column":30}},"loc":{"start":{"line":38,"column":43},"end":{"line":47,"column":5}},"line":38},"7":{"name":"(anonymous_7)","decl":{"start":{"line":49,"column":22},"end":{"line":49,"column":23}},"loc":{"start":{"line":49,"column":36},"end":{"line":58,"column":5}},"line":49}},"branchMap":{},"s":{"0":0,"1":0,"2":0,"3":0,"4":0,"5":0,"6":0,"7":0,"8":0,"9":0,"10":0,"11":0,"12":0,"13":0,"14":0,"15":0,"16":0,"17":0,"18":0},"f":{"0":0,"1":0,"2":0,"3":0,"4":0,"5":0,"6":0,"7":0},"b":{}},"D:\\Projects\\DoersProjects\\kdabra\\src\\API\\src\\BusinessAPI\\index.js":{"path":"D:\\Projects\\DoersProjects\\kdabra\\src\\API\\src\\BusinessAPI\\index.js","statementMap":{"0":{"start":{"line":1,"column":18},"end":{"line":1,"column":42}},"1":{"start":{"line":2,"column":0},"end":{"line":2,"column":29}}},"fnMap":{},"branchMap":{},"s":{"0":0,"1":0},"f":{},"b":{}},"D:\\Projects\\DoersProjects\\kdabra\\src\\API\\src\\ConversationsAPI\\ConversationsAPI.js":{"path":"D:\\Projects\\DoersProjects\\kdabra\\src\\API\\src\\ConversationsAPI\\ConversationsAPI.js","statementMap":{"0":{"start":{"line":2,"column":12},"end":{"line":2,"column":29}},"1":{"start":{"line":3,"column":27},"end":{"line":3,"column":78}},"2":{"start":{"line":5,"column":24},"end":{"line":32,"column":5}},"3":{"start":{"line":7,"column":34},"end":{"line":15,"column":5}},"4":{"start":{"line":8,"column":6},"end":{"line":14,"column":10}},"5":{"start":{"line":17,"column":33},"end":{"line":26,"column":5}},"6":{"start":{"line":18,"column":6},"end":{"line":25,"column":8}},"7":{"start":{"line":28,"column":4},"end":{"line":31,"column":5}},"8":{"start":{"line":34,"column":2},"end":{"line":34,"column":36}}},"fnMap":{"0":{"name":"(anonymous_0)","decl":{"start":{"line":5,"column":24},"end":{"line":5,"column":25}},"loc":{"start":{"line":5,"column":35},"end":{"line":32,"column":3}},"line":5},"1":{"name":"(anonymous_1)","decl":{"start":{"line":7,"column":34},"end":{"line":7,"column":35}},"loc":{"start":{"line":7,"column":48},"end":{"line":15,"column":5}},"line":7},"2":{"name":"(anonymous_2)","decl":{"start":{"line":17,"column":33},"end":{"line":17,"column":34}},"loc":{"start":{"line":17,"column":47},"end":{"line":26,"column":5}},"line":17}},"branchMap":{},"s":{"0":0,"1":0,"2":0,"3":0,"4":0,"5":0,"6":0,"7":0,"8":0},"f":{"0":0,"1":0,"2":0},"b":{}},"D:\\Projects\\DoersProjects\\kdabra\\src\\API\\src\\ConversationsAPI\\index.js":{"path":"D:\\Projects\\DoersProjects\\kdabra\\src\\API\\src\\ConversationsAPI\\index.js","statementMap":{"0":{"start":{"line":1,"column":23},"end":{"line":1,"column":52}},"1":{"start":{"line":2,"column":0},"end":{"line":2,"column":34}}},"fnMap":{},"branchMap":{},"s":{"0":0,"1":0},"f":{},"b":{}},"D:\\Projects\\DoersProjects\\kdabra\\src\\API\\src\\GUIDAPI\\GUIDAPI.js":{"path":"D:\\Projects\\DoersProjects\\kdabra\\src\\API\\src\\GUIDAPI\\GUIDAPI.js","statementMap":{"0":{"start":{"line":2,"column":14},"end":{"line":16,"column":3}},"1":{"start":{"line":3,"column":12},"end":{"line":10,"column":2}},"2":{"start":{"line":5,"column":5},"end":{"line":7,"column":21}},"3":{"start":{"line":9,"column":3},"end":{"line":9,"column":88}},"4":{"start":{"line":12,"column":1},"end":{"line":14,"column":2}},"5":{"start":{"line":18,"column":0},"end":{"line":18,"column":25}}},"fnMap":{"0":{"name":"(anonymous_0)","decl":{"start":{"line":2,"column":14},"end":{"line":2,"column":15}},"loc":{"start":{"line":2,"column":24},"end":{"line":16,"column":1}},"line":2},"1":{"name":"(anonymous_1)","decl":{"start":{"line":3,"column":12},"end":{"line":3,"column":13}},"loc":{"start":{"line":3,"column":23},"end":{"line":10,"column":2}},"line":3},"2":{"name":"s4","decl":{"start":{"line":4,"column":12},"end":{"line":4,"column":14}},"loc":{"start":{"line":4,"column":17},"end":{"line":8,"column":4}},"line":4}},"branchMap":{},"s":{"0":0,"1":0,"2":0,"3":0,"4":0,"5":0},"f":{"0":0,"1":0,"2":0},"b":{}},"D:\\Projects\\DoersProjects\\kdabra\\src\\API\\src\\GUIDAPI\\index.js":{"path":"D:\\Projects\\DoersProjects\\kdabra\\src\\API\\src\\GUIDAPI\\index.js","statementMap":{"0":{"start":{"line":1,"column":14},"end":{"line":1,"column":34}},"1":{"start":{"line":2,"column":0},"end":{"line":2,"column":25}}},"fnMap":{},"branchMap":{},"s":{"0":0,"1":0},"f":{},"b":{}},"D:\\Projects\\DoersProjects\\kdabra\\src\\API\\src\\IntentAPI\\index.js":{"path":"D:\\Projects\\DoersProjects\\kdabra\\src\\API\\src\\IntentAPI\\index.js","statementMap":{"0":{"start":{"line":1,"column":16},"end":{"line":1,"column":38}},"1":{"start":{"line":2,"column":0},"end":{"line":2,"column":27}}},"fnMap":{},"branchMap":{},"s":{"0":0,"1":0},"f":{},"b":{}},"D:\\Projects\\DoersProjects\\kdabra\\src\\API\\src\\IntentAPI\\IntentAPI.js":{"path":"D:\\Projects\\DoersProjects\\kdabra\\src\\API\\src\\IntentAPI\\IntentAPI.js","statementMap":{"0":{"start":{"line":1,"column":12},"end":{"line":1,"column":29}},"1":{"start":{"line":2,"column":25},"end":{"line":2,"column":74}},"2":{"start":{"line":4,"column":16},"end":{"line":22,"column":3}},"3":{"start":{"line":6,"column":28},"end":{"line":18,"column":5}},"4":{"start":{"line":7,"column":8},"end":{"line":16,"column":10}},"5":{"start":{"line":19,"column":4},"end":{"line":21,"column":5}},"6":{"start":{"line":24,"column":0},"end":{"line":24,"column":27}}},"fnMap":{"0":{"name":"(anonymous_0)","decl":{"start":{"line":4,"column":16},"end":{"line":4,"column":17}},"loc":{"start":{"line":4,"column":27},"end":{"line":22,"column":1}},"line":4},"1":{"name":"(anonymous_1)","decl":{"start":{"line":6,"column":28},"end":{"line":6,"column":29}},"loc":{"start":{"line":6,"column":43},"end":{"line":18,"column":5}},"line":6}},"branchMap":{},"s":{"0":0,"1":0,"2":0,"3":0,"4":0,"5":0,"6":0},"f":{"0":0,"1":0},"b":{}},"D:\\Projects\\DoersProjects\\kdabra\\src\\API\\src\\MeliAPI\\MeliAPI.js":{"path":"D:\\Projects\\DoersProjects\\kdabra\\src\\API\\src\\MeliAPI\\MeliAPI.js","statementMap":{"0":{"start":{"line":4,"column":12},"end":{"line":4,"column":28}},"1":{"start":{"line":5,"column":23},"end":{"line":5,"column":60}},"2":{"start":{"line":6,"column":23},"end":{"line":6,"column":83}},"3":{"start":{"line":8,"column":14},"end":{"line":37,"column":3}},"4":{"start":{"line":9,"column":23},"end":{"line":17,"column":5}},"5":{"start":{"line":10,"column":6},"end":{"line":16,"column":10}},"6":{"start":{"line":19,"column":23},"end":{"line":32,"column":5}},"7":{"start":{"line":20,"column":6},"end":{"line":31,"column":10}},"8":{"start":{"line":33,"column":4},"end":{"line":36,"column":5}},"9":{"start":{"line":39,"column":0},"end":{"line":39,"column":25}}},"fnMap":{"0":{"name":"(anonymous_0)","decl":{"start":{"line":8,"column":14},"end":{"line":8,"column":15}},"loc":{"start":{"line":8,"column":24},"end":{"line":37,"column":1}},"line":8},"1":{"name":"(anonymous_1)","decl":{"start":{"line":9,"column":23},"end":{"line":9,"column":24}},"loc":{"start":{"line":9,"column":37},"end":{"line":17,"column":5}},"line":9},"2":{"name":"(anonymous_2)","decl":{"start":{"line":19,"column":23},"end":{"line":19,"column":24}},"loc":{"start":{"line":19,"column":39},"end":{"line":32,"column":5}},"line":19}},"branchMap":{},"s":{"0":0,"1":0,"2":0,"3":0,"4":0,"5":0,"6":0,"7":0,"8":0,"9":0},"f":{"0":0,"1":0,"2":0},"b":{}},"D:\\Projects\\DoersProjects\\kdabra\\src\\API\\src\\MessagesAPI\\index.js":{"path":"D:\\Projects\\DoersProjects\\kdabra\\src\\API\\src\\MessagesAPI\\index.js","statementMap":{"0":{"start":{"line":1,"column":18},"end":{"line":1,"column":42}},"1":{"start":{"line":2,"column":0},"end":{"line":2,"column":29}}},"fnMap":{},"branchMap":{},"s":{"0":0,"1":0},"f":{},"b":{}},"D:\\Projects\\DoersProjects\\kdabra\\src\\API\\src\\MessagesAPI\\MessagesAPI.js":{"path":"D:\\Projects\\DoersProjects\\kdabra\\src\\API\\src\\MessagesAPI\\MessagesAPI.js","statementMap":{"0":{"start":{"line":2,"column":15},"end":{"line":2,"column":44}},"1":{"start":{"line":3,"column":26},"end":{"line":3,"column":77}},"2":{"start":{"line":5,"column":18},"end":{"line":427,"column":3}},"3":{"start":{"line":6,"column":23},"end":{"line":301,"column":5}},"4":{"start":{"line":7,"column":27},"end":{"line":299,"column":9}},"5":{"start":{"line":300,"column":8},"end":{"line":300,"column":24}},"6":{"start":{"line":303,"column":26},"end":{"line":305,"column":5}},"7":{"start":{"line":304,"column":6},"end":{"line":304,"column":31}},"8":{"start":{"line":307,"column":25},"end":{"line":336,"column":5}},"9":{"start":{"line":308,"column":8},"end":{"line":335,"column":11}},"10":{"start":{"line":310,"column":26},"end":{"line":312,"column":14}},"11":{"start":{"line":311,"column":16},"end":{"line":311,"column":56}},"12":{"start":{"line":313,"column":30},"end":{"line":313,"column":32}},"13":{"start":{"line":314,"column":12},"end":{"line":314,"column":42}},"14":{"start":{"line":316,"column":12},"end":{"line":334,"column":13}},"15":{"start":{"line":317,"column":16},"end":{"line":330,"column":19}},"16":{"start":{"line":319,"column":20},"end":{"line":319,"column":53}},"17":{"start":{"line":320,"column":20},"end":{"line":320,"column":71}},"18":{"start":{"line":321,"column":20},"end":{"line":321,"column":97}},"19":{"start":{"line":322,"column":20},"end":{"line":322,"column":71}},"20":{"start":{"line":323,"column":20},"end":{"line":323,"column":79}},"21":{"start":{"line":324,"column":20},"end":{"line":324,"column":79}},"22":{"start":{"line":325,"column":20},"end":{"line":325,"column":88}},"23":{"start":{"line":326,"column":20},"end":{"line":326,"column":49}},"24":{"start":{"line":329,"column":20},"end":{"line":329,"column":32}},"25":{"start":{"line":333,"column":16},"end":{"line":333,"column":45}},"26":{"start":{"line":338,"column":29},"end":{"line":377,"column":5}},"27":{"start":{"line":340,"column":29},"end":{"line":375,"column":10}},"28":{"start":{"line":342,"column":38},"end":{"line":342,"column":40}},"29":{"start":{"line":343,"column":12},"end":{"line":345,"column":15}},"30":{"start":{"line":344,"column":16},"end":{"line":344,"column":89}},"31":{"start":{"line":347,"column":34},"end":{"line":347,"column":36}},"32":{"start":{"line":348,"column":12},"end":{"line":350,"column":15}},"33":{"start":{"line":349,"column":16},"end":{"line":349,"column":52}},"34":{"start":{"line":352,"column":12},"end":{"line":374,"column":13}},"35":{"start":{"line":353,"column":16},"end":{"line":359,"column":19}},"36":{"start":{"line":355,"column":20},"end":{"line":355,"column":33}},"37":{"start":{"line":358,"column":20},"end":{"line":358,"column":32}},"38":{"start":{"line":362,"column":26},"end":{"line":362,"column":28}},"39":{"start":{"line":363,"column":16},"end":{"line":363,"column":60}},"40":{"start":{"line":364,"column":16},"end":{"line":364,"column":42}},"41":{"start":{"line":365,"column":16},"end":{"line":373,"column":19}},"42":{"start":{"line":367,"column":20},"end":{"line":368,"column":71}},"43":{"start":{"line":368,"column":20},"end":{"line":368,"column":71}},"44":{"start":{"line":369,"column":20},"end":{"line":369,"column":48}},"45":{"start":{"line":372,"column":20},"end":{"line":372,"column":48}},"46":{"start":{"line":376,"column":8},"end":{"line":376,"column":30}},"47":{"start":{"line":379,"column":26},"end":{"line":394,"column":5}},"48":{"start":{"line":380,"column":8},"end":{"line":380,"column":23}},"49":{"start":{"line":382,"column":8},"end":{"line":393,"column":10}},"50":{"start":{"line":383,"column":12},"end":{"line":383,"column":52}},"51":{"start":{"line":384,"column":12},"end":{"line":384,"column":50}},"52":{"start":{"line":385,"column":12},"end":{"line":385,"column":50}},"53":{"start":{"line":386,"column":12},"end":{"line":386,"column":56}},"54":{"start":{"line":387,"column":12},"end":{"line":387,"column":44}},"55":{"start":{"line":388,"column":12},"end":{"line":388,"column":52}},"56":{"start":{"line":389,"column":12},"end":{"line":389,"column":52}},"57":{"start":{"line":390,"column":12},"end":{"line":390,"column":42}},"58":{"start":{"line":391,"column":12},"end":{"line":391,"column":42}},"59":{"start":{"line":392,"column":12},"end":{"line":392,"column":67}},"60":{"start":{"line":396,"column":30},"end":{"line":419,"column":5}},"61":{"start":{"line":397,"column":29},"end":{"line":417,"column":10}},"62":{"start":{"line":398,"column":34},"end":{"line":398,"column":55}},"63":{"start":{"line":399,"column":12},"end":{"line":416,"column":15}},"64":{"start":{"line":401,"column":26},"end":{"line":401,"column":28}},"65":{"start":{"line":402,"column":16},"end":{"line":402,"column":38}},"66":{"start":{"line":403,"column":16},"end":{"line":403,"column":46}},"67":{"start":{"line":404,"column":16},"end":{"line":404,"column":61}},"68":{"start":{"line":405,"column":16},"end":{"line":405,"column":39}},"69":{"start":{"line":406,"column":16},"end":{"line":406,"column":52}},"70":{"start":{"line":407,"column":16},"end":{"line":407,"column":55}},"71":{"start":{"line":408,"column":16},"end":{"line":408,"column":43}},"72":{"start":{"line":409,"column":16},"end":{"line":409,"column":48}},"73":{"start":{"line":410,"column":16},"end":{"line":410,"column":34}},"74":{"start":{"line":411,"column":16},"end":{"line":411,"column":49}},"75":{"start":{"line":412,"column":16},"end":{"line":412,"column":41}},"76":{"start":{"line":415,"column":16},"end":{"line":415,"column":28}},"77":{"start":{"line":418,"column":8},"end":{"line":418,"column":30}},"78":{"start":{"line":421,"column":4},"end":{"line":426,"column":5}},"79":{"start":{"line":429,"column":0},"end":{"line":429,"column":29}}},"fnMap":{"0":{"name":"(anonymous_0)","decl":{"start":{"line":5,"column":18},"end":{"line":5,"column":19}},"loc":{"start":{"line":5,"column":29},"end":{"line":427,"column":1}},"line":5},"1":{"name":"(anonymous_1)","decl":{"start":{"line":6,"column":23},"end":{"line":6,"column":24}},"loc":{"start":{"line":6,"column":35},"end":{"line":301,"column":5}},"line":6},"2":{"name":"(anonymous_2)","decl":{"start":{"line":303,"column":26},"end":{"line":303,"column":27}},"loc":{"start":{"line":303,"column":37},"end":{"line":305,"column":5}},"line":303},"3":{"name":"(anonymous_3)","decl":{"start":{"line":307,"column":25},"end":{"line":307,"column":26}},"loc":{"start":{"line":307,"column":46},"end":{"line":336,"column":5}},"line":307},"4":{"name":"(anonymous_4)","decl":{"start":{"line":308,"column":27},"end":{"line":308,"column":28}},"loc":{"start":{"line":308,"column":53},"end":{"line":335,"column":9}},"line":308},"5":{"name":"(anonymous_5)","decl":{"start":{"line":310,"column":46},"end":{"line":310,"column":47}},"loc":{"start":{"line":310,"column":64},"end":{"line":312,"column":13}},"line":310},"6":{"name":"(anonymous_6)","decl":{"start":{"line":318,"column":22},"end":{"line":318,"column":23}},"loc":{"start":{"line":318,"column":36},"end":{"line":327,"column":17}},"line":318},"7":{"name":"(anonymous_7)","decl":{"start":{"line":328,"column":23},"end":{"line":328,"column":24}},"loc":{"start":{"line":328,"column":37},"end":{"line":330,"column":17}},"line":328},"8":{"name":"(anonymous_8)","decl":{"start":{"line":338,"column":29},"end":{"line":338,"column":30}},"loc":{"start":{"line":338,"column":62},"end":{"line":377,"column":5}},"line":338},"9":{"name":"(anonymous_9)","decl":{"start":{"line":340,"column":41},"end":{"line":340,"column":42}},"loc":{"start":{"line":340,"column":67},"end":{"line":375,"column":9}},"line":340},"10":{"name":"(anonymous_10)","decl":{"start":{"line":343,"column":56},"end":{"line":343,"column":57}},"loc":{"start":{"line":343,"column":75},"end":{"line":345,"column":13}},"line":343},"11":{"name":"(anonymous_11)","decl":{"start":{"line":348,"column":57},"end":{"line":348,"column":58}},"loc":{"start":{"line":348,"column":76},"end":{"line":350,"column":13}},"line":348},"12":{"name":"(anonymous_12)","decl":{"start":{"line":354,"column":22},"end":{"line":354,"column":23}},"loc":{"start":{"line":354,"column":31},"end":{"line":356,"column":17}},"line":354},"13":{"name":"(anonymous_13)","decl":{"start":{"line":357,"column":23},"end":{"line":357,"column":24}},"loc":{"start":{"line":357,"column":32},"end":{"line":359,"column":17}},"line":357},"14":{"name":"(anonymous_14)","decl":{"start":{"line":366,"column":22},"end":{"line":366,"column":23}},"loc":{"start":{"line":366,"column":31},"end":{"line":370,"column":17}},"line":366},"15":{"name":"(anonymous_15)","decl":{"start":{"line":371,"column":23},"end":{"line":371,"column":24}},"loc":{"start":{"line":371,"column":32},"end":{"line":373,"column":17}},"line":371},"16":{"name":"(anonymous_16)","decl":{"start":{"line":379,"column":26},"end":{"line":379,"column":27}},"loc":{"start":{"line":379,"column":37},"end":{"line":394,"column":5}},"line":379},"17":{"name":"(anonymous_17)","decl":{"start":{"line":382,"column":27},"end":{"line":382,"column":28}},"loc":{"start":{"line":382,"column":41},"end":{"line":393,"column":9}},"line":382},"18":{"name":"(anonymous_18)","decl":{"start":{"line":396,"column":30},"end":{"line":396,"column":31}},"loc":{"start":{"line":396,"column":44},"end":{"line":419,"column":5}},"line":396},"19":{"name":"(anonymous_19)","decl":{"start":{"line":397,"column":41},"end":{"line":397,"column":42}},"loc":{"start":{"line":397,"column":67},"end":{"line":417,"column":9}},"line":397},"20":{"name":"(anonymous_20)","decl":{"start":{"line":400,"column":18},"end":{"line":400,"column":19}},"loc":{"start":{"line":400,"column":27},"end":{"line":413,"column":13}},"line":400},"21":{"name":"(anonymous_21)","decl":{"start":{"line":414,"column":19},"end":{"line":414,"column":20}},"loc":{"start":{"line":414,"column":28},"end":{"line":416,"column":13}},"line":414}},"branchMap":{"0":{"loc":{"start":{"line":316,"column":12},"end":{"line":334,"column":13}},"type":"if","locations":[{"start":{"line":316,"column":12},"end":{"line":334,"column":13}},{"start":{"line":316,"column":12},"end":{"line":334,"column":13}}],"line":316},"1":{"loc":{"start":{"line":316,"column":15},"end":{"line":316,"column":61}},"type":"binary-expr","locations":[{"start":{"line":316,"column":15},"end":{"line":316,"column":27}},{"start":{"line":316,"column":31},"end":{"line":316,"column":61}}],"line":316},"2":{"loc":{"start":{"line":352,"column":12},"end":{"line":374,"column":13}},"type":"if","locations":[{"start":{"line":352,"column":12},"end":{"line":374,"column":13}},{"start":{"line":352,"column":12},"end":{"line":374,"column":13}}],"line":352},"3":{"loc":{"start":{"line":367,"column":20},"end":{"line":368,"column":71}},"type":"if","locations":[{"start":{"line":367,"column":20},"end":{"line":368,"column":71}},{"start":{"line":367,"column":20},"end":{"line":368,"column":71}}],"line":367},"4":{"loc":{"start":{"line":392,"column":37},"end":{"line":392,"column":66}},"type":"binary-expr","locations":[{"start":{"line":392,"column":37},"end":{"line":392,"column":53}},{"start":{"line":392,"column":57},"end":{"line":392,"column":66}}],"line":392}},"s":{"0":0,"1":0,"2":0,"3":0,"4":0,"5":0,"6":0,"7":0,"8":0,"9":0,"10":0,"11":0,"12":0,"13":0,"14":0,"15":0,"16":0,"17":0,"18":0,"19":0,"20":0,"21":0,"22":0,"23":0,"24":0,"25":0,"26":0,"27":0,"28":0,"29":0,"30":0,"31":0,"32":0,"33":0,"34":0,"35":0,"36":0,"37":0,"38":0,"39":0,"40":0,"41":0,"42":0,"43":0,"44":0,"45":0,"46":0,"47":0,"48":0,"49":0,"50":0,"51":0,"52":0,"53":0,"54":0,"55":0,"56":0,"57":0,"58":0,"59":0,"60":0,"61":0,"62":0,"63":0,"64":0,"65":0,"66":0,"67":0,"68":0,"69":0,"70":0,"71":0,"72":0,"73":0,"74":0,"75":0,"76":0,"77":0,"78":0,"79":0},"f":{"0":0,"1":0,"2":0,"3":0,"4":0,"5":0,"6":0,"7":0,"8":0,"9":0,"10":0,"11":0,"12":0,"13":0,"14":0,"15":0,"16":0,"17":0,"18":0,"19":0,"20":0,"21":0},"b":{"0":[0,0],"1":[0,0],"2":[0,0],"3":[0,0],"4":[0,0]}},"D:\\Projects\\DoersProjects\\kdabra\\src\\API\\src\\MessagesContentAPI\\index.js":{"path":"D:\\Projects\\DoersProjects\\kdabra\\src\\API\\src\\MessagesContentAPI\\index.js","statementMap":{"0":{"start":{"line":1,"column":25},"end":{"line":1,"column":56}},"1":{"start":{"line":2,"column":0},"end":{"line":2,"column":36}}},"fnMap":{},"branchMap":{},"s":{"0":0,"1":0},"f":{},"b":{}},"D:\\Projects\\DoersProjects\\kdabra\\src\\API\\src\\MessagesContentAPI\\MessagesContentAPI.js":{"path":"D:\\Projects\\DoersProjects\\kdabra\\src\\API\\src\\MessagesContentAPI\\MessagesContentAPI.js","statementMap":{"0":{"start":{"line":2,"column":25},"end":{"line":24,"column":3}},"1":{"start":{"line":3,"column":34},"end":{"line":18,"column":5}},"2":{"start":{"line":4,"column":8},"end":{"line":17,"column":9}},"3":{"start":{"line":6,"column":16},"end":{"line":6,"column":41}},"4":{"start":{"line":7,"column":12},"end":{"line":7,"column":18}},"5":{"start":{"line":9,"column":16},"end":{"line":9,"column":66}},"6":{"start":{"line":10,"column":12},"end":{"line":10,"column":18}},"7":{"start":{"line":12,"column":16},"end":{"line":12,"column":119}},"8":{"start":{"line":13,"column":12},"end":{"line":13,"column":18}},"9":{"start":{"line":15,"column":16},"end":{"line":15,"column":34}},"10":{"start":{"line":16,"column":12},"end":{"line":16,"column":18}},"11":{"start":{"line":20,"column":4},"end":{"line":22,"column":5}},"12":{"start":{"line":26,"column":0},"end":{"line":26,"column":36}}},"fnMap":{"0":{"name":"(anonymous_0)","decl":{"start":{"line":2,"column":25},"end":{"line":2,"column":26}},"loc":{"start":{"line":2,"column":37},"end":{"line":24,"column":1}},"line":2},"1":{"name":"getMessageContentFromId","decl":{"start":{"line":3,"column":43},"end":{"line":3,"column":66}},"loc":{"start":{"line":3,"column":87},"end":{"line":18,"column":5}},"line":3}},"branchMap":{"0":{"loc":{"start":{"line":4,"column":8},"end":{"line":17,"column":9}},"type":"switch","locations":[{"start":{"line":5,"column":12},"end":{"line":7,"column":18}},{"start":{"line":8,"column":12},"end":{"line":10,"column":18}},{"start":{"line":11,"column":12},"end":{"line":13,"column":18}},{"start":{"line":14,"column":12},"end":{"line":16,"column":18}}],"line":4}},"s":{"0":0,"1":0,"2":0,"3":0,"4":0,"5":0,"6":0,"7":0,"8":0,"9":0,"10":0,"11":0,"12":0},"f":{"0":0,"1":0},"b":{"0":[0,0,0,0]}},"D:\\Projects\\DoersProjects\\kdabra\\src\\API\\src\\MessagesContentAPI\\test.js":{"path":"D:\\Projects\\DoersProjects\\kdabra\\src\\API\\src\\MessagesContentAPI\\test.js","statementMap":{"0":{"start":{"line":1,"column":26},"end":{"line":1,"column":57}},"1":{"start":{"line":2,"column":0},"end":{"line":2,"column":71}}},"fnMap":{},"branchMap":{},"s":{"0":0,"1":0},"f":{},"b":{}},"D:\\Projects\\DoersProjects\\kdabra\\src\\API\\src\\MessagesTestAPI\\index.js":{"path":"D:\\Projects\\DoersProjects\\kdabra\\src\\API\\src\\MessagesTestAPI\\index.js","statementMap":{"0":{"start":{"line":1,"column":18},"end":{"line":1,"column":42}},"1":{"start":{"line":2,"column":0},"end":{"line":2,"column":29}}},"fnMap":{},"branchMap":{},"s":{"0":0,"1":0},"f":{},"b":{}},"D:\\Projects\\DoersProjects\\kdabra\\src\\API\\src\\MessagesTestAPI\\MessagesTestAPI.js":{"path":"D:\\Projects\\DoersProjects\\kdabra\\src\\API\\src\\MessagesTestAPI\\MessagesTestAPI.js","statementMap":{"0":{"start":{"line":7,"column":18},"end":{"line":225,"column":3}},"1":{"start":{"line":8,"column":19},"end":{"line":143,"column":5}},"2":{"start":{"line":145,"column":26},"end":{"line":147,"column":5}},"3":{"start":{"line":146,"column":6},"end":{"line":146,"column":25}},"4":{"start":{"line":149,"column":25},"end":{"line":188,"column":5}},"5":{"start":{"line":150,"column":19},"end":{"line":150,"column":23}},"6":{"start":{"line":151,"column":8},"end":{"line":187,"column":11}},"7":{"start":{"line":152,"column":30},"end":{"line":152,"column":64}},"8":{"start":{"line":152,"column":35},"end":{"line":152,"column":64}},"9":{"start":{"line":154,"column":26},"end":{"line":154,"column":55}},"10":{"start":{"line":155,"column":29},"end":{"line":155,"column":31}},"11":{"start":{"line":156,"column":30},"end":{"line":156,"column":32}},"12":{"start":{"line":157,"column":12},"end":{"line":157,"column":42}},"13":{"start":{"line":160,"column":24},"end":{"line":160,"column":122}},"14":{"start":{"line":160,"column":43},"end":{"line":160,"column":74}},"15":{"start":{"line":160,"column":95},"end":{"line":160,"column":115}},"16":{"start":{"line":161,"column":12},"end":{"line":161,"column":42}},"17":{"start":{"line":162,"column":12},"end":{"line":162,"column":37}},"18":{"start":{"line":164,"column":25},"end":{"line":164,"column":90}},"19":{"start":{"line":164,"column":44},"end":{"line":164,"column":74}},"20":{"start":{"line":165,"column":12},"end":{"line":165,"column":44}},"21":{"start":{"line":166,"column":12},"end":{"line":166,"column":39}},"22":{"start":{"line":168,"column":28},"end":{"line":168,"column":104}},"23":{"start":{"line":168,"column":47},"end":{"line":168,"column":85}},"24":{"start":{"line":169,"column":12},"end":{"line":169,"column":50}},"25":{"start":{"line":170,"column":12},"end":{"line":170,"column":45}},"26":{"start":{"line":171,"column":12},"end":{"line":186,"column":15}},"27":{"start":{"line":173,"column":16},"end":{"line":173,"column":33}},"28":{"start":{"line":174,"column":16},"end":{"line":174,"column":50}},"29":{"start":{"line":175,"column":16},"end":{"line":175,"column":49}},"30":{"start":{"line":176,"column":16},"end":{"line":176,"column":72}},"31":{"start":{"line":177,"column":16},"end":{"line":177,"column":98}},"32":{"start":{"line":178,"column":16},"end":{"line":178,"column":72}},"33":{"start":{"line":179,"column":16},"end":{"line":179,"column":80}},"34":{"start":{"line":180,"column":16},"end":{"line":180,"column":80}},"35":{"start":{"line":181,"column":16},"end":{"line":181,"column":89}},"36":{"start":{"line":182,"column":16},"end":{"line":182,"column":45}},"37":{"start":{"line":185,"column":16},"end":{"line":185,"column":28}},"38":{"start":{"line":190,"column":25},"end":{"line":201,"column":5}},"39":{"start":{"line":191,"column":19},"end":{"line":191,"column":23}},"40":{"start":{"line":192,"column":8},"end":{"line":200,"column":11}},"41":{"start":{"line":193,"column":30},"end":{"line":193,"column":61}},"42":{"start":{"line":193,"column":35},"end":{"line":193,"column":61}},"43":{"start":{"line":195,"column":26},"end":{"line":195,"column":55}},"44":{"start":{"line":196,"column":30},"end":{"line":196,"column":32}},"45":{"start":{"line":197,"column":12},"end":{"line":197,"column":42}},"46":{"start":{"line":199,"column":12},"end":{"line":199,"column":41}},"47":{"start":{"line":202,"column":29},"end":{"line":218,"column":5}},"48":{"start":{"line":205,"column":27},"end":{"line":205,"column":91}},"49":{"start":{"line":205,"column":32},"end":{"line":205,"column":91}},"50":{"start":{"line":206,"column":34},"end":{"line":206,"column":36}},"51":{"start":{"line":207,"column":8},"end":{"line":207,"column":58}},"52":{"start":{"line":209,"column":25},"end":{"line":209,"column":52}},"53":{"start":{"line":209,"column":30},"end":{"line":209,"column":52}},"54":{"start":{"line":210,"column":30},"end":{"line":210,"column":32}},"55":{"start":{"line":211,"column":8},"end":{"line":211,"column":63}},"56":{"start":{"line":213,"column":8},"end":{"line":215,"column":9}},"57":{"start":{"line":214,"column":12},"end":{"line":214,"column":60}},"58":{"start":{"line":217,"column":8},"end":{"line":217,"column":34}},"59":{"start":{"line":220,"column":4},"end":{"line":224,"column":5}},"60":{"start":{"line":227,"column":0},"end":{"line":227,"column":29}}},"fnMap":{"0":{"name":"(anonymous_0)","decl":{"start":{"line":7,"column":18},"end":{"line":7,"column":19}},"loc":{"start":{"line":7,"column":28},"end":{"line":225,"column":1}},"line":7},"1":{"name":"(anonymous_1)","decl":{"start":{"line":145,"column":26},"end":{"line":145,"column":27}},"loc":{"start":{"line":145,"column":37},"end":{"line":147,"column":5}},"line":145},"2":{"name":"(anonymous_2)","decl":{"start":{"line":149,"column":25},"end":{"line":149,"column":26}},"loc":{"start":{"line":149,"column":41},"end":{"line":188,"column":5}},"line":149},"3":{"name":"(anonymous_3)","decl":{"start":{"line":151,"column":27},"end":{"line":151,"column":28}},"loc":{"start":{"line":151,"column":53},"end":{"line":187,"column":9}},"line":151},"4":{"name":"(anonymous_4)","decl":{"start":{"line":152,"column":30},"end":{"line":152,"column":31}},"loc":{"start":{"line":152,"column":35},"end":{"line":152,"column":64}},"line":152},"5":{"name":"(anonymous_5)","decl":{"start":{"line":160,"column":35},"end":{"line":160,"column":36}},"loc":{"start":{"line":160,"column":43},"end":{"line":160,"column":74}},"line":160},"6":{"name":"(anonymous_6)","decl":{"start":{"line":160,"column":90},"end":{"line":160,"column":91}},"loc":{"start":{"line":160,"column":95},"end":{"line":160,"column":115}},"line":160},"7":{"name":"(anonymous_7)","decl":{"start":{"line":164,"column":36},"end":{"line":164,"column":37}},"loc":{"start":{"line":164,"column":44},"end":{"line":164,"column":74}},"line":164},"8":{"name":"(anonymous_8)","decl":{"start":{"line":168,"column":39},"end":{"line":168,"column":40}},"loc":{"start":{"line":168,"column":47},"end":{"line":168,"column":85}},"line":168},"9":{"name":"(anonymous_9)","decl":{"start":{"line":172,"column":18},"end":{"line":172,"column":19}},"loc":{"start":{"line":172,"column":32},"end":{"line":183,"column":13}},"line":172},"10":{"name":"(anonymous_10)","decl":{"start":{"line":184,"column":19},"end":{"line":184,"column":20}},"loc":{"start":{"line":184,"column":33},"end":{"line":186,"column":13}},"line":184},"11":{"name":"(anonymous_11)","decl":{"start":{"line":190,"column":25},"end":{"line":190,"column":26}},"loc":{"start":{"line":190,"column":46},"end":{"line":201,"column":5}},"line":190},"12":{"name":"(anonymous_12)","decl":{"start":{"line":192,"column":27},"end":{"line":192,"column":28}},"loc":{"start":{"line":192,"column":53},"end":{"line":200,"column":9}},"line":192},"13":{"name":"(anonymous_13)","decl":{"start":{"line":193,"column":30},"end":{"line":193,"column":31}},"loc":{"start":{"line":193,"column":35},"end":{"line":193,"column":61}},"line":193},"14":{"name":"(anonymous_14)","decl":{"start":{"line":202,"column":29},"end":{"line":202,"column":30}},"loc":{"start":{"line":202,"column":62},"end":{"line":218,"column":5}},"line":202},"15":{"name":"(anonymous_15)","decl":{"start":{"line":205,"column":27},"end":{"line":205,"column":28}},"loc":{"start":{"line":205,"column":32},"end":{"line":205,"column":91}},"line":205},"16":{"name":"(anonymous_16)","decl":{"start":{"line":209,"column":25},"end":{"line":209,"column":26}},"loc":{"start":{"line":209,"column":30},"end":{"line":209,"column":52}},"line":209}},"branchMap":{"0":{"loc":{"start":{"line":213,"column":8},"end":{"line":215,"column":9}},"type":"if","locations":[{"start":{"line":213,"column":8},"end":{"line":215,"column":9}},{"start":{"line":213,"column":8},"end":{"line":215,"column":9}}],"line":213}},"s":{"0":0,"1":0,"2":0,"3":0,"4":0,"5":0,"6":0,"7":0,"8":0,"9":0,"10":0,"11":0,"12":0,"13":0,"14":0,"15":0,"16":0,"17":0,"18":0,"19":0,"20":0,"21":0,"22":0,"23":0,"24":0,"25":0,"26":0,"27":0,"28":0,"29":0,"30":0,"31":0,"32":0,"33":0,"34":0,"35":0,"36":0,"37":0,"38":0,"39":0,"40":0,"41":0,"42":0,"43":0,"44":0,"45":0,"46":0,"47":0,"48":0,"49":0,"50":0,"51":0,"52":0,"53":0,"54":0,"55":0,"56":0,"57":0,"58":0,"59":0,"60":0},"f":{"0":0,"1":0,"2":0,"3":0,"4":0,"5":0,"6":0,"7":0,"8":0,"9":0,"10":0,"11":0,"12":0,"13":0,"14":0,"15":0,"16":0},"b":{"0":[0,0]}},"D:\\Projects\\DoersProjects\\kdabra\\src\\API\\src\\OptionsAPI\\index.js":{"path":"D:\\Projects\\DoersProjects\\kdabra\\src\\API\\src\\OptionsAPI\\index.js","statementMap":{"0":{"start":{"line":1,"column":17},"end":{"line":1,"column":40}},"1":{"start":{"line":2,"column":0},"end":{"line":2,"column":28}}},"fnMap":{},"branchMap":{},"s":{"0":0,"1":0},"f":{},"b":{}},"D:\\Projects\\DoersProjects\\kdabra\\src\\API\\src\\OptionsAPI\\OptionsAPI.js":{"path":"D:\\Projects\\DoersProjects\\kdabra\\src\\API\\src\\OptionsAPI\\OptionsAPI.js","statementMap":{"0":{"start":{"line":2,"column":12},"end":{"line":2,"column":29}},"1":{"start":{"line":3,"column":26},"end":{"line":3,"column":76}},"2":{"start":{"line":5,"column":18},"end":{"line":20,"column":5}},"3":{"start":{"line":7,"column":25},"end":{"line":15,"column":5}},"4":{"start":{"line":8,"column":6},"end":{"line":14,"column":8}},"5":{"start":{"line":17,"column":4},"end":{"line":19,"column":5}},"6":{"start":{"line":22,"column":2},"end":{"line":22,"column":30}}},"fnMap":{"0":{"name":"(anonymous_0)","decl":{"start":{"line":5,"column":18},"end":{"line":5,"column":19}},"loc":{"start":{"line":5,"column":29},"end":{"line":20,"column":3}},"line":5},"1":{"name":"(anonymous_1)","decl":{"start":{"line":7,"column":25},"end":{"line":7,"column":26}},"loc":{"start":{"line":7,"column":36},"end":{"line":15,"column":5}},"line":7}},"branchMap":{},"s":{"0":0,"1":0,"2":0,"3":0,"4":0,"5":0,"6":0},"f":{"0":0,"1":0},"b":{}},"D:\\Projects\\DoersProjects\\kdabra\\src\\API\\src\\OptionsBusinessAPI\\index.js":{"path":"D:\\Projects\\DoersProjects\\kdabra\\src\\API\\src\\OptionsBusinessAPI\\index.js","statementMap":{"0":{"start":{"line":1,"column":25},"end":{"line":1,"column":56}},"1":{"start":{"line":2,"column":0},"end":{"line":2,"column":36}}},"fnMap":{},"branchMap":{},"s":{"0":0,"1":0},"f":{},"b":{}},"D:\\Projects\\DoersProjects\\kdabra\\src\\API\\src\\OptionsBusinessAPI\\OptionsBusinessAPI.js":{"path":"D:\\Projects\\DoersProjects\\kdabra\\src\\API\\src\\OptionsBusinessAPI\\OptionsBusinessAPI.js","statementMap":{"0":{"start":{"line":2,"column":12},"end":{"line":2,"column":29}},"1":{"start":{"line":3,"column":34},"end":{"line":3,"column":92}},"2":{"start":{"line":5,"column":26},"end":{"line":48,"column":5}},"3":{"start":{"line":7,"column":32},"end":{"line":15,"column":5}},"4":{"start":{"line":8,"column":6},"end":{"line":14,"column":8}},"5":{"start":{"line":17,"column":38},"end":{"line":30,"column":5}},"6":{"start":{"line":18,"column":6},"end":{"line":29,"column":7}},"7":{"start":{"line":22,"column":8},"end":{"line":28,"column":10}},"8":{"start":{"line":32,"column":33},"end":{"line":41,"column":5}},"9":{"start":{"line":33,"column":6},"end":{"line":40,"column":8}},"10":{"start":{"line":43,"column":4},"end":{"line":47,"column":5}},"11":{"start":{"line":50,"column":2},"end":{"line":50,"column":38}}},"fnMap":{"0":{"name":"(anonymous_0)","decl":{"start":{"line":5,"column":26},"end":{"line":5,"column":27}},"loc":{"start":{"line":5,"column":37},"end":{"line":48,"column":3}},"line":5},"1":{"name":"(anonymous_1)","decl":{"start":{"line":7,"column":32},"end":{"line":7,"column":33}},"loc":{"start":{"line":7,"column":46},"end":{"line":15,"column":5}},"line":7},"2":{"name":"(anonymous_2)","decl":{"start":{"line":17,"column":38},"end":{"line":17,"column":39}},"loc":{"start":{"line":17,"column":69},"end":{"line":30,"column":5}},"line":17},"3":{"name":"(anonymous_3)","decl":{"start":{"line":32,"column":33},"end":{"line":32,"column":34}},"loc":{"start":{"line":32,"column":47},"end":{"line":41,"column":5}},"line":32}},"branchMap":{"0":{"loc":{"start":{"line":18,"column":6},"end":{"line":29,"column":7}},"type":"if","locations":[{"start":{"line":18,"column":6},"end":{"line":29,"column":7}},{"start":{"line":18,"column":6},"end":{"line":29,"column":7}}],"line":18},"1":{"loc":{"start":{"line":18,"column":9},"end":{"line":18,"column":26}},"type":"binary-expr","locations":[{"start":{"line":18,"column":9},"end":{"line":18,"column":16}},{"start":{"line":18,"column":20},"end":{"line":18,"column":26}}],"line":18}},"s":{"0":0,"1":0,"2":0,"3":0,"4":0,"5":0,"6":0,"7":0,"8":0,"9":0,"10":0,"11":0},"f":{"0":0,"1":0,"2":0,"3":0},"b":{"0":[0,0],"1":[0,0]}},"D:\\Projects\\DoersProjects\\kdabra\\src\\API\\src\\ProspectsAPI\\index.js":{"path":"D:\\Projects\\DoersProjects\\kdabra\\src\\API\\src\\ProspectsAPI\\index.js","statementMap":{"0":{"start":{"line":1,"column":19},"end":{"line":1,"column":44}},"1":{"start":{"line":2,"column":0},"end":{"line":2,"column":30}}},"fnMap":{},"branchMap":{},"s":{"0":0,"1":0},"f":{},"b":{}},"D:\\Projects\\DoersProjects\\kdabra\\src\\API\\src\\ProspectsAPI\\ProspectsAPI.js":{"path":"D:\\Projects\\DoersProjects\\kdabra\\src\\API\\src\\ProspectsAPI\\ProspectsAPI.js","statementMap":{"0":{"start":{"line":2,"column":12},"end":{"line":2,"column":28}},"1":{"start":{"line":3,"column":27},"end":{"line":3,"column":87}},"2":{"start":{"line":5,"column":19},"end":{"line":33,"column":3}},"3":{"start":{"line":7,"column":27},"end":{"line":17,"column":5}},"4":{"start":{"line":8,"column":8},"end":{"line":15,"column":11}},"5":{"start":{"line":19,"column":26},"end":{"line":26,"column":5}},"6":{"start":{"line":20,"column":8},"end":{"line":24,"column":11}},"7":{"start":{"line":28,"column":4},"end":{"line":31,"column":5}},"8":{"start":{"line":35,"column":0},"end":{"line":35,"column":30}}},"fnMap":{"0":{"name":"(anonymous_0)","decl":{"start":{"line":5,"column":19},"end":{"line":5,"column":20}},"loc":{"start":{"line":5,"column":30},"end":{"line":33,"column":1}},"line":5},"1":{"name":"(anonymous_1)","decl":{"start":{"line":7,"column":27},"end":{"line":7,"column":28}},"loc":{"start":{"line":7,"column":52},"end":{"line":17,"column":5}},"line":7},"2":{"name":"(anonymous_2)","decl":{"start":{"line":19,"column":26},"end":{"line":19,"column":27}},"loc":{"start":{"line":19,"column":37},"end":{"line":26,"column":5}},"line":19}},"branchMap":{},"s":{"0":0,"1":0,"2":0,"3":0,"4":0,"5":0,"6":0,"7":0,"8":0},"f":{"0":0,"1":0,"2":0},"b":{}},"D:\\Projects\\DoersProjects\\kdabra\\src\\API\\src\\ProspectsAPI\\test.js":{"path":"D:\\Projects\\DoersProjects\\kdabra\\src\\API\\src\\ProspectsAPI\\test.js","statementMap":{"0":{"start":{"line":1,"column":19},"end":{"line":1,"column":44}},"1":{"start":{"line":3,"column":0},"end":{"line":5,"column":2}},"2":{"start":{"line":4,"column":4},"end":{"line":4,"column":28}}},"fnMap":{"0":{"name":"(anonymous_0)","decl":{"start":{"line":3,"column":65},"end":{"line":3,"column":66}},"loc":{"start":{"line":3,"column":74},"end":{"line":5,"column":1}},"line":3}},"branchMap":{},"s":{"0":0,"1":0,"2":0},"f":{"0":0},"b":{}},"D:\\Projects\\DoersProjects\\kdabra\\src\\API\\src\\TrackAPI\\index.js":{"path":"D:\\Projects\\DoersProjects\\kdabra\\src\\API\\src\\TrackAPI\\index.js","statementMap":{"0":{"start":{"line":1,"column":15},"end":{"line":1,"column":36}},"1":{"start":{"line":2,"column":0},"end":{"line":2,"column":26}}},"fnMap":{},"branchMap":{},"s":{"0":0,"1":0},"f":{},"b":{}},"D:\\Projects\\DoersProjects\\kdabra\\src\\API\\src\\TrackAPI\\TrackAPI.js":{"path":"D:\\Projects\\DoersProjects\\kdabra\\src\\API\\src\\TrackAPI\\TrackAPI.js","statementMap":{"0":{"start":{"line":4,"column":12},"end":{"line":4,"column":28}},"1":{"start":{"line":6,"column":24},"end":{"line":6,"column":72}},"2":{"start":{"line":8,"column":15},"end":{"line":26,"column":3}},"3":{"start":{"line":10,"column":26},"end":{"line":21,"column":5}},"4":{"start":{"line":11,"column":6},"end":{"line":20,"column":10}},"5":{"start":{"line":23,"column":4},"end":{"line":25,"column":5}},"6":{"start":{"line":28,"column":0},"end":{"line":28,"column":26}}},"fnMap":{"0":{"name":"(anonymous_0)","decl":{"start":{"line":8,"column":15},"end":{"line":8,"column":16}},"loc":{"start":{"line":8,"column":25},"end":{"line":26,"column":1}},"line":8},"1":{"name":"(anonymous_1)","decl":{"start":{"line":10,"column":26},"end":{"line":10,"column":27}},"loc":{"start":{"line":10,"column":42},"end":{"line":21,"column":5}},"line":10}},"branchMap":{},"s":{"0":0,"1":0,"2":0,"3":0,"4":0,"5":0,"6":0},"f":{"0":0,"1":0},"b":{}},"D:\\Projects\\DoersProjects\\kdabra\\src\\API\\test\\BusinessAPI\\BusinessAPI_test.js":{"path":"D:\\Projects\\DoersProjects\\kdabra\\src\\API\\test\\BusinessAPI\\BusinessAPI_test.js","statementMap":{"0":{"start":{"line":1,"column":18},"end":{"line":1,"column":51}},"1":{"start":{"line":2,"column":11},"end":{"line":2,"column":26}},"2":{"start":{"line":3,"column":21},"end":{"line":3,"column":48}},"3":{"start":{"line":4,"column":0},"end":{"line":4,"column":25}},"4":{"start":{"line":5,"column":0},"end":{"line":5,"column":14}},"5":{"start":{"line":6,"column":13},"end":{"line":6,"column":24}},"6":{"start":{"line":8,"column":0},"end":{"line":10,"column":2}},"7":{"start":{"line":9,"column":2},"end":{"line":9,"column":51}},"8":{"start":{"line":12,"column":0},"end":{"line":76,"column":3}},"9":{"start":{"line":13,"column":2},"end":{"line":33,"column":5}},"10":{"start":{"line":14,"column":4},"end":{"line":22,"column":6}},"11":{"start":{"line":16,"column":8},"end":{"line":20,"column":31}},"12":{"start":{"line":19,"column":10},"end":{"line":19,"column":49}},"13":{"start":{"line":24,"column":4},"end":{"line":32,"column":6}},"14":{"start":{"line":26,"column":8},"end":{"line":30,"column":31}},"15":{"start":{"line":29,"column":10},"end":{"line":29,"column":49}},"16":{"start":{"line":35,"column":2},"end":{"line":74,"column":5}},"17":{"start":{"line":36,"column":4},"end":{"line":46,"column":6}},"18":{"start":{"line":38,"column":10},"end":{"line":44,"column":33}},"19":{"start":{"line":43,"column":12},"end":{"line":43,"column":51}},"20":{"start":{"line":48,"column":4},"end":{"line":59,"column":6}},"21":{"start":{"line":50,"column":8},"end":{"line":57,"column":31}},"22":{"start":{"line":55,"column":10},"end":{"line":55,"column":49}},"23":{"start":{"line":56,"column":10},"end":{"line":56,"column":71}},"24":{"start":{"line":61,"column":4},"end":{"line":72,"column":6}},"25":{"start":{"line":63,"column":8},"end":{"line":70,"column":31}},"26":{"start":{"line":68,"column":10},"end":{"line":68,"column":49}},"27":{"start":{"line":69,"column":10},"end":{"line":69,"column":71}}},"fnMap":{"0":{"name":"(anonymous_0)","decl":{"start":{"line":8,"column":33},"end":{"line":8,"column":34}},"loc":{"start":{"line":8,"column":45},"end":{"line":10,"column":1}},"line":8},"1":{"name":"(anonymous_1)","decl":{"start":{"line":12,"column":24},"end":{"line":12,"column":25}},"loc":{"start":{"line":12,"column":35},"end":{"line":76,"column":1}},"line":12},"2":{"name":"(anonymous_2)","decl":{"start":{"line":13,"column":27},"end":{"line":13,"column":28}},"loc":{"start":{"line":13,"column":38},"end":{"line":33,"column":3}},"line":13},"3":{"name":"(anonymous_3)","decl":{"start":{"line":15,"column":6},"end":{"line":15,"column":7}},"loc":{"start":{"line":15,"column":16},"end":{"line":21,"column":7}},"line":15},"4":{"name":"(anonymous_4)","decl":{"start":{"line":18,"column":36},"end":{"line":18,"column":37}},"loc":{"start":{"line":18,"column":45},"end":{"line":20,"column":9}},"line":18},"5":{"name":"(anonymous_5)","decl":{"start":{"line":25,"column":6},"end":{"line":25,"column":7}},"loc":{"start":{"line":25,"column":16},"end":{"line":31,"column":7}},"line":25},"6":{"name":"(anonymous_6)","decl":{"start":{"line":28,"column":36},"end":{"line":28,"column":37}},"loc":{"start":{"line":28,"column":45},"end":{"line":30,"column":9}},"line":28},"7":{"name":"(anonymous_7)","decl":{"start":{"line":35,"column":27},"end":{"line":35,"column":28}},"loc":{"start":{"line":35,"column":38},"end":{"line":74,"column":3}},"line":35},"8":{"name":"(anonymous_8)","decl":{"start":{"line":37,"column":8},"end":{"line":37,"column":9}},"loc":{"start":{"line":37,"column":18},"end":{"line":45,"column":9}},"line":37},"9":{"name":"(anonymous_9)","decl":{"start":{"line":42,"column":38},"end":{"line":42,"column":39}},"loc":{"start":{"line":42,"column":47},"end":{"line":44,"column":11}},"line":42},"10":{"name":"(anonymous_10)","decl":{"start":{"line":49,"column":6},"end":{"line":49,"column":7}},"loc":{"start":{"line":49,"column":16},"end":{"line":58,"column":7}},"line":49},"11":{"name":"(anonymous_11)","decl":{"start":{"line":54,"column":36},"end":{"line":54,"column":37}},"loc":{"start":{"line":54,"column":45},"end":{"line":57,"column":9}},"line":54},"12":{"name":"(anonymous_12)","decl":{"start":{"line":62,"column":6},"end":{"line":62,"column":7}},"loc":{"start":{"line":62,"column":16},"end":{"line":71,"column":7}},"line":62},"13":{"name":"(anonymous_13)","decl":{"start":{"line":67,"column":36},"end":{"line":67,"column":37}},"loc":{"start":{"line":67,"column":45},"end":{"line":70,"column":9}},"line":67}},"branchMap":{},"s":{"0":0,"1":0,"2":0,"3":0,"4":0,"5":0,"6":0,"7":0,"8":0,"9":0,"10":0,"11":0,"12":0,"13":0,"14":0,"15":0,"16":0,"17":0,"18":0,"19":0,"20":0,"21":0,"22":0,"23":0,"24":0,"25":0,"26":0,"27":0},"f":{"0":0,"1":0,"2":0,"3":0,"4":0,"5":0,"6":0,"7":0,"8":0,"9":0,"10":0,"11":0,"12":0,"13":0},"b":{}},"D:\\Projects\\DoersProjects\\kdabra\\src\\API\\test\\MessagesAPI\\MessagesAPI_test.js":{"path":"D:\\Projects\\DoersProjects\\kdabra\\src\\API\\test\\MessagesAPI\\MessagesAPI_test.js","statementMap":{"0":{"start":{"line":1,"column":18},"end":{"line":1,"column":51}},"1":{"start":{"line":2,"column":11},"end":{"line":2,"column":26}},"2":{"start":{"line":3,"column":21},"end":{"line":3,"column":48}},"3":{"start":{"line":4,"column":0},"end":{"line":4,"column":25}},"4":{"start":{"line":5,"column":0},"end":{"line":5,"column":14}},"5":{"start":{"line":6,"column":13},"end":{"line":6,"column":24}},"6":{"start":{"line":8,"column":0},"end":{"line":10,"column":2}},"7":{"start":{"line":9,"column":2},"end":{"line":9,"column":51}},"8":{"start":{"line":12,"column":0},"end":{"line":82,"column":3}},"9":{"start":{"line":13,"column":2},"end":{"line":35,"column":5}},"10":{"start":{"line":14,"column":4},"end":{"line":33,"column":6}},"11":{"start":{"line":18,"column":8},"end":{"line":31,"column":31}},"12":{"start":{"line":22,"column":10},"end":{"line":22,"column":49}},"13":{"start":{"line":23,"column":10},"end":{"line":23,"column":54}},"14":{"start":{"line":24,"column":10},"end":{"line":24,"column":57}},"15":{"start":{"line":25,"column":10},"end":{"line":25,"column":51}},"16":{"start":{"line":26,"column":10},"end":{"line":26,"column":54}},"17":{"start":{"line":27,"column":10},"end":{"line":27,"column":55}},"18":{"start":{"line":28,"column":10},"end":{"line":28,"column":55}},"19":{"start":{"line":29,"column":10},"end":{"line":29,"column":50}},"20":{"start":{"line":30,"column":10},"end":{"line":30,"column":50}},"21":{"start":{"line":37,"column":2},"end":{"line":80,"column":5}},"22":{"start":{"line":38,"column":4},"end":{"line":58,"column":6}},"23":{"start":{"line":42,"column":12},"end":{"line":56,"column":33}},"24":{"start":{"line":46,"column":16},"end":{"line":46,"column":59}},"25":{"start":{"line":47,"column":16},"end":{"line":47,"column":62}},"26":{"start":{"line":48,"column":16},"end":{"line":48,"column":56}},"27":{"start":{"line":49,"column":16},"end":{"line":49,"column":145}},"28":{"start":{"line":50,"column":16},"end":{"line":50,"column":59}},"29":{"start":{"line":51,"column":16},"end":{"line":51,"column":62}},"30":{"start":{"line":52,"column":16},"end":{"line":52,"column":60}},"31":{"start":{"line":53,"column":16},"end":{"line":53,"column":55}},"32":{"start":{"line":54,"column":16},"end":{"line":54,"column":55}},"33":{"start":{"line":59,"column":4},"end":{"line":79,"column":6}},"34":{"start":{"line":63,"column":12},"end":{"line":77,"column":33}},"35":{"start":{"line":67,"column":16},"end":{"line":67,"column":59}},"36":{"start":{"line":68,"column":16},"end":{"line":68,"column":62}},"37":{"start":{"line":69,"column":16},"end":{"line":69,"column":56}},"38":{"start":{"line":70,"column":16},"end":{"line":70,"column":169}},"39":{"start":{"line":71,"column":16},"end":{"line":71,"column":59}},"40":{"start":{"line":72,"column":16},"end":{"line":72,"column":62}},"41":{"start":{"line":73,"column":16},"end":{"line":73,"column":60}},"42":{"start":{"line":74,"column":16},"end":{"line":74,"column":55}},"43":{"start":{"line":75,"column":16},"end":{"line":75,"column":55}}},"fnMap":{"0":{"name":"(anonymous_0)","decl":{"start":{"line":8,"column":33},"end":{"line":8,"column":34}},"loc":{"start":{"line":8,"column":45},"end":{"line":10,"column":1}},"line":8},"1":{"name":"(anonymous_1)","decl":{"start":{"line":12,"column":24},"end":{"line":12,"column":25}},"loc":{"start":{"line":12,"column":35},"end":{"line":82,"column":1}},"line":12},"2":{"name":"(anonymous_2)","decl":{"start":{"line":13,"column":26},"end":{"line":13,"column":27}},"loc":{"start":{"line":13,"column":37},"end":{"line":35,"column":3}},"line":13},"3":{"name":"(anonymous_3)","decl":{"start":{"line":17,"column":6},"end":{"line":17,"column":7}},"loc":{"start":{"line":17,"column":16},"end":{"line":32,"column":7}},"line":17},"4":{"name":"(anonymous_4)","decl":{"start":{"line":21,"column":36},"end":{"line":21,"column":37}},"loc":{"start":{"line":21,"column":45},"end":{"line":31,"column":9}},"line":21},"5":{"name":"(anonymous_5)","decl":{"start":{"line":37,"column":39},"end":{"line":37,"column":40}},"loc":{"start":{"line":37,"column":50},"end":{"line":80,"column":3}},"line":37},"6":{"name":"(anonymous_6)","decl":{"start":{"line":41,"column":8},"end":{"line":41,"column":9}},"loc":{"start":{"line":41,"column":18},"end":{"line":57,"column":7}},"line":41},"7":{"name":"(anonymous_7)","decl":{"start":{"line":45,"column":39},"end":{"line":45,"column":40}},"loc":{"start":{"line":45,"column":52},"end":{"line":55,"column":13}},"line":45},"8":{"name":"(anonymous_8)","decl":{"start":{"line":62,"column":8},"end":{"line":62,"column":9}},"loc":{"start":{"line":62,"column":18},"end":{"line":78,"column":7}},"line":62},"9":{"name":"(anonymous_9)","decl":{"start":{"line":66,"column":39},"end":{"line":66,"column":40}},"loc":{"start":{"line":66,"column":52},"end":{"line":76,"column":13}},"line":66}},"branchMap":{},"s":{"0":0,"1":0,"2":0,"3":0,"4":0,"5":0,"6":0,"7":0,"8":0,"9":0,"10":0,"11":0,"12":0,"13":0,"14":0,"15":0,"16":0,"17":0,"18":0,"19":0,"20":0,"21":0,"22":0,"23":0,"24":0,"25":0,"26":0,"27":0,"28":0,"29":0,"30":0,"31":0,"32":0,"33":0,"34":0,"35":0,"36":0,"37":0,"38":0,"39":0,"40":0,"41":0,"42":0,"43":0},"f":{"0":0,"1":0,"2":0,"3":0,"4":0,"5":0,"6":0,"7":0,"8":0,"9":0},"b":{}},"D:\\Projects\\DoersProjects\\kdabra\\src\\API\\test\\OptionsAPI\\OptionsAPI_test.js":{"path":"D:\\Projects\\DoersProjects\\kdabra\\src\\API\\test\\OptionsAPI\\OptionsAPI_test.js","statementMap":{"0":{"start":{"line":1,"column":17},"end":{"line":1,"column":49}},"1":{"start":{"line":2,"column":11},"end":{"line":2,"column":26}},"2":{"start":{"line":3,"column":21},"end":{"line":3,"column":48}},"3":{"start":{"line":4,"column":0},"end":{"line":4,"column":25}},"4":{"start":{"line":5,"column":0},"end":{"line":5,"column":14}},"5":{"start":{"line":6,"column":13},"end":{"line":6,"column":24}},"6":{"start":{"line":8,"column":0},"end":{"line":10,"column":2}},"7":{"start":{"line":9,"column":2},"end":{"line":9,"column":51}},"8":{"start":{"line":12,"column":0},"end":{"line":47,"column":3}},"9":{"start":{"line":13,"column":2},"end":{"line":45,"column":5}},"10":{"start":{"line":14,"column":4},"end":{"line":21,"column":6}},"11":{"start":{"line":16,"column":8},"end":{"line":19,"column":31}},"12":{"start":{"line":18,"column":10},"end":{"line":18,"column":49}},"13":{"start":{"line":23,"column":4},"end":{"line":30,"column":6}},"14":{"start":{"line":25,"column":8},"end":{"line":28,"column":31}},"15":{"start":{"line":27,"column":10},"end":{"line":27,"column":56}},"16":{"start":{"line":32,"column":4},"end":{"line":43,"column":6}},"17":{"start":{"line":34,"column":8},"end":{"line":41,"column":31}},"18":{"start":{"line":36,"column":12},"end":{"line":36,"column":57}},"19":{"start":{"line":37,"column":12},"end":{"line":40,"column":15}},"20":{"start":{"line":38,"column":16},"end":{"line":38,"column":58}},"21":{"start":{"line":39,"column":16},"end":{"line":39,"column":61}}},"fnMap":{"0":{"name":"(anonymous_0)","decl":{"start":{"line":8,"column":33},"end":{"line":8,"column":34}},"loc":{"start":{"line":8,"column":45},"end":{"line":10,"column":1}},"line":8},"1":{"name":"(anonymous_1)","decl":{"start":{"line":12,"column":23},"end":{"line":12,"column":24}},"loc":{"start":{"line":12,"column":34},"end":{"line":47,"column":1}},"line":12},"2":{"name":"(anonymous_2)","decl":{"start":{"line":13,"column":26},"end":{"line":13,"column":27}},"loc":{"start":{"line":13,"column":37},"end":{"line":45,"column":3}},"line":13},"3":{"name":"(anonymous_3)","decl":{"start":{"line":15,"column":6},"end":{"line":15,"column":7}},"loc":{"start":{"line":15,"column":16},"end":{"line":20,"column":7}},"line":15},"4":{"name":"(anonymous_4)","decl":{"start":{"line":17,"column":34},"end":{"line":17,"column":35}},"loc":{"start":{"line":17,"column":43},"end":{"line":19,"column":9}},"line":17},"5":{"name":"(anonymous_5)","decl":{"start":{"line":24,"column":6},"end":{"line":24,"column":7}},"loc":{"start":{"line":24,"column":16},"end":{"line":29,"column":7}},"line":24},"6":{"name":"(anonymous_6)","decl":{"start":{"line":26,"column":34},"end":{"line":26,"column":35}},"loc":{"start":{"line":26,"column":43},"end":{"line":28,"column":9}},"line":26},"7":{"name":"(anonymous_7)","decl":{"start":{"line":33,"column":6},"end":{"line":33,"column":7}},"loc":{"start":{"line":33,"column":16},"end":{"line":42,"column":7}},"line":33},"8":{"name":"(anonymous_8)","decl":{"start":{"line":35,"column":34},"end":{"line":35,"column":35}},"loc":{"start":{"line":35,"column":43},"end":{"line":41,"column":9}},"line":35},"9":{"name":"(anonymous_9)","decl":{"start":{"line":37,"column":42},"end":{"line":37,"column":43}},"loc":{"start":{"line":37,"column":53},"end":{"line":40,"column":13}},"line":37}},"branchMap":{},"s":{"0":0,"1":0,"2":0,"3":0,"4":0,"5":0,"6":0,"7":0,"8":0,"9":0,"10":0,"11":0,"12":0,"13":0,"14":0,"15":0,"16":0,"17":0,"18":0,"19":0,"20":0,"21":0},"f":{"0":0,"1":0,"2":0,"3":0,"4":0,"5":0,"6":0,"7":0,"8":0,"9":0},"b":{}},"D:\\Projects\\DoersProjects\\kdabra\\src\\API\\test\\OptionsBusinessAPI\\OptionsBusinessAPI_test.js":{"path":"D:\\Projects\\DoersProjects\\kdabra\\src\\API\\test\\OptionsBusinessAPI\\OptionsBusinessAPI_test.js","statementMap":{"0":{"start":{"line":1,"column":25},"end":{"line":1,"column":65}},"1":{"start":{"line":2,"column":11},"end":{"line":2,"column":26}},"2":{"start":{"line":3,"column":21},"end":{"line":3,"column":48}},"3":{"start":{"line":4,"column":0},"end":{"line":4,"column":25}},"4":{"start":{"line":5,"column":0},"end":{"line":5,"column":14}},"5":{"start":{"line":6,"column":13},"end":{"line":6,"column":24}},"6":{"start":{"line":8,"column":0},"end":{"line":10,"column":2}},"7":{"start":{"line":9,"column":2},"end":{"line":9,"column":51}},"8":{"start":{"line":12,"column":0},"end":{"line":71,"column":3}},"9":{"start":{"line":13,"column":2},"end":{"line":69,"column":5}},"10":{"start":{"line":14,"column":4},"end":{"line":24,"column":6}},"11":{"start":{"line":16,"column":18},"end":{"line":16,"column":20}},"12":{"start":{"line":17,"column":8},"end":{"line":17,"column":35}},"13":{"start":{"line":19,"column":8},"end":{"line":22,"column":31}},"14":{"start":{"line":21,"column":10},"end":{"line":21,"column":49}},"15":{"start":{"line":26,"column":4},"end":{"line":37,"column":6}},"16":{"start":{"line":28,"column":18},"end":{"line":28,"column":20}},"17":{"start":{"line":29,"column":8},"end":{"line":29,"column":35}},"18":{"start":{"line":31,"column":8},"end":{"line":35,"column":31}},"19":{"start":{"line":33,"column":10},"end":{"line":33,"column":56}},"20":{"start":{"line":34,"column":10},"end":{"line":34,"column":55}},"21":{"start":{"line":39,"column":4},"end":{"line":53,"column":6}},"22":{"start":{"line":41,"column":18},"end":{"line":41,"column":20}},"23":{"start":{"line":42,"column":8},"end":{"line":42,"column":35}},"24":{"start":{"line":44,"column":8},"end":{"line":51,"column":31}},"25":{"start":{"line":46,"column":10},"end":{"line":46,"column":55}},"26":{"start":{"line":47,"column":10},"end":{"line":50,"column":13}},"27":{"start":{"line":48,"column":12},"end":{"line":48,"column":54}},"28":{"start":{"line":49,"column":12},"end":{"line":49,"column":57}},"29":{"start":{"line":55,"column":4},"end":{"line":67,"column":6}},"30":{"start":{"line":57,"column":18},"end":{"line":57,"column":20}},"31":{"start":{"line":58,"column":8},"end":{"line":58,"column":35}},"32":{"start":{"line":59,"column":8},"end":{"line":59,"column":34}},"33":{"start":{"line":60,"column":8},"end":{"line":60,"column":64}},"34":{"start":{"line":62,"column":8},"end":{"line":65,"column":31}},"35":{"start":{"line":64,"column":10},"end":{"line":64,"column":49}}},"fnMap":{"0":{"name":"(anonymous_0)","decl":{"start":{"line":8,"column":33},"end":{"line":8,"column":34}},"loc":{"start":{"line":8,"column":45},"end":{"line":10,"column":1}},"line":8},"1":{"name":"(anonymous_1)","decl":{"start":{"line":12,"column":31},"end":{"line":12,"column":32}},"loc":{"start":{"line":12,"column":42},"end":{"line":71,"column":1}},"line":12},"2":{"name":"(anonymous_2)","decl":{"start":{"line":13,"column":26},"end":{"line":13,"column":27}},"loc":{"start":{"line":13,"column":37},"end":{"line":69,"column":3}},"line":13},"3":{"name":"(anonymous_3)","decl":{"start":{"line":15,"column":6},"end":{"line":15,"column":7}},"loc":{"start":{"line":15,"column":16},"end":{"line":23,"column":7}},"line":15},"4":{"name":"(anonymous_4)","decl":{"start":{"line":20,"column":34},"end":{"line":20,"column":35}},"loc":{"start":{"line":20,"column":43},"end":{"line":22,"column":9}},"line":20},"5":{"name":"(anonymous_5)","decl":{"start":{"line":27,"column":6},"end":{"line":27,"column":7}},"loc":{"start":{"line":27,"column":16},"end":{"line":36,"column":7}},"line":27},"6":{"name":"(anonymous_6)","decl":{"start":{"line":32,"column":34},"end":{"line":32,"column":35}},"loc":{"start":{"line":32,"column":43},"end":{"line":35,"column":9}},"line":32},"7":{"name":"(anonymous_7)","decl":{"start":{"line":40,"column":6},"end":{"line":40,"column":7}},"loc":{"start":{"line":40,"column":16},"end":{"line":52,"column":7}},"line":40},"8":{"name":"(anonymous_8)","decl":{"start":{"line":45,"column":34},"end":{"line":45,"column":35}},"loc":{"start":{"line":45,"column":43},"end":{"line":51,"column":9}},"line":45},"9":{"name":"(anonymous_9)","decl":{"start":{"line":47,"column":40},"end":{"line":47,"column":41}},"loc":{"start":{"line":47,"column":51},"end":{"line":50,"column":11}},"line":47},"10":{"name":"(anonymous_10)","decl":{"start":{"line":56,"column":6},"end":{"line":56,"column":7}},"loc":{"start":{"line":56,"column":16},"end":{"line":66,"column":7}},"line":56},"11":{"name":"(anonymous_11)","decl":{"start":{"line":63,"column":34},"end":{"line":63,"column":35}},"loc":{"start":{"line":63,"column":43},"end":{"line":65,"column":9}},"line":63}},"branchMap":{},"s":{"0":0,"1":0,"2":0,"3":0,"4":0,"5":0,"6":0,"7":0,"8":0,"9":0,"10":0,"11":0,"12":0,"13":0,"14":0,"15":0,"16":0,"17":0,"18":0,"19":0,"20":0,"21":0,"22":0,"23":0,"24":0,"25":0,"26":0,"27":0,"28":0,"29":0,"30":0,"31":0,"32":0,"33":0,"34":0,"35":0},"f":{"0":0,"1":0,"2":0,"3":0,"4":0,"5":0,"6":0,"7":0,"8":0,"9":0,"10":0,"11":0},"b":{}},"D:\\Projects\\DoersProjects\\kdabra\\src\\AppContainer.js":{"path":"D:\\Projects\\DoersProjects\\kdabra\\src\\AppContainer.js","statementMap":{"0":{"start":{"line":14,"column":8},"end":{"line":20,"column":16}},"1":{"start":{"line":15,"column":26},"end":{"line":15,"column":67}},"2":{"start":{"line":16,"column":12},"end":{"line":16,"column":46}},"3":{"start":{"line":17,"column":30},"end":{"line":17,"column":61}},"4":{"start":{"line":18,"column":12},"end":{"line":18,"column":48}},"5":{"start":{"line":24,"column":8},"end":{"line":24,"column":57}},"6":{"start":{"line":28,"column":8},"end":{"line":34,"column":10}}},"fnMap":{"0":{"name":"(anonymous_0)","decl":{"start":{"line":13,"column":4},"end":{"line":13,"column":5}},"loc":{"start":{"line":13,"column":17},"end":{"line":21,"column":5}},"line":13},"1":{"name":"(anonymous_1)","decl":{"start":{"line":14,"column":19},"end":{"line":14,"column":20}},"loc":{"start":{"line":14,"column":30},"end":{"line":19,"column":9}},"line":14},"2":{"name":"(anonymous_2)","decl":{"start":{"line":23,"column":4},"end":{"line":23,"column":5}},"loc":{"start":{"line":23,"column":24},"end":{"line":25,"column":5}},"line":23},"3":{"name":"(anonymous_3)","decl":{"start":{"line":27,"column":4},"end":{"line":27,"column":5}},"loc":{"start":{"line":27,"column":13},"end":{"line":35,"column":5}},"line":27}},"branchMap":{},"s":{"0":0,"1":0,"2":0,"3":0,"4":0,"5":0,"6":0},"f":{"0":0,"1":0,"2":0,"3":0},"b":{}},"D:\\Projects\\DoersProjects\\kdabra\\src\\BlankFile.js":{"path":"D:\\Projects\\DoersProjects\\kdabra\\src\\BlankFile.js","statementMap":{},"fnMap":{},"branchMap":{},"s":{},"f":{},"b":{}},"D:\\Projects\\DoersProjects\\kdabra\\src\\Commons\\Conversation.js":{"path":"D:\\Projects\\DoersProjects\\kdabra\\src\\Commons\\Conversation.js","statementMap":{"0":{"start":{"line":19,"column":8},"end":{"line":28,"column":9}},"1":{"start":{"line":20,"column":12},"end":{"line":24,"column":14}},"2":{"start":{"line":27,"column":12},"end":{"line":27,"column":24}},"3":{"start":{"line":32,"column":8},"end":{"line":61,"column":10}}},"fnMap":{"0":{"name":"(anonymous_0)","decl":{"start":{"line":18,"column":4},"end":{"line":18,"column":5}},"loc":{"start":{"line":18,"column":37},"end":{"line":29,"column":5}},"line":18},"1":{"name":"(anonymous_1)","decl":{"start":{"line":31,"column":4},"end":{"line":31,"column":5}},"loc":{"start":{"line":31,"column":13},"end":{"line":62,"column":5}},"line":31}},"branchMap":{"0":{"loc":{"start":{"line":19,"column":8},"end":{"line":28,"column":9}},"type":"if","locations":[{"start":{"line":19,"column":8},"end":{"line":28,"column":9}},{"start":{"line":19,"column":8},"end":{"line":28,"column":9}}],"line":19}},"s":{"0":0,"1":0,"2":0,"3":0},"f":{"0":0,"1":0},"b":{"0":[0,0]}},"D:\\Projects\\DoersProjects\\kdabra\\src\\Commons\\ConversationContainer.js":{"path":"D:\\Projects\\DoersProjects\\kdabra\\src\\Commons\\ConversationContainer.js","statementMap":{"0":{"start":{"line":17,"column":8},"end":{"line":19,"column":59}},"1":{"start":{"line":23,"column":25},"end":{"line":23,"column":39}},"2":{"start":{"line":24,"column":4},"end":{"line":24,"column":24}}},"fnMap":{"0":{"name":"(anonymous_0)","decl":{"start":{"line":16,"column":4},"end":{"line":16,"column":5}},"loc":{"start":{"line":16,"column":13},"end":{"line":20,"column":5}},"line":16},"1":{"name":"mapStateToProps","decl":{"start":{"line":22,"column":9},"end":{"line":22,"column":24}},"loc":{"start":{"line":22,"column":32},"end":{"line":25,"column":1}},"line":22}},"branchMap":{},"s":{"0":0,"1":0,"2":0},"f":{"0":0,"1":0},"b":{}},"D:\\Projects\\DoersProjects\\kdabra\\src\\Commons\\Loading.js":{"path":"D:\\Projects\\DoersProjects\\kdabra\\src\\Commons\\Loading.js","statementMap":{"0":{"start":{"line":17,"column":8},"end":{"line":28,"column":9}},"1":{"start":{"line":18,"column":12},"end":{"line":24,"column":14}},"2":{"start":{"line":27,"column":12},"end":{"line":27,"column":24}}},"fnMap":{"0":{"name":"(anonymous_0)","decl":{"start":{"line":16,"column":4},"end":{"line":16,"column":5}},"loc":{"start":{"line":16,"column":13},"end":{"line":29,"column":5}},"line":16}},"branchMap":{"0":{"loc":{"start":{"line":17,"column":8},"end":{"line":28,"column":9}},"type":"if","locations":[{"start":{"line":17,"column":8},"end":{"line":28,"column":9}},{"start":{"line":17,"column":8},"end":{"line":28,"column":9}}],"line":17}},"s":{"0":0,"1":0,"2":0},"f":{"0":0},"b":{"0":[0,0]}},"D:\\Projects\\DoersProjects\\kdabra\\src\\Commons\\LoadingContainer.js":{"path":"D:\\Projects\\DoersProjects\\kdabra\\src\\Commons\\LoadingContainer.js","statementMap":{"0":{"start":{"line":15,"column":28},"end":{"line":15,"column":42}},"1":{"start":{"line":17,"column":4},"end":{"line":19,"column":5}},"2":{"start":{"line":23,"column":8},"end":{"line":25,"column":10}}},"fnMap":{"0":{"name":"mapStateToProps","decl":{"start":{"line":14,"column":9},"end":{"line":14,"column":24}},"loc":{"start":{"line":14,"column":31},"end":{"line":20,"column":1}},"line":14},"1":{"name":"(anonymous_1)","decl":{"start":{"line":22,"column":4},"end":{"line":22,"column":5}},"loc":{"start":{"line":22,"column":13},"end":{"line":26,"column":5}},"line":22}},"branchMap":{},"s":{"0":0,"1":0,"2":0},"f":{"0":0,"1":0},"b":{}},"D:\\Projects\\DoersProjects\\kdabra\\src\\Commons\\NextFunction.js":{"path":"D:\\Projects\\DoersProjects\\kdabra\\src\\Commons\\NextFunction.js","statementMap":{"0":{"start":{"line":18,"column":2},"end":{"line":18,"column":74}},"1":{"start":{"line":22,"column":8},"end":{"line":50,"column":10}},"2":{"start":{"line":40,"column":28},"end":{"line":44,"column":30}}},"fnMap":{"0":{"name":"(anonymous_0)","decl":{"start":{"line":17,"column":4},"end":{"line":17,"column":5}},"loc":{"start":{"line":17,"column":21},"end":{"line":19,"column":5}},"line":17},"1":{"name":"(anonymous_1)","decl":{"start":{"line":21,"column":4},"end":{"line":21,"column":5}},"loc":{"start":{"line":21,"column":13},"end":{"line":51,"column":5}},"line":21},"2":{"name":"(anonymous_2)","decl":{"start":{"line":39,"column":50},"end":{"line":39,"column":51}},"loc":{"start":{"line":39,"column":70},"end":{"line":45,"column":25}},"line":39}},"branchMap":{},"s":{"0":0,"1":0,"2":0},"f":{"0":0,"1":0,"2":0},"b":{}},"D:\\Projects\\DoersProjects\\kdabra\\src\\Commons\\NoMessages.js":{"path":"D:\\Projects\\DoersProjects\\kdabra\\src\\Commons\\NoMessages.js","statementMap":{"0":{"start":{"line":17,"column":8},"end":{"line":17,"column":75}},"1":{"start":{"line":20,"column":8},"end":{"line":27,"column":10}}},"fnMap":{"0":{"name":"(anonymous_0)","decl":{"start":{"line":16,"column":4},"end":{"line":16,"column":5}},"loc":{"start":{"line":16,"column":21},"end":{"line":18,"column":5}},"line":16},"1":{"name":"(anonymous_1)","decl":{"start":{"line":19,"column":4},"end":{"line":19,"column":5}},"loc":{"start":{"line":19,"column":13},"end":{"line":28,"column":5}},"line":19}},"branchMap":{},"s":{"0":0,"1":0},"f":{"0":0,"1":0},"b":{}},"D:\\Projects\\DoersProjects\\kdabra\\src\\Commons\\StyledTextField.js":{"path":"D:\\Projects\\DoersProjects\\kdabra\\src\\Commons\\StyledTextField.js","statementMap":{},"fnMap":{"0":{"name":"(anonymous_0)","decl":{"start":{"line":14,"column":4},"end":{"line":14,"column":5}},"loc":{"start":{"line":14,"column":13},"end":{"line":16,"column":5}},"line":14}},"branchMap":{},"s":{},"f":{"0":0},"b":{}},"D:\\Projects\\DoersProjects\\kdabra\\src\\firebase.js":{"path":"D:\\Projects\\DoersProjects\\kdabra\\src\\firebase.js","statementMap":{"0":{"start":{"line":2,"column":13},"end":{"line":9,"column":1}},"1":{"start":{"line":11,"column":0},"end":{"line":11,"column":31}},"2":{"start":{"line":12,"column":13},"end":{"line":12,"column":28}},"3":{"start":{"line":15,"column":4},"end":{"line":15,"column":73}},"4":{"start":{"line":18,"column":4},"end":{"line":18,"column":91}},"5":{"start":{"line":21,"column":21},"end":{"line":21,"column":23}},"6":{"start":{"line":22,"column":4},"end":{"line":22,"column":54}},"7":{"start":{"line":23,"column":4},"end":{"line":23,"column":38}},"8":{"start":{"line":24,"column":4},"end":{"line":24,"column":85}},"9":{"start":{"line":28,"column":18},"end":{"line":28,"column":64}},"10":{"start":{"line":29,"column":4},"end":{"line":29,"column":26}},"11":{"start":{"line":30,"column":4},"end":{"line":30,"column":56}},"12":{"start":{"line":34,"column":23},"end":{"line":34,"column":25}},"13":{"start":{"line":35,"column":4},"end":{"line":35,"column":35}},"14":{"start":{"line":36,"column":4},"end":{"line":36,"column":27}},"15":{"start":{"line":37,"column":4},"end":{"line":37,"column":76}},"16":{"start":{"line":41,"column":22},"end":{"line":48,"column":5}},"17":{"start":{"line":49,"column":18},"end":{"line":49,"column":80}},"18":{"start":{"line":50,"column":4},"end":{"line":50,"column":27}},"19":{"start":{"line":54,"column":26},"end":{"line":66,"column":7}},"20":{"start":{"line":67,"column":4},"end":{"line":67,"column":87}},"21":{"start":{"line":69,"column":37},"end":{"line":70,"column":50}},"22":{"start":{"line":70,"column":2},"end":{"line":70,"column":50}},"23":{"start":{"line":72,"column":43},"end":{"line":73,"column":54}},"24":{"start":{"line":73,"column":2},"end":{"line":73,"column":54}}},"fnMap":{"0":{"name":"fbGetConversationsSuscription","decl":{"start":{"line":13,"column":9},"end":{"line":13,"column":38}},"loc":{"start":{"line":13,"column":49},"end":{"line":16,"column":1}},"line":13},"1":{"name":"fbGetMessagesConversationSuscription","decl":{"start":{"line":17,"column":9},"end":{"line":17,"column":45}},"loc":{"start":{"line":17,"column":72},"end":{"line":19,"column":1}},"line":17},"2":{"name":"fbCreateBusiness","decl":{"start":{"line":20,"column":9},"end":{"line":20,"column":25}},"loc":{"start":{"line":20,"column":36},"end":{"line":25,"column":1}},"line":20},"3":{"name":"fbGetOnboarding","decl":{"start":{"line":27,"column":9},"end":{"line":27,"column":24}},"loc":{"start":{"line":27,"column":35},"end":{"line":31,"column":1}},"line":27},"4":{"name":"fbUpdateOnboarding","decl":{"start":{"line":33,"column":9},"end":{"line":33,"column":27}},"loc":{"start":{"line":33,"column":52},"end":{"line":38,"column":1}},"line":33},"5":{"name":"fbAddNewMessage","decl":{"start":{"line":40,"column":9},"end":{"line":40,"column":24}},"loc":{"start":{"line":40,"column":76},"end":{"line":51,"column":1}},"line":40},"6":{"name":"fbCreateNewConversation","decl":{"start":{"line":53,"column":9},"end":{"line":53,"column":32}},"loc":{"start":{"line":53,"column":68},"end":{"line":68,"column":1}},"line":53},"7":{"name":"(anonymous_7)","decl":{"start":{"line":69,"column":37},"end":{"line":69,"column":38}},"loc":{"start":{"line":70,"column":2},"end":{"line":70,"column":50}},"line":70},"8":{"name":"(anonymous_8)","decl":{"start":{"line":72,"column":43},"end":{"line":72,"column":44}},"loc":{"start":{"line":73,"column":2},"end":{"line":73,"column":54}},"line":73}},"branchMap":{},"s":{"0":0,"1":0,"2":0,"3":0,"4":0,"5":0,"6":0,"7":0,"8":0,"9":0,"10":0,"11":0,"12":0,"13":0,"14":0,"15":0,"16":0,"17":0,"18":0,"19":0,"20":0,"21":0,"22":0,"23":0,"24":0},"f":{"0":0,"1":0,"2":0,"3":0,"4":0,"5":0,"6":0,"7":0,"8":0},"b":{}},"D:\\Projects\\DoersProjects\\kdabra\\src\\index.js":{"path":"D:\\Projects\\DoersProjects\\kdabra\\src\\index.js","statementMap":{"0":{"start":{"line":10,"column":0},"end":{"line":16,"column":36}},"1":{"start":{"line":18,"column":0},"end":{"line":18,"column":24}}},"fnMap":{},"branchMap":{},"s":{"0":0,"1":0},"f":{},"b":{}},"D:\\Projects\\DoersProjects\\kdabra\\src\\MainContainer.js":{"path":"D:\\Projects\\DoersProjects\\kdabra\\src\\MainContainer.js","statementMap":{"0":{"start":{"line":26,"column":8},"end":{"line":40,"column":10}},"1":{"start":{"line":35,"column":64},"end":{"line":35,"column":90}}},"fnMap":{"0":{"name":"(anonymous_0)","decl":{"start":{"line":25,"column":4},"end":{"line":25,"column":5}},"loc":{"start":{"line":25,"column":13},"end":{"line":41,"column":5}},"line":25},"1":{"name":"(anonymous_1)","decl":{"start":{"line":35,"column":52},"end":{"line":35,"column":53}},"loc":{"start":{"line":35,"column":64},"end":{"line":35,"column":90}},"line":35}},"branchMap":{},"s":{"0":0,"1":0},"f":{"0":0,"1":0},"b":{}},"D:\\Projects\\DoersProjects\\kdabra\\src\\redux\\actions\\actions_type.js":{"path":"D:\\Projects\\DoersProjects\\kdabra\\src\\redux\\actions\\actions_type.js","statementMap":{"0":{"start":{"line":1,"column":36},"end":{"line":1,"column":58}},"1":{"start":{"line":2,"column":34},"end":{"line":2,"column":54}},"2":{"start":{"line":3,"column":36},"end":{"line":3,"column":58}},"3":{"start":{"line":5,"column":31},"end":{"line":5,"column":48}},"4":{"start":{"line":6,"column":27},"end":{"line":6,"column":40}},"5":{"start":{"line":7,"column":28},"end":{"line":7,"column":42}},"6":{"start":{"line":9,"column":30},"end":{"line":9,"column":46}},"7":{"start":{"line":10,"column":33},"end":{"line":10,"column":52}},"8":{"start":{"line":12,"column":28},"end":{"line":12,"column":42}},"9":{"start":{"line":14,"column":32},"end":{"line":14,"column":50}},"10":{"start":{"line":15,"column":43},"end":{"line":15,"column":72}},"11":{"start":{"line":16,"column":32},"end":{"line":16,"column":50}},"12":{"start":{"line":17,"column":36},"end":{"line":17,"column":58}},"13":{"start":{"line":19,"column":31},"end":{"line":19,"column":48}},"14":{"start":{"line":20,"column":32},"end":{"line":20,"column":50}},"15":{"start":{"line":22,"column":25},"end":{"line":22,"column":36}},"16":{"start":{"line":24,"column":37},"end":{"line":24,"column":60}}},"fnMap":{},"branchMap":{},"s":{"0":0,"1":0,"2":0,"3":0,"4":0,"5":0,"6":0,"7":0,"8":0,"9":0,"10":0,"11":0,"12":0,"13":0,"14":0,"15":0,"16":0},"f":{},"b":{}},"D:\\Projects\\DoersProjects\\kdabra\\src\\redux\\actions\\actions.js":{"path":"D:\\Projects\\DoersProjects\\kdabra\\src\\redux\\actions\\actions.js","statementMap":{"0":{"start":{"line":8,"column":22},"end":{"line":13,"column":1}},"1":{"start":{"line":9,"column":2},"end":{"line":12,"column":4}},"2":{"start":{"line":16,"column":25},"end":{"line":21,"column":1}},"3":{"start":{"line":17,"column":2},"end":{"line":20,"column":4}},"4":{"start":{"line":24,"column":22},"end":{"line":29,"column":1}},"5":{"start":{"line":25,"column":2},"end":{"line":28,"column":4}},"6":{"start":{"line":31,"column":24},"end":{"line":37,"column":1}},"7":{"start":{"line":32,"column":2},"end":{"line":36,"column":3}},"8":{"start":{"line":39,"column":23},"end":{"line":44,"column":1}},"9":{"start":{"line":40,"column":2},"end":{"line":43,"column":4}},"10":{"start":{"line":46,"column":19},"end":{"line":50,"column":1}},"11":{"start":{"line":47,"column":2},"end":{"line":49,"column":4}},"12":{"start":{"line":53,"column":28},"end":{"line":59,"column":1}},"13":{"start":{"line":54,"column":2},"end":{"line":58,"column":4}},"14":{"start":{"line":61,"column":28},"end":{"line":67,"column":1}},"15":{"start":{"line":62,"column":2},"end":{"line":66,"column":4}},"16":{"start":{"line":68,"column":30},"end":{"line":79,"column":1}},"17":{"start":{"line":69,"column":4},"end":{"line":78,"column":5}},"18":{"start":{"line":70,"column":6},"end":{"line":77,"column":9}},"19":{"start":{"line":72,"column":8},"end":{"line":72,"column":35}},"20":{"start":{"line":73,"column":8},"end":{"line":73,"column":49}},"21":{"start":{"line":74,"column":8},"end":{"line":74,"column":36}},"22":{"start":{"line":81,"column":23},"end":{"line":86,"column":1}},"23":{"start":{"line":82,"column":2},"end":{"line":85,"column":4}},"24":{"start":{"line":87,"column":27},"end":{"line":92,"column":1}},"25":{"start":{"line":88,"column":2},"end":{"line":91,"column":4}},"26":{"start":{"line":93,"column":17},"end":{"line":99,"column":1}},"27":{"start":{"line":94,"column":2},"end":{"line":98,"column":4}},"28":{"start":{"line":101,"column":26},"end":{"line":116,"column":1}},"29":{"start":{"line":103,"column":2},"end":{"line":115,"column":3}},"30":{"start":{"line":104,"column":4},"end":{"line":104,"column":30}},"31":{"start":{"line":106,"column":4},"end":{"line":114,"column":7}},"32":{"start":{"line":108,"column":6},"end":{"line":108,"column":46}},"33":{"start":{"line":109,"column":6},"end":{"line":109,"column":35}},"34":{"start":{"line":113,"column":6},"end":{"line":113,"column":32}},"35":{"start":{"line":118,"column":19},"end":{"line":120,"column":1}},"36":{"start":{"line":121,"column":32},"end":{"line":128,"column":1}},"37":{"start":{"line":122,"column":2},"end":{"line":127,"column":3}},"38":{"start":{"line":123,"column":4},"end":{"line":123,"column":30}},"39":{"start":{"line":125,"column":4},"end":{"line":125,"column":44}},"40":{"start":{"line":126,"column":4},"end":{"line":126,"column":33}},"41":{"start":{"line":130,"column":20},"end":{"line":146,"column":1}},"42":{"start":{"line":131,"column":2},"end":{"line":145,"column":3}},"43":{"start":{"line":132,"column":4},"end":{"line":132,"column":30}},"44":{"start":{"line":133,"column":14},"end":{"line":133,"column":16}},"45":{"start":{"line":134,"column":4},"end":{"line":134,"column":39}},"46":{"start":{"line":135,"column":4},"end":{"line":135,"column":20}},"47":{"start":{"line":136,"column":4},"end":{"line":144,"column":7}},"48":{"start":{"line":138,"column":6},"end":{"line":138,"column":42}},"49":{"start":{"line":139,"column":6},"end":{"line":139,"column":35}},"50":{"start":{"line":143,"column":6},"end":{"line":143,"column":32}},"51":{"start":{"line":147,"column":23},"end":{"line":151,"column":1}},"52":{"start":{"line":148,"column":2},"end":{"line":150,"column":4}},"53":{"start"
[...]
8,"column":4},"end":{"line":38,"column":5}},"loc":{"start":{"line":38,"column":20},"end":{"line":40,"column":5}},"line":38},"4":{"name":"(anonymous_4)","decl":{"start":{"line":42,"column":4},"end":{"line":42,"column":5}},"loc":{"start":{"line":42,"column":24},"end":{"line":50,"column":5}},"line":42},"5":{"name":"(anonymous_5)","decl":{"start":{"line":52,"column":4},"end":{"line":52,"column":5}},"loc":{"start":{"line":52,"column":29},"end":{"line":54,"column":5}},"line":52},"6":{"name":"(anonymous_6)","decl":{"start":{"line":56,"column":4},"end":{"line":56,"column":5}},"loc":{"start":{"line":56,"column":19},"end":{"line":67,"column":5}},"line":56},"7":{"name":"(anonymous_7)","decl":{"start":{"line":64,"column":29},"end":{"line":64,"column":30}},"loc":{"start":{"line":64,"column":35},"end":{"line":64,"column":64}},"line":64},"8":{"name":"(anonymous_8)","decl":{"start":{"line":69,"column":4},"end":{"line":69,"column":5}},"loc":{"start":{"line":69,"column":13},"end":{"line":117,"column":5}},"line":69}},"branchMap":{"0":{"loc":{"start":{"line":43,"column":8},"end":{"line":49,"column":9}},"type":"if","locations":[{"start":{"line":43,"column":8},"end":{"line":49,"column":9}},{"start":{"line":43,"column":8},"end":{"line":49,"column":9}}],"line":43},"1":{"loc":{"start":{"line":45,"column":12},"end":{"line":48,"column":13}},"type":"if","locations":[{"start":{"line":45,"column":12},"end":{"line":48,"column":13}},{"start":{"line":45,"column":12},"end":{"line":48,"column":13}}],"line":45},"2":{"loc":{"start":{"line":73,"column":20},"end":{"line":74,"column":63}},"type":"cond-expr","locations":[{"start":{"line":74,"column":24},"end":{"line":74,"column":45}},{"start":{"line":74,"column":48},"end":{"line":74,"column":63}}],"line":73},"3":{"loc":{"start":{"line":83,"column":24},"end":{"line":87,"column":28}},"type":"binary-expr","locations":[{"start":{"line":83,"column":24},"end":{"line":83,"column":58}},{"start":{"line":84,"column":24},"end":{"line":87,"column":28}}],"line":83},"4":{"loc":{"start":{"line":90,"column":24},"end":{"line":94,"column":28}},"type":"binary-expr","locations":[{"start":{"line":90,"column":24},"end":{"line":90,"column":52}},{"start":{"line":91,"column":24},"end":{"line":94,"column":28}}],"line":90},"5":{"loc":{"start":{"line":97,"column":24},"end":{"line":97,"column":75}},"type":"binary-expr","locations":[{"start":{"line":97,"column":24},"end":{"line":97,"column":52}},{"start":{"line":97,"column":56},"end":{"line":97,"column":75}}],"line":97},"6":{"loc":{"start":{"line":100,"column":28},"end":{"line":103,"column":35}},"type":"binary-expr","locations":[{"start":{"line":100,"column":28},"end":{"line":100,"column":72}},{"start":{"line":101,"column":28},"end":{"line":103,"column":35}}],"line":100},"7":{"loc":{"start":{"line":106,"column":24},"end":{"line":112,"column":28}},"type":"binary-expr","locations":[{"start":{"line":106,"column":25},"end":{"line":106,"column":57}},{"start":{"line":106,"column":61},"end":{"line":106,"column":80}},{"start":{"line":107,"column":24},"end":{"line":112,"column":28}}],"line":106}},"s":{"0":0,"1":0,"2":0,"3":0,"4":0,"5":0,"6":0,"7":0,"8":0,"9":0,"10":0,"11":0,"12":0,"13":0,"14":0,"15":0,"16":0,"17":0,"18":0},"f":{"0":0,"1":0,"2":0,"3":0,"4":0,"5":0,"6":0,"7":0,"8":0},"b":{"0":[0,0],"1":[0,0],"2":[0,0],"3":[0,0],"4":[0,0],"5":[0,0],"6":[0,0],"7":[0,0,0]}},"D:\\Projects\\DoersProjects\\kdabra\\src\\RouteMain\\Container\\MessageHandler\\MenuContainer.js":{"path":"D:\\Projects\\DoersProjects\\kdabra\\src\\RouteMain\\Container\\MessageHandler\\MenuContainer.js","statementMap":{"0":{"start":{"line":12,"column":31},"end":{"line":12,"column":47}},"1":{"start":{"line":13,"column":26},"end":{"line":13,"column":37}},"2":{"start":{"line":14,"column":23},"end":{"line":14,"column":35}},"3":{"start":{"line":18,"column":8},"end":{"line":18,"column":21}},"4":{"start":{"line":19,"column":8},"end":{"line":58,"column":10}},"5":{"start":{"line":62,"column":8},"end":{"line":62,"column":27}},"6":{"start":{"line":64,"column":26},"end":{"line":64,"column":55}},"7":{"start":{"line":64,"column":31},"end":{"line":64,"column":55}},"8":{"start":{"line":65,"column":8},"end":{"line":65,"column":53}},"9":{"start":{"line":66,"column":8},"end":{"line":66,"column":70}},"10":{"start":{"line":70,"column":8},"end":{"line":96,"column":10}},"11":{"start":{"line":75,"column":28},"end":{"line":91,"column":30}},"12":{"start":{"line":78,"column":54},"end":{"line":78,"column":95}}},"fnMap":{"0":{"name":"(anonymous_0)","decl":{"start":{"line":17,"column":4},"end":{"line":17,"column":5}},"loc":{"start":{"line":17,"column":23},"end":{"line":59,"column":5}},"line":17},"1":{"name":"(anonymous_1)","decl":{"start":{"line":61,"column":4},"end":{"line":61,"column":5}},"loc":{"start":{"line":61,"column":26},"end":{"line":67,"column":5}},"line":61},"2":{"name":"(anonymous_2)","decl":{"start":{"line":64,"column":26},"end":{"line":64,"column":27}},"loc":{"start":{"line":64,"column":31},"end":{"line":64,"column":55}},"line":64},"3":{"name":"(anonymous_3)","decl":{"start":{"line":69,"column":4},"end":{"line":69,"column":5}},"loc":{"start":{"line":69,"column":13},"end":{"line":97,"column":5}},"line":69},"4":{"name":"(anonymous_4)","decl":{"start":{"line":74,"column":24},"end":{"line":74,"column":25}},"loc":{"start":{"line":74,"column":42},"end":{"line":92,"column":25}},"line":74},"5":{"name":"(anonymous_5)","decl":{"start":{"line":78,"column":47},"end":{"line":78,"column":48}},"loc":{"start":{"line":78,"column":54},"end":{"line":78,"column":95}},"line":78}},"branchMap":{},"s":{"0":0,"1":0,"2":0,"3":0,"4":0,"5":0,"6":0,"7":0,"8":0,"9":0,"10":0,"11":0,"12":0},"f":{"0":0,"1":0,"2":0,"3":0,"4":0,"5":0},"b":{}},"D:\\Projects\\DoersProjects\\kdabra\\src\\RouteMain\\TestView.js":{"path":"D:\\Projects\\DoersProjects\\kdabra\\src\\RouteMain\\TestView.js","statementMap":{"0":{"start":{"line":14,"column":8},"end":{"line":14,"column":21}},"1":{"start":{"line":16,"column":29},"end":{"line":16,"column":73}},"2":{"start":{"line":17,"column":8},"end":{"line":19,"column":10}},"3":{"start":{"line":24,"column":8},"end":{"line":24,"column":46}},"4":{"start":{"line":26,"column":8},"end":{"line":32,"column":10}}},"fnMap":{"0":{"name":"(anonymous_0)","decl":{"start":{"line":13,"column":4},"end":{"line":13,"column":5}},"loc":{"start":{"line":13,"column":23},"end":{"line":20,"column":5}},"line":13},"1":{"name":"(anonymous_1)","decl":{"start":{"line":22,"column":4},"end":{"line":22,"column":5}},"loc":{"start":{"line":22,"column":13},"end":{"line":33,"column":5}},"line":22}},"branchMap":{"0":{"loc":{"start":{"line":24,"column":8},"end":{"line":24,"column":46}},"type":"if","locations":[{"start":{"line":24,"column":8},"end":{"line":24,"column":46}},{"start":{"line":24,"column":8},"end":{"line":24,"column":46}}],"line":24}},"s":{"0":0,"1":0,"2":0,"3":0,"4":0},"f":{"0":0,"1":0},"b":{"0":[0,0]}},"D:\\Projects\\DoersProjects\\kdabra\\src\\RouteNewMessages\\BusinessMessagesContainer.js":{"path":"D:\\Projects\\DoersProjects\\kdabra\\src\\RouteNewMessages\\BusinessMessagesContainer.js","statementMap":{"0":{"start":{"line":20,"column":4},"end":{"line":20,"column":17}},"1":{"start":{"line":23,"column":4},"end":{"line":25,"column":6}},"2":{"start":{"line":29,"column":27},"end":{"line":29,"column":37}},"3":{"start":{"line":30,"column":22},"end":{"line":30,"column":86}},"4":{"start":{"line":32,"column":6},"end":{"line":36,"column":8}},"5":{"start":{"line":33,"column":8},"end":{"line":35,"column":11}},"6":{"start":{"line":44,"column":4},"end":{"line":52,"column":5}},"7":{"start":{"line":45,"column":35},"end":{"line":45,"column":64}},"8":{"start":{"line":46,"column":32},"end":{"line":46,"column":34}},"9":{"start":{"line":47,"column":19},"end":{"line":47,"column":50}},"10":{"start":{"line":48,"column":8},"end":{"line":51,"column":9}},"11":{"start":{"line":50,"column":12},"end":{"line":50,"column":64}},"12":{"start":{"line":53,"column":4},"end":{"line":74,"column":6}},"13":{"start":{"line":59,"column":18},"end":{"line":64,"column":20}},"14":{"start":{"line":78,"column":35},"end":{"line":78,"column":54}},"15":{"start":{"line":79,"column":25},"end":{"line":79,"column":39}},"16":{"start":{"line":80,"column":4},"end":{"line":80,"column":44}}},"fnMap":{"0":{"name":"(anonymous_0)","decl":{"start":{"line":19,"column":2},"end":{"line":19,"column":3}},"loc":{"start":{"line":19,"column":21},"end":{"line":26,"column":3}},"line":19},"1":{"name":"(anonymous_1)","decl":{"start":{"line":28,"column":2},"end":{"line":28,"column":3}},"loc":{"start":{"line":28,"column":22},"end":{"line":37,"column":3}},"line":28},"2":{"name":"(anonymous_2)","decl":{"start":{"line":32,"column":26},"end":{"line":32,"column":27}},"loc":{"start":{"line":32,"column":38},"end":{"line":36,"column":7}},"line":32},"3":{"name":"(anonymous_3)","decl":{"start":{"line":39,"column":2},"end":{"line":39,"column":3}},"loc":{"start":{"line":39,"column":24},"end":{"line":41,"column":3}},"line":39},"4":{"name":"(anonymous_4)","decl":{"start":{"line":43,"column":2},"end":{"line":43,"column":3}},"loc":{"start":{"line":43,"column":11},"end":{"line":75,"column":3}},"line":43},"5":{"name":"(anonymous_5)","decl":{"start":{"line":58,"column":36},"end":{"line":58,"column":37}},"loc":{"start":{"line":58,"column":56},"end":{"line":65,"column":15}},"line":58},"6":{"name":"mapStateToProps","decl":{"start":{"line":77,"column":9},"end":{"line":77,"column":24}},"loc":{"start":{"line":77,"column":32},"end":{"line":81,"column":1}},"line":77}},"branchMap":{"0":{"loc":{"start":{"line":44,"column":4},"end":{"line":52,"column":5}},"type":"if","locations":[{"start":{"line":44,"column":4},"end":{"line":52,"column":5}},{"start":{"line":44,"column":4},"end":{"line":52,"column":5}}],"line":44},"1":{"loc":{"start":{"line":57,"column":14},"end":{"line":65,"column":16}},"type":"binary-expr","locations":[{"start":{"line":57,"column":15},"end":{"line":57,"column":32}},{"start":{"line":57,"column":36},"end":{"line":57,"column":64}},{"start":{"line":58,"column":14},"end":{"line":65,"column":16}}],"line":57},"2":{"loc":{"start":{"line":68,"column":14},"end":{"line":71,"column":18}},"type":"binary-expr","locations":[{"start":{"line":68,"column":14},"end":{"line":68,"column":32}},{"start":{"line":69,"column":16},"end":{"line":71,"column":18}}],"line":68}},"s":{"0":0,"1":0,"2":0,"3":0,"4":0,"5":0,"6":0,"7":0,"8":0,"9":0,"10":0,"11":0,"12":0,"13":0,"14":0,"15":0,"16":0},"f":{"0":0,"1":0,"2":0,"3":0,"4":0,"5":0,"6":0},"b":{"0":[0,0],"1":[0,0,0],"2":[0,0]}},"D:\\Projects\\DoersProjects\\kdabra\\src\\RouteNewMessages\\Components\\BusinessList.js":{"path":"D:\\Projects\\DoersProjects\\kdabra\\src\\RouteNewMessages\\Components\\BusinessList.js","statementMap":{"0":{"start":{"line":16,"column":6},"end":{"line":27,"column":8}},"1":{"start":{"line":20,"column":20},"end":{"line":22,"column":22}}},"fnMap":{"0":{"name":"(anonymous_0)","decl":{"start":{"line":15,"column":2},"end":{"line":15,"column":3}},"loc":{"start":{"line":15,"column":11},"end":{"line":28,"column":3}},"line":15},"1":{"name":"(anonymous_1)","decl":{"start":{"line":19,"column":44},"end":{"line":19,"column":45}},"loc":{"start":{"line":19,"column":64},"end":{"line":23,"column":17}},"line":19}},"branchMap":{},"s":{"0":0,"1":0},"f":{"0":0,"1":0},"b":{}},"D:\\Projects\\DoersProjects\\kdabra\\src\\RouteNewMessages\\Components\\ConversationsList.js":{"path":"D:\\Projects\\DoersProjects\\kdabra\\src\\RouteNewMessages\\Components\\ConversationsList.js","statementMap":{"0":{"start":{"line":16,"column":6},"end":{"line":19,"column":8}}},"fnMap":{"0":{"name":"(anonymous_0)","decl":{"start":{"line":15,"column":2},"end":{"line":15,"column":3}},"loc":{"start":{"line":15,"column":11},"end":{"line":20,"column":3}},"line":15}},"branchMap":{},"s":{"0":0},"f":{"0":0},"b":{}},"D:\\Projects\\DoersProjects\\kdabra\\src\\RouteNewMessages\\Components\\Messages.js":{"path":"D:\\Projects\\DoersProjects\\kdabra\\src\\RouteNewMessages\\Components\\Messages.js","statementMap":{"0":{"start":{"line":15,"column":8},"end":{"line":27,"column":10}},"1":{"start":{"line":19,"column":24},"end":{"line":23,"column":26}}},"fnMap":{"0":{"name":"(anonymous_0)","decl":{"start":{"line":14,"column":4},"end":{"line":14,"column":5}},"loc":{"start":{"line":14,"column":13},"end":{"line":28,"column":5}},"line":14},"1":{"name":"(anonymous_1)","decl":{"start":{"line":18,"column":44},"end":{"line":18,"column":45}},"loc":{"start":{"line":18,"column":61},"end":{"line":24,"column":21}},"line":18}},"branchMap":{},"s":{"0":0,"1":0},"f":{"0":0,"1":0},"b":{}},"D:\\Projects\\DoersProjects\\kdabra\\src\\RouteNewMessages\\Containers\\BusinessListContainer.js":{"path":"D:\\Projects\\DoersProjects\\kdabra\\src\\RouteNewMessages\\Containers\\BusinessListContainer.js","statementMap":{"0":{"start":{"line":18,"column":42},"end":{"line":18,"column":56}},"1":{"start":{"line":19,"column":25},"end":{"line":19,"column":44}},"2":{"start":{"line":21,"column":4},"end":{"line":25,"column":5}},"3":{"start":{"line":30,"column":8},"end":{"line":30,"column":21}},"4":{"start":{"line":34,"column":29},"end":{"line":34,"column":39}},"5":{"start":{"line":35,"column":8},"end":{"line":35,"column":38}},"6":{"start":{"line":36,"column":8},"end":{"line":36,"column":29}},"7":{"start":{"line":37,"column":8},"end":{"line":37,"column":54}},"8":{"start":{"line":41,"column":55},"end":{"line":41,"column":65}},"9":{"start":{"line":42,"column":8},"end":{"line":54,"column":10}}},"fnMap":{"0":{"name":"mapStateToProps","decl":{"start":{"line":17,"column":9},"end":{"line":17,"column":24}},"loc":{"start":{"line":17,"column":31},"end":{"line":26,"column":1}},"line":17},"1":{"name":"(anonymous_1)","decl":{"start":{"line":29,"column":4},"end":{"line":29,"column":5}},"loc":{"start":{"line":29,"column":23},"end":{"line":31,"column":5}},"line":29},"2":{"name":"(anonymous_2)","decl":{"start":{"line":33,"column":4},"end":{"line":33,"column":5}},"loc":{"start":{"line":33,"column":24},"end":{"line":38,"column":5}},"line":33},"3":{"name":"(anonymous_3)","decl":{"start":{"line":40,"column":4},"end":{"line":40,"column":5}},"loc":{"start":{"line":40,"column":13},"end":{"line":55,"column":5}},"line":40}},"branchMap":{"0":{"loc":{"start":{"line":45,"column":20},"end":{"line":46,"column":45}},"type":"binary-expr","locations":[{"start":{"line":45,"column":20},"end":{"line":45,"column":30}},{"start":{"line":46,"column":20},"end":{"line":46,"column":45}}],"line":45},"1":{"loc":{"start":{"line":49,"column":18},"end":{"line":50,"column":57}},"type":"binary-expr","locations":[{"start":{"line":49,"column":18},"end":{"line":49,"column":26}},{"start":{"line":50,"column":20},"end":{"line":50,"column":57}}],"line":49}},"s":{"0":0,"1":0,"2":0,"3":0,"4":0,"5":0,"6":0,"7":0,"8":0,"9":0},"f":{"0":0,"1":0,"2":0,"3":0},"b":{"0":[0,0],"1":[0,0]}},"D:\\Projects\\DoersProjects\\kdabra\\src\\RouteNewMessages\\Containers\\ConversationsListContainer.js":{"path":"D:\\Projects\\DoersProjects\\kdabra\\src\\RouteNewMessages\\Containers\\ConversationsListContainer.js","statementMap":{"0":{"start":{"line":16,"column":8},"end":{"line":16,"column":21}},"1":{"start":{"line":17,"column":8},"end":{"line":19,"column":10}},"2":{"start":{"line":33,"column":8},"end":{"line":33,"column":78}}},"fnMap":{"0":{"name":"(anonymous_0)","decl":{"start":{"line":15,"column":4},"end":{"line":15,"column":5}},"loc":{"start":{"line":15,"column":23},"end":{"line":20,"column":5}},"line":15},"1":{"name":"(anonymous_1)","decl":{"start":{"line":22,"column":4},"end":{"line":22,"column":5}},"loc":{"start":{"line":22,"column":24},"end":{"line":31,"column":5}},"line":22},"2":{"name":"(anonymous_2)","decl":{"start":{"line":32,"column":4},"end":{"line":32,"column":5}},"loc":{"start":{"line":32,"column":13},"end":{"line":34,"column":5}},"line":32}},"branchMap":{},"s":{"0":0,"1":0,"2":0},"f":{"0":0,"1":0,"2":0},"b":{}},"D:\\Projects\\DoersProjects\\kdabra\\src\\RouteOnboarding\\OnboardingCard.js":{"path":"D:\\Projects\\DoersProjects\\kdabra\\src\\RouteOnboarding\\OnboardingCard.js","statementMap":{"0":{"start":{"line":16,"column":2},"end":{"line":16,"column":15}},"1":{"start":{"line":17,"column":2},"end":{"line":19,"column":4}},"2":{"start":{"line":22,"column":2},"end":{"line":30,"column":10}}},"fnMap":{"0":{"name":"(anonymous_0)","decl":{"start":{"line":15,"column":1},"end":{"line":15,"column":2}},"loc":{"start":{"line":15,"column":20},"end":{"line":20,"column":2}},"line":15},"1":{"name":"(anonymous_1)","decl":{"start":{"line":21,"column":1},"end":{"line":21,"column":2}},"loc":{"start":{"line":21,"column":10},"end":{"line":31,"column":2}},"line":21}},"branchMap":{},"s":{"0":0,"1":0,"2":0},"f":{"0":0,"1":0},"b":{}},"D:\\Projects\\DoersProjects\\kdabra\\src\\RouteOnboarding\\OnboardingView.js":{"path":"D:\\Projects\\DoersProjects\\kdabra\\src\\RouteOnboarding\\OnboardingView.js","statementMap":{"0":{"start":{"line":18,"column":8},"end":{"line":18,"column":21}},"1":{"start":{"line":19,"column":8},"end":{"line":22,"column":10}},"2":{"start":{"line":26,"column":8},"end":{"line":26,"column":53}},"3":{"start":{"line":29,"column":17},"end":{"line":29,"column":49}},"4":{"start":{"line":30,"column":6},"end":{"line":30,"column":50}},"5":{"start":{"line":34,"column":8},"end":{"line":34,"column":81}},"6":{"start":{"line":38,"column":36},"end":{"line":43,"column":9}},"7":{"start":{"line":45,"column":40},"end":{"line":48,"column":9}},"8":{"start":{"line":49,"column":8},"end":{"line":111,"column":10}}},"fnMap":{"0":{"name":"(anonymous_0)","decl":{"start":{"line":17,"column":4},"end":{"line":17,"column":5}},"loc":{"start":{"line":17,"column":23},"end":{"line":23,"column":5}},"line":17},"1":{"name":"(anonymous_1)","decl":{"start":{"line":25,"column":4},"end":{"line":25,"column":5}},"loc":{"start":{"line":25,"column":29},"end":{"line":27,"column":5}},"line":25},"2":{"name":"(anonymous_2)","decl":{"start":{"line":28,"column":4},"end":{"line":28,"column":5}},"loc":{"start":{"line":28,"column":25},"end":{"line":31,"column":5}},"line":28},"3":{"name":"(anonymous_3)","decl":{"start":{"line":33,"column":4},"end":{"line":33,"column":5}},"loc":{"start":{"line":33,"column":23},"end":{"line":35,"column":5}},"line":33},"4":{"name":"(anonymous_4)","decl":{"start":{"line":37,"column":4},"end":{"line":37,"column":5}},"loc":{"start":{"line":37,"column":13},"end":{"line":112,"column":5}},"line":37}},"branchMap":{"0":{"loc":{"start":{"line":83,"column":20},"end":{"line":89,"column":26}},"type":"binary-expr","locations":[{"start":{"line":83,"column":20},"end":{"line":83,"column":85}},{"start":{"line":84,"column":20},"end":{"line":89,"column":26}}],"line":83},"1":{"loc":{"start":{"line":92,"column":24},"end":{"line":97,"column":30}},"type":"binary-expr","locations":[{"start":{"line":92,"column":24},"end":{"line":92,"column":47}},{"start":{"line":93,"column":24},"end":{"line":97,"column":30}}],"line":92},"2":{"loc":{"start":{"line":94,"column":44},"end":{"line":94,"column":91}},"type":"cond-expr","locations":[{"start":{"line":94,"column":80},"end":{"line":94,"column":88}},{"start":{"line":94,"column":89},"end":{"line":94,"column":91}}],"line":94},"3":{"loc":{"start":{"line":95,"column":44},"end":{"line":95,"column":91}},"type":"cond-expr","locations":[{"start":{"line":95,"column":80},"end":{"line":95,"column":88}},{"start":{"line":95,"column":89},"end":{"line":95,"column":91}}],"line":95},"4":{"loc":{"start":{"line":96,"column":44},"end":{"line":96,"column":91}},"type":"cond-expr","locations":[{"start":{"line":96,"column":80},"end":{"line":96,"column":88}},{"start":{"line":96,"column":89},"end":{"line":96,"column":91}}],"line":96},"5":{"loc":{"start":{"line":100,"column":22},"end":{"line":106,"column":26}},"type":"binary-expr","locations":[{"start":{"line":100,"column":22},"end":{"line":100,"column":87}},{"start":{"line":101,"column":20},"end":{"line":106,"column":26}}],"line":100}},"s":{"0":0,"1":0,"2":0,"3":0,"4":0,"5":0,"6":0,"7":0,"8":0},"f":{"0":0,"1":0,"2":0,"3":0,"4":0},"b":{"0":[0,0],"1":[0,0],"2":[0,0],"3":[0,0],"4":[0,0],"5":[0,0]}}}