{"D:\\Projects\\DoersProjects\\kdabra\\src\\AppContainer.js":{"path":"D:\\Projects\\DoersProjects\\kdabra\\src\\AppContainer.js","statementMap":{"0":{"start":{"line":14,"column":8},"end":{"line":20,"column":16}},"1":{"start":{"line":15,"column":26},"end":{"line":15,"column":67}},"2":{"start":{"line":16,"column":12},"end":{"line":16,"column":46}},"3":{"start":{"line":17,"column":30},"end":{"line":17,"column":61}},"4":{"start":{"line":18,"column":12},"end":{"line":18,"column":48}},"5":{"start":{"line":24,"column":8},"end":{"line":24,"column":57}},"6":{"start":{"line":28,"column":8},"end":{"line":34,"column":10}}},"fnMap":{"0":{"name":"(anonymous_0)","decl":{"start":{"line":13,"column":4},"end":{"line":13,"column":5}},"loc":{"start":{"line":13,"column":17},"end":{"line":21,"column":5}},"line":13},"1":{"name":"(anonymous_1)","decl":{"start":{"line":14,"column":19},"end":{"line":14,"column":20}},"loc":{"start":{"line":14,"column":30},"end":{"line":19,"column":9}},"line":14},"2":{"name":"(anonymous_2)","decl":{"start":{"line":23,"column":4},"end":{"line":23,"column":5}},"loc":{"start":{"line":23,"column":24},"end":{"line":25,"column":5}},"line":23},"3":{"name":"(anonymous_3)","decl":{"start":{"line":27,"column":4},"end":{"line":27,"column":5}},"loc":{"start":{"line":27,"column":13},"end":{"line":35,"column":5}},"line":27}},"branchMap":{},"s":{"0":0,"1":0,"2":0,"3":0,"4":0,"5":0,"6":0},"f":{"0":0,"1":0,"2":0,"3":0},"b":{}},"D:\\Projects\\DoersProjects\\kdabra\\src\\BlankFile.js":{"path":"D:\\Projects\\DoersProjects\\kdabra\\src\\BlankFile.js","statementMap":{},"fnMap":{},"branchMap":{},"s":{},"f":{},"b":{}},"D:\\Projects\\DoersProjects\\kdabra\\src\\Commons\\Conversation.js":{"path":"D:\\Projects\\DoersProjects\\kdabra\\src\\Commons\\Conversation.js","statementMap":{"0":{"start":{"line":19,"column":8},"end":{"line":28,"column":9}},"1":{"start":{"line":20,"column":12},"end":{"line":24,"column":14}},"2":{"start":{"line":27,"column":12},"end":{"line":27,"column":24}},"3":{"start":{"line":32,"column":8},"end":{"line":61,"column":10}}},"fnMap":{"0":{"name":"(anonymous_0)","decl":{"start":{"line":18,"column":4},"end":{"line":18,"column":5}},"loc":{"start":{"line":18,"column":37},"end":{"line":29,"column":5}},"line":18},"1":{"name":"(anonymous_1)","decl":{"start":{"line":31,"column":4},"end":{"line":31,"column":5}},"loc":{"start":{"line":31,"column":13},"end":{"line":62,"column":5}},"line":31}},"branchMap":{"0":{"loc":{"start":{"line":19,"column":8},"end":{"line":28,"column":9}},"type":"if","locations":[{"start":{"line":19,"column":8},"end":{"line":28,"column":9}},{"start":{"line":19,"column":8},"end":{"line":28,"column":9}}],"line":19}},"s":{"0":0,"1":0,"2":0,"3":0},"f":{"0":0,"1":0},"b":{"0":[0,0]}},"D:\\Projects\\DoersProjects\\kdabra\\src\\Commons\\ConversationContainer.js":{"path":"D:\\Projects\\DoersProjects\\kdabra\\src\\Commons\\ConversationContainer.js","statementMap":{"0":{"start":{"line":17,"column":8},"end":{"line":19,"column":59}},"1":{"start":{"line":23,"column":25},"end":{"line":23,"column":39}},"2":{"start":{"line":24,"column":4},"end":{"line":24,"column":24}}},"fnMap":{"0":{"name":"(anonymous_0)","decl":{"start":{"line":16,"column":4},"end":{"line":16,"column":5}},"loc":{"start":{"line":16,"column":13},"end":{"line":20,"column":5}},"line":16},"1":{"name":"mapStateToProps","decl":{"start":{"line":22,"column":9},"end":{"line":22,"column":24}},"loc":{"start":{"line":22,"column":32},"end":{"line":25,"column":1}},"line":22}},"branchMap":{},"s":{"0":0,"1":0,"2":0},"f":{"0":0,"1":0},"b":{}},"D:\\Projects\\DoersProjects\\kdabra\\src\\Commons\\Loading.js":{"path":"D:\\Projects\\DoersProjects\\kdabra\\src\\Commons\\Loading.js","statementMap":{"0":{"start":{"line":17,"column":8},"end":{"line":28,"column":9}},"1":{"start":{"line":18,"column":12},"end":{"line":24,"column":14}},"2":{"start":{"line":27,"column":12},"end":{"line":27,"column":24}}},"fnMap":{"0":{"name":"(anonymous_0)","decl":{"start":{"line":16,"column":4},"end":{"line":16,"column":5}},"loc":{"start":{"line":16,"column":13},"end":{"line":29,"column":5}},"line":16}},"branchMap":{"0":{"loc":{"start":{"line":17,"column":8},"end":{"line":28,"column":9}},"type":"if","locations":[{"start":{"line":17,"column":8},"end":{"line":28,"column":9}},{"start":{"line":17,"column":8},"end":{"line":28,"column":9}}],"line":17}},"s":{"0":0,"1":0,"2":0},"f":{"0":0},"b":{"0":[0,0]}},"D:\\Projects\\DoersProjects\\kdabra\\src\\Commons\\LoadingContainer.js":{"path":"D:\\Projects\\DoersProjects\\kdabra\\src\\Commons\\LoadingContainer.js","statementMap":{"0":{"start":{"line":15,"column":28},"end":{"line":15,"column":42}},"1":{"start":{"line":17,"column":4},"end":{"line":19,"column":5}},"2":{"start":{"line":23,"column":8},"end":{"line":25,"column":10}}},"fnMap":{"0":{"name":"mapStateToProps","decl":{"start":{"line":14,"column":9},"end":{"line":14,"column":24}},"loc":{"start":{"line":14,"column":31},"end":{"line":20,"column":1}},"line":14},"1":{"name":"(anonymous_1)","decl":{"start":{"line":22,"column":4},"end":{"line":22,"column":5}},"loc":{"start":{"line":22,"column":13},"end":{"line":26,"column":5}},"line":22}},"branchMap":{},"s":{"0":0,"1":0,"2":0},"f":{"0":0,"1":0},"b":{}},"D:\\Projects\\DoersProjects\\kdabra\\src\\Commons\\NextFunction.js":{"path":"D:\\Projects\\DoersProjects\\kdabra\\src\\Commons\\NextFunction.js","statementMap":{"0":{"start":{"line":18,"column":2},"end":{"line":18,"column":74}},"1":{"start":{"line":22,"column":8},"end":{"line":50,"column":10}},"2":{"start":{"line":40,"column":28},"end":{"line":44,"column":30}}},"fnMap":{"0":{"name":"(anonymous_0)","decl":{"start":{"line":17,"column":4},"end":{"line":17,"column":5}},"loc":{"start":{"line":17,"column":21},"end":{"line":19,"column":5}},"line":17},"1":{"name":"(anonymous_1)","decl":{"start":{"line":21,"column":4},"end":{"line":21,"column":5}},"loc":{"start":{"line":21,"column":13},"end":{"line":51,"column":5}},"line":21},"2":{"name":"(anonymous_2)","decl":{"start":{"line":39,"column":50},"end":{"line":39,"column":51}},"loc":{"start":{"line":39,"column":70},"end":{"line":45,"column":25}},"line":39}},"branchMap":{},"s":{"0":0,"1":0,"2":0},"f":{"0":0,"1":0,"2":0},"b":{}},"D:\\Projects\\DoersProjects\\kdabra\\src\\Commons\\StyledTextField.js":{"path":"D:\\Projects\\DoersProjects\\kdabra\\src\\Commons\\StyledTextField.js","statementMap":{},"fnMap":{"0":{"name":"(anonymous_0)","decl":{"start":{"line":14,"column":4},"end":{"line":14,"column":5}},"loc":{"start":{"line":14,"column":13},"end":{"line":16,"column":5}},"line":14}},"branchMap":{},"s":{},"f":{"0":0},"b":{}},"D:\\Projects\\DoersProjects\\kdabra\\src\\ComponentsLibrary\\Button.js":{"path":"D:\\Projects\\DoersProjects\\kdabra\\src\\ComponentsLibrary\\Button.js","statementMap":{"0":{"start":{"line":4,"column":19},"end":{"line":7,"column":1}},"1":{"start":{"line":9,"column":22},"end":{"line":14,"column":1}},"2":{"start":{"line":16,"column":24},"end":{"line":55,"column":1}},"3":{"start":{"line":22,"column":34},"end":{"line":22,"column":69}},"4":{"start":{"line":24,"column":34},"end":{"line":24,"column":112}},"5":{"start":{"line":26,"column":34},"end":{"line":26,"column":70}},"6":{"start":{"line":28,"column":34},"end":{"line":28,"column":62}},"7":{"start":{"line":33,"column":23},"end":{"line":33,"column":56}},"8":{"start":{"line":34,"column":23},"end":{"line":34,"column":54}},"9":{"start":{"line":39,"column":24},"end":{"line":39,"column":80}},"10":{"start":{"line":41,"column":35},"end":{"line":41,"column":92}},"11":{"start":{"line":42,"column":27},"end":{"line":42,"column":84}},"12":{"start":{"line":49,"column":28},"end":{"line":49,"column":63}},"13":{"start":{"line":53,"column":28},"end":{"line":53,"column":63}},"14":{"start":{"line":57,"column":15},"end":{"line":66,"column":1}},"15":{"start":{"line":58,"column":4},"end":{"line":65,"column":6}}},"fnMap":{"0":{"name":"(anonymous_0)","decl":{"start":{"line":22,"column":25},"end":{"line":22,"column":26}},"loc":{"start":{"line":22,"column":34},"end":{"line":22,"column":69}},"line":22},"1":{"name":"(anonymous_1)","decl":{"start":{"line":24,"column":25},"end":{"line":24,"column":26}},"loc":{"start":{"line":24,"column":34},"end":{"line":24,"column":112}},"line":24},"2":{"name":"(anonymous_2)","decl":{"start":{"line":26,"column":25},"end":{"line":26,"column":26}},"loc":{"start":{"line":26,"column":34},"end":{"line":26,"column":70}},"line":26},"3":{"name":"(anonymous_3)","decl":{"start":{"line":28,"column":25},"end":{"line":28,"column":26}},"loc":{"start":{"line":28,"column":34},"end":{"line":28,"column":62}},"line":28},"4":{"name":"(anonymous_4)","decl":{"start":{"line":33,"column":14},"end":{"line":33,"column":15}},"loc":{"start":{"line":33,"column":23},"end":{"line":33,"column":56}},"line":33},"5":{"name":"(anonymous_5)","decl":{"start":{"line":34,"column":14},"end":{"line":34,"column":15}},"loc":{"start":{"line":34,"column":23},"end":{"line":34,"column":54}},"line":34},"6":{"name":"(anonymous_6)","decl":{"start":{"line":39,"column":15},"end":{"line":39,"column":16}},"loc":{"start":{"line":39,"column":24},"end":{"line":39,"column":80}},"line":39},"7":{"name":"(anonymous_7)","decl":{"start":{"line":41,"column":26},"end":{"line":41,"column":27}},"loc":{"start":{"line":41,"column":35},"end":{"line":41,"column":92}},"line":41},"8":{"name":"(anonymous_8)","decl":{"start":{"line":42,"column":18},"end":{"line":42,"column":19}},"loc":{"start":{"line":42,"column":27},"end":{"line":42,"column":84}},"line":42},"9":{"name":"(anonymous_9)","decl":{"start":{"line":49,"column":19},"end":{"line":49,"column":20}},"loc":{"start":{"line":49,"column":28},"end":{"line":49,"column":63}},"line":49},"10":{"name":"(anonymous_10)","decl":{"start":{"line":53,"column":19},"end":{"line":53,"column":20}},"loc":{"start":{"line":53,"column":28},"end":{"line":53,"column":63}},"line":53},"11":{"name":"(anonymous_11)","decl":{"start":{"line":57,"column":15},"end":{"line":57,"column":16}},"loc":{"start":{"line":57,"column":41},"end":{"line":66,"column":1}},"line":57}},"branchMap":{"0":{"loc":{"start":{"line":22,"column":34},"end":{"line":22,"column":69}},"type":"cond-expr","locations":[{"start":{"line":22,"column":50},"end":{"line":22,"column":59}},{"start":{"line":22,"column":62},"end":{"line":22,"column":69}}],"line":22},"1":{"loc":{"start":{"line":24,"column":34},"end":{"line":24,"column":112}},"type":"cond-expr","locations":[{"start":{"line":24,"column":50},"end":{"line":24,"column":103}},{"start":{"line":24,"column":106},"end":{"line":24,"column":112}}],"line":24},"2":{"loc":{"start":{"line":26,"column":34},"end":{"line":26,"column":70}},"type":"cond-expr","locations":[{"start":{"line":26,"column":51},"end":{"line":26,"column":60}},{"start":{"line":26,"column":63},"end":{"line":26,"column":70}}],"line":26},"3":{"loc":{"start":{"line":28,"column":34},"end":{"line":28,"column":62}},"type":"cond-expr","locations":[{"start":{"line":28,"column":51},"end":{"line":28,"column":57}},{"start":{"line":28,"column":60},"end":{"line":28,"column":62}}],"line":28},"4":{"loc":{"start":{"line":33,"column":23},"end":{"line":33,"column":56}},"type":"cond-expr","locations":[{"start":{"line":33,"column":39},"end":{"line":33,"column":46}},{"start":{"line":33,"column":49},"end":{"line":33,"column":56}}],"line":33},"5":{"loc":{"start":{"line":34,"column":23},"end":{"line":34,"column":54}},"type":"cond-expr","locations":[{"start":{"line":34,"column":40},"end":{"line":34,"column":49}},{"start":{"line":34,"column":52},"end":{"line":34,"column":54}}],"line":34},"6":{"loc":{"start":{"line":39,"column":24},"end":{"line":39,"column":80}},"type":"cond-expr","locations":[{"start":{"line":39,"column":40},"end":{"line":39,"column":45}},{"start":{"line":39,"column":48},"end":{"line":39,"column":80}}],"line":39},"7":{"loc":{"start":{"line":41,"column":35},"end":{"line":41,"column":92}},"type":"cond-expr","locations":[{"start":{"line":41,"column":52},"end":{"line":41,"column":58}},{"start":{"line":41,"column":61},"end":{"line":41,"column":92}}],"line":41},"8":{"loc":{"start":{"line":42,"column":27},"end":{"line":42,"column":84}},"type":"cond-expr","locations":[{"start":{"line":42,"column":44},"end":{"line":42,"column":50}},{"start":{"line":42,"column":53},"end":{"line":42,"column":84}}],"line":42},"9":{"loc":{"start":{"line":49,"column":28},"end":{"line":49,"column":63}},"type":"cond-expr","locations":[{"start":{"line":49,"column":45},"end":{"line":49,"column":51}},{"start":{"line":49,"column":54},"end":{"line":49,"column":63}}],"line":49},"10":{"loc":{"start":{"line":53,"column":28},"end":{"line":53,"column":63}},"type":"cond-expr","locations":[{"start":{"line":53,"column":45},"end":{"line":53,"column":51}},{"start":{"line":53,"column":54},"end":{"line":53,"column":63}}],"line":53},"11":{"loc":{"start":{"line":61,"column":22},"end":{"line":61,"column":69}},"type":"cond-expr","locations":[{"start":{"line":61,"column":38},"end":{"line":61,"column":62}},{"start":{"line":61,"column":65},"end":{"line":61,"column":69}}],"line":61}},"s":{"0":0,"1":0,"2":0,"3":0,"4":0,"5":0,"6":0,"7":0,"8":0,"9":0,"10":0,"11":0,"12":0,"13":0,"14":0,"15":0},"f":{"0":0,"1":0,"2":0,"3":0,"4":0,"5":0,"6":0,"7":0,"8":0,"9":0,"10":0,"11":0},"b":{"0":[0,0],"1":[0,0],"2":[0,0],"3":[0,0],"4":[0,0],"5":[0,0],"6":[0,0],"7":[0,0],"8":[0,0],"9":[0,0],"10":[0,0],"11":[0,0]}},"D:\\Projects\\DoersProjects\\kdabra\\src\\ComponentsLibrary\\CheckBox.js":{"path":"D:\\Projects\\DoersProjects\\kdabra\\src\\ComponentsLibrary\\CheckBox.js","statementMap":{"0":{"start":{"line":4,"column":19},"end":{"line":7,"column":1}},"1":{"start":{"line":9,"column":14},"end":{"line":37,"column":1}},"2":{"start":{"line":39,"column":14},"end":{"line":43,"column":1}},"3":{"start":{"line":45,"column":18},"end":{"line":74,"column":1}},"4":{"start":{"line":50,"column":34},"end":{"line":50,"column":71}},"5":{"start":{"line":76,"column":17},"end":{"line":84,"column":1}},"6":{"start":{"line":77,"column":4},"end":{"line":83,"column":6}}},"fnMap":{"0":{"name":"(anonymous_0)","decl":{"start":{"line":50,"column":25},"end":{"line":50,"column":26}},"loc":{"start":{"line":50,"column":34},"end":{"line":50,"column":71}},"line":50},"1":{"name":"(anonymous_1)","decl":{"start":{"line":76,"column":17},"end":{"line":76,"column":18}},"loc":{"start":{"line":76,"column":43},"end":{"line":84,"column":1}},"line":76}},"branchMap":{"0":{"loc":{"start":{"line":50,"column":34},"end":{"line":50,"column":71}},"type":"cond-expr","locations":[{"start":{"line":50,"column":50},"end":{"line":50,"column":59}},{"start":{"line":50,"column":62},"end":{"line":50,"column":71}}],"line":50},"1":{"loc":{"start":{"line":78,"column":36},"end":{"line":78,"column":72}},"type":"cond-expr","locations":[{"start":{"line":78,"column":52},"end":{"line":78,"column":65}},{"start":{"line":78,"column":68},"end":{"line":78,"column":72}}],"line":78}},"s":{"0":0,"1":0,"2":0,"3":0,"4":0,"5":0,"6":0},"f":{"0":0,"1":0},"b":{"0":[0,0],"1":[0,0]}},"D:\\Projects\\DoersProjects\\kdabra\\src\\ComponentsLibrary\\ComponentsLibraryView.js":{"path":"D:\\Projects\\DoersProjects\\kdabra\\src\\ComponentsLibrary\\ComponentsLibraryView.js","statementMap":{"0":{"start":{"line":20,"column":8},"end":{"line":20,"column":21}},"1":{"start":{"line":22,"column":8},"end":{"line":24,"column":10}},"2":{"start":{"line":27,"column":8},"end":{"line":27,"column":27}},"3":{"start":{"line":31,"column":8},"end":{"line":31,"column":27}},"4":{"start":{"line":32,"column":8},"end":{"line":32,"column":63}},"5":{"start":{"line":36,"column":8},"end":{"line":65,"column":10}}},"fnMap":{"0":{"name":"(anonymous_0)","decl":{"start":{"line":19,"column":4},"end":{"line":19,"column":5}},"loc":{"start":{"line":19,"column":23},"end":{"line":25,"column":5}},"line":19},"1":{"name":"(anonymous_1)","decl":{"start":{"line":26,"column":4},"end":{"line":26,"column":5}},"loc":{"start":{"line":26,"column":26},"end":{"line":28,"column":5}},"line":26},"2":{"name":"(anonymous_2)","decl":{"start":{"line":30,"column":4},"end":{"line":30,"column":5}},"loc":{"start":{"line":30,"column":28},"end":{"line":33,"column":5}},"line":30},"3":{"name":"(anonymous_3)","decl":{"start":{"line":35,"column":4},"end":{"line":35,"column":5}},"loc":{"start":{"line":35,"column":13},"end":{"line":66,"column":5}},"line":35}},"branchMap":{},"s":{"0":0,"1":0,"2":0,"3":0,"4":0,"5":0},"f":{"0":0,"1":0,"2":0,"3":0},"b":{}},"D:\\Projects\\DoersProjects\\kdabra\\src\\ComponentsLibrary\\MessageSubmitButton.js":{"path":"D:\\Projects\\DoersProjects\\kdabra\\src\\ComponentsLibrary\\MessageSubmitButton.js","statementMap":{"0":{"start":{"line":10,"column":27},"end":{"line":10,"column":68}},"1":{"start":{"line":11,"column":30},"end":{"line":11,"column":53}},"2":{"start":{"line":16,"column":7},"end":{"line":24,"column":9}}},"fnMap":{"0":{"name":"(anonymous_0)","decl":{"start":{"line":14,"column":3},"end":{"line":14,"column":4}},"loc":{"start":{"line":14,"column":12},"end":{"line":25,"column":4}},"line":14}},"branchMap":{},"s":{"0":0,"1":0,"2":0},"f":{"0":0},"b":{}},"D:\\Projects\\DoersProjects\\kdabra\\src\\ComponentsLibrary\\Section.js":{"path":"D:\\Projects\\DoersProjects\\kdabra\\src\\ComponentsLibrary\\Section.js","statementMap":{"0":{"start":{"line":3,"column":16},"end":{"line":8,"column":1}}},"fnMap":{},"branchMap":{},"s":{"0":0},"f":{},"b":{}},"D:\\Projects\\DoersProjects\\kdabra\\src\\ComponentsLibrary\\TextGlobe.js":{"path":"D:\\Projects\\DoersProjects\\kdabra\\src\\ComponentsLibrary\\TextGlobe.js","statementMap":{"0":{"start":{"line":4,"column":18},"end":{"line":22,"column":1}},"1":{"start":{"line":6,"column":43},"end":{"line":6,"column":72}},"2":{"start":{"line":8,"column":44},"end":{"line":8,"column":73}},"3":{"start":{"line":9,"column":23},"end":{"line":9,"column":54}},"4":{"start":{"line":10,"column":25},"end":{"line":10,"column":64}},"5":{"start":{"line":20,"column":23},"end":{"line":20,"column":55}},"6":{"start":{"line":21,"column":34},"end":{"line":21,"column":75}},"7":{"start":{"line":24,"column":24},"end":{"line":32,"column":1}},"8":{"start":{"line":34,"column":25},"end":{"line":40,"column":1}},"9":{"start":{"line":35,"column":4},"end":{"line":39,"column":14}}},"fnMap":{"0":{"name":"(anonymous_0)","decl":{"start":{"line":6,"column":34},"end":{"line":6,"column":35}},"loc":{"start":{"line":6,"column":43},"end":{"line":6,"column":72}},"line":6},"1":{"name":"(anonymous_1)","decl":{"start":{"line":8,"column":35},"end":{"line":8,"column":36}},"loc":{"start":{"line":8,"column":44},"end":{"line":8,"column":73}},"line":8},"2":{"name":"(anonymous_2)","decl":{"start":{"line":9,"column":14},"end":{"line":9,"column":15}},"loc":{"start":{"line":9,"column":23},"end":{"line":9,"column":54}},"line":9},"3":{"name":"(anonymous_3)","decl":{"start":{"line":10,"column":16},"end":{"line":10,"column":17}},"loc":{"start":{"line":10,"column":25},"end":{"line":10,"column":64}},"line":10},"4":{"name":"(anonymous_4)","decl":{"start":{"line":20,"column":14},"end":{"line":20,"column":15}},"loc":{"start":{"line":20,"column":23},"end":{"line":20,"column":55}},"line":20},"5":{"name":"(anonymous_5)","decl":{"start":{"line":21,"column":25},"end":{"line":21,"column":26}},"loc":{"start":{"line":21,"column":34},"end":{"line":21,"column":75}},"line":21},"6":{"name":"(anonymous_6)","decl":{"start":{"line":34,"column":25},"end":{"line":34,"column":26}},"loc":{"start":{"line":35,"column":4},"end":{"line":39,"column":14}},"line":35}},"branchMap":{"0":{"loc":{"start":{"line":6,"column":43},"end":{"line":6,"column":72}},"type":"cond-expr","locations":[{"start":{"line":6,"column":58},"end":{"line":6,"column":64}},{"start":{"line":6,"column":67},"end":{"line":6,"column":72}}],"line":6},"1":{"loc":{"start":{"line":8,"column":44},"end":{"line":8,"column":73}},"type":"cond-expr","locations":[{"start":{"line":8,"column":59},"end":{"line":8,"column":64}},{"start":{"line":8,"column":67},"end":{"line":8,"column":73}}],"line":8},"2":{"loc":{"start":{"line":9,"column":23},"end":{"line":9,"column":54}},"type":"cond-expr","locations":[{"start":{"line":9,"column":38},"end":{"line":9,"column":45}},{"start":{"line":9,"column":48},"end":{"line":9,"column":54}}],"line":9},"3":{"loc":{"start":{"line":10,"column":25},"end":{"line":10,"column":64}},"type":"cond-expr","locations":[{"start":{"line":10,"column":40},"end":{"line":10,"column":47}},{"start":{"line":10,"column":50},"end":{"line":10,"column":64}}],"line":10},"4":{"loc":{"start":{"line":20,"column":23},"end":{"line":20,"column":55}},"type":"cond-expr","locations":[{"start":{"line":20,"column":38},"end":{"line":20,"column":45}},{"start":{"line":20,"column":48},"end":{"line":20,"column":55}}],"line":20},"5":{"loc":{"start":{"line":21,"column":34},"end":{"line":21,"column":75}},"type":"cond-expr","locations":[{"start":{"line":21,"column":49},"end":{"line":21,"column":65}},{"start":{"line":21,"column":68},"end":{"line":21,"column":75}}],"line":21}},"s":{"0":0,"1":0,"2":0,"3":0,"4":0,"5":0,"6":0,"7":0,"8":0,"9":0},"f":{"0":0,"1":0,"2":0,"3":0,"4":0,"5":0,"6":0},"b":{"0":[0,0],"1":[0,0],"2":[0,0],"3":[0,0],"4":[0,0],"5":[0,0]}},"D:\\Projects\\DoersProjects\\kdabra\\src\\ComponentsLibrary\\Title.js":{"path":"D:\\Projects\\DoersProjects\\kdabra\\src\\ComponentsLibrary\\Title.js","statementMap":{"0":{"start":{"line":3,"column":14},"end":{"line":10,"column":1}},"1":{"start":{"line":5,"column":29},"end":{"line":5,"column":53}},"2":{"start":{"line":7,"column":27},"end":{"line":7,"column":55}}},"fnMap":{"0":{"name":"(anonymous_0)","decl":{"start":{"line":5,"column":20},"end":{"line":5,"column":21}},"loc":{"start":{"line":5,"column":29},"end":{"line":5,"column":53}},"line":5},"1":{"name":"(anonymous_1)","decl":{"start":{"line":7,"column":18},"end":{"line":7,"column":19}},"loc":{"start":{"line":7,"column":27},"end":{"line":7,"column":55}},"line":7}},"branchMap":{"0":{"loc":{"start":{"line":5,"column":29},"end":{"line":5,"column":53}},"type":"cond-expr","locations":[{"start":{"line":5,"column":40},"end":{"line":5,"column":45}},{"start":{"line":5,"column":48},"end":{"line":5,"column":53}}],"line":5},"1":{"loc":{"start":{"line":7,"column":27},"end":{"line":7,"column":55}},"type":"cond-expr","locations":[{"start":{"line":7,"column":38},"end":{"line":7,"column":44}},{"start":{"line":7,"column":47},"end":{"line":7,"column":55}}],"line":7}},"s":{"0":0,"1":0,"2":0},"f":{"0":0,"1":0},"b":{"0":[0,0],"1":[0,0]}},"D:\\Projects\\DoersProjects\\kdabra\\src\\firebase.js":{"path":"D:\\Projects\\DoersProjects\\kdabra\\src\\firebase.js","statementMap":{"0":{"start":{"line":2,"column":13},"end":{"line":9,"column":1}},"1":{"start":{"line":11,"column":0},"end":{"line":11,"column":31}},"2":{"start":{"line":12,"column":13},"end":{"line":12,"column":28}},"3":{"start":{"line":16,"column":4},"end":{"line":16,"column":76}},"4":{"start":{"line":20,"column":4},"end":{"line":20,"column":91}},"5":{"start":{"line":23,"column":21},"end":{"line":23,"column":23}},"6":{"start":{"line":24,"column":4},"end":{"line":24,"column":54}},"7":{"start":{"line":25,"column":4},"end":{"line":25,"column":38}},"8":{"start":{"line":26,"column":4},"end":{"line":26,"column":85}},"9":{"start":{"line":30,"column":4},"end":{"line":30,"column":68}},"10":{"start":{"line":33,"column":4},"end":{"line":33,"column":95}},"11":{"start":{"line":37,"column":18},"end":{"line":37,"column":64}},"12":{"start":{"line":38,"column":4},"end":{"line":38,"column":26}},"13":{"start":{"line":39,"column":4},"end":{"line":39,"column":56}},"14":{"start":{"line":43,"column":23},"end":{"line":43,"column":25}},"15":{"start":{"line":44,"column":4},"end":{"line":44,"column":35}},"16":{"start":{"line":45,"column":4},"end":{"line":45,"column":27}},"17":{"start":{"line":46,"column":4},"end":{"line":46,"column":76}},"18":{"start":{"line":50,"column":22},"end":{"line":57,"column":5}},"19":{"start":{"line":58,"column":18},"end":{"line":58,"column":80}},"20":{"start":{"line":59,"column":4},"end":{"line":59,"column":27}},"21":{"start":{"line":63,"column":26},"end":{"line":75,"column":7}},"22":{"start":{"line":76,"column":4},"end":{"line":76,"column":87}},"23":{"start":{"line":78,"column":37},"end":{"line":79,"column":50}},"24":{"start":{"line":79,"column":2},"end":{"line":79,"column":50}},"25":{"start":{"line":81,"column":43},"end":{"line":82,"column":54}},"26":{"start":{"line":82,"column":2},"end":{"line":82,"column":54}}},"fnMap":{"0":{"name":"fbGetConversationsSuscription","decl":{"start":{"line":14,"column":9},"end":{"line":14,"column":38}},"loc":{"start":{"line":14,"column":52},"end":{"line":17,"column":1}},"line":14},"1":{"name":"fbGetMessagesConversationSuscription","decl":{"start":{"line":19,"column":9},"end":{"line":19,"column":45}},"loc":{"start":{"line":19,"column":72},"end":{"line":21,"column":1}},"line":19},"2":{"name":"fbCreateBusiness","decl":{"start":{"line":22,"column":9},"end":{"line":22,"column":25}},"loc":{"start":{"line":22,"column":36},"end":{"line":27,"column":1}},"line":22},"3":{"name":"fbCreateUser","decl":{"start":{"line":28,"column":9},"end":{"line":28,"column":21}},"loc":{"start":{"line":28,"column":28},"end":{"line":31,"column":1}},"line":28},"4":{"name":"fbGetBusiness","decl":{"start":{"line":32,"column":9},"end":{"line":32,"column":22}},"loc":{"start":{"line":32,"column":38},"end":{"line":34,"column":1}},"line":32},"5":{"name":"fbGetOnboarding","decl":{"start":{"line":36,"column":9},"end":{"line":36,"column":24}},"loc":{"start":{"line":36,"column":35},"end":{"line":40,"column":1}},"line":36},"6":{"name":"fbUpdateOnboarding","decl":{"start":{"line":42,"column":9},"end":{"line":42,"column":27}},"loc":{"start":{"line":42,"column":52},"end":{"line":47,"column":1}},"line":42},"7":{"name":"fbAddNewMessage","decl":{"start":{"line":49,"column":9},"end":{"line":49,"column":24}},"loc":{"start":{"line":49,"column":76},"end":{"line":60,"column":1}},"line":49},"8":{"name":"fbCreateNewConversation","decl":{"start":{"line":62,"column":9},"end":{"line":62,"column":32}},"loc":{"start":{"line":62,"column":68},"end":{"line":77,"column":1}},"line":62},"9":{"name":"(anonymous_9)","decl":{"start":{"line":78,"column":37},"end":{"line":78,"column":38}},"loc":{"start":{"line":79,"column":2},"end":{"line":79,"column":50}},"line":79},"10":{"name":"(anonymous_10)","decl":{"start":{"line":81,"column":43},"end":{"line":81,"column":44}},"loc":{"start":{"line":82,"column":2},"end":{"line":82,"column":54}},"line":82}},"branchMap":{},"s":{"0":0,"1":0,"2":0,"3":0,"4":0,"5":0,"6":0,"7":0,"8":0,"9":0,"10":0,"11":0,"12":0,"13":0,"14":0,"15":0,"16":0,"17":0,"18":0,"19":0,"20":0,"21":0,"22":0,"23":0,"24":0,"25":0,"26":0},"f":{"0":0,"1":0,"2":0,"3":0,"4":0,"5":0,"6":0,"7":0,"8":0,"9":0,"10":0},"b":{}},"D:\\Projects\\DoersProjects\\kdabra\\src\\index.js":{"path":"D:\\Projects\\DoersProjects\\kdabra\\src\\index.js","statementMap":{"0":{"start":{"line":10,"column":0},"end":{"line":16,"column":36}},"1":{"start":{"line":18,"column":0},"end":{"line":18,"column":24}}},"fnMap":{},"branchMap":{},"s":{"0":0,"1":0},"f":{},"b":{}},"D:\\Projects\\DoersProjects\\kdabra\\src\\MainContainer.js":{"path":"D:\\Projects\\DoersProjects\\kdabra\\src\\MainContainer.js","statementMap":{"0":{"start":{"line":22,"column":8},"end":{"line":34,"column":10}}},"fnMap":{"0":{"name":"(anonymous_0)","decl":{"start":{"line":21,"column":4},"end":{"line":21,"column":5}},"loc":{"start":{"line":21,"column":13},"end":{"line":35,"column":5}},"line":21}},"branchMap":{},"s":{"0":0},"f":{"0":0},"b":{}},"D:\\Projects\\DoersProjects\\kdabra\\src\\redux\\actions\\actions_type.js":{"path":"D:\\Projects\\DoersProjects\\kdabra\\src\\redux\\actions\\actions_type.js","statementMap":{"0":{"start":{"line":1,"column":36},"end":{"line":1,"column":58}},"1":{"start":{"line":2,"column":34},"end":{"line":2,"column":54}},"2":{"start":{"line":3,"column":36},"end":{"line":3,"column":58}},"3":{"start":{"line":5,"column":31},"end":{"line":5,"column":48}},"4":{"start":{"line":6,"column":27},"end":{"line":6,"column":40}},"5":{"start":{"line":7,"column":28},"end":{"line":7,"column":42}},"6":{"start":{"line":9,"column":30},"end":{"line":9,"column":46}},"7":{"start":{"line":10,"column":33},"end":{"line":10,"column":52}},"8":{"start":{"line":12,"column":28},"end":{"line":12,"column":42}},"9":{"start":{"line":14,"column":32},"end":{"line":14,"column":50}},"10":{"start":{"line":15,"column":43},"end":{"line":15,"column":72}},"11":{"start":{"line":16,"column":32},"end":{"line":16,"column":50}},"12":{"start":{"line":17,"column":36},"end":{"line":17,"column":58}},"13":{"start":{"line":19,"column":31},"end":{"line":19,"column":48}},"14":{"start":{"line":20,"column":32},"end":{"line":20,"column":50}},"15":{"start":{"line":22,"column":25},"end":{"line":22,"column":36}},"16":{"start":{"line":23,"column":27},"end":{"line":23,"column":40}},"17":{"start":{"line":24,"column":37},"end":{"line":24,"column":60}}},"fnMap":{},"branchMap":{},"s":{"0":0,"1":0,"2":0,"3":0,"4":0,"5":0,"6":0,"7":0,"8":0,"9":0,"10":0,"11":0,"12":0,"13":0,"14":0,"15":0,"16":0,"17":0},"f":{},"b":{}},"D:\\Projects\\DoersProjects\\kdabra\\src\\redux\\actions\\actions.js":{"path":"D:\\Projects\\DoersProjects\\kdabra\\src\\redux\\actions\\actions.js","statementMap":{"0":{"start":{"line":6,"column":22},"end":{"line":11,"column":1}},"1":{"start":{"line":7,"column":2},"end":{"line":10,"column":4}},"2":{"start":{"line":14,"column":25},"end":{"line":19,"column":1}},"3":{"start":{"line":15,"column":2},"end":{"line":18,"column":4}},"4":{"start":{"line":22,"column":22},"end":{"line":27,"column":1}},"5":{"start":{"line":23,"column":2},"end":{"line":26,"column":4}},"6":{"start":{"line":29,"column":24},"end":{"line":35,"column":1}},"7":{"start":{"line":30,"column":2},"end":{"line":34,"column":3}},"8":{"start":{"line":37,"column":23},"end":{"line":42,"column":1}},"9":{"start":{"line":38,"column":2},"end":{"line":41,"column":4}},"10":{"start":{"line":44,"column":19},"end":{"line":49,"column":1}},"11":{"start":{"line":45,"column":2},"end":{"line":48,"column":4}},"12":{"start":{"line":51,"column":19},"end":{"line":55,"column":1}},"13":{"start":{"line":52,"column":2},"end":{"line":54,"column":4}},"14":{"start":{"line":58,"column":28},"end":{"line":64,"column":1}},"15":{"start":{"line":59,"column":2},"end":{"line":63,"column":4}},"16":{"start":{"line":66,"column":28},"end":{"line":72,"column":1}},"17":{"start":{"line":67,"column":2},"end":{"line":71,"column":4}},"18":{"start":{"line":74,"column":30},"end":{"line":85,"column":1}},"19":{"start":{"line":75,"column":4},"end":{"line":84,"column":5}},"20":{"start":{"line":76,"column":6},"end":{"line":83,"column":9}},"21":{"start":{"line":78,"column":8},"end":{"line":78,"column":35}},"22":{"start":{"line":79,"column":8},"end":{"line":79,"column":49}},"23":{"start":{"line":80,"column":8},"end":{"line":80,"column":36}},"24":{"start":{"line":87,"column":23},"end":{"line":92,"column":1}},"25":{"start":{"line":88,"column":2},"end":{"line":91,"column":4}},"26":{"start":{"line":93,"column":27},"end":{"line":98,"column":1}},"27":{"start":{"line":94,"column":2},"end":{"line":97,"column":4}},"28":{"start":{"line":99,"column":17},"end":{"line":105,"column":1}},"29":{"start":{"line":100,"column":2},"end":{"line":104,"column":4}},"30":{"start":{"line":107,"column":32},"end":{"line":114,"column":1}},"31":{"start":{"line":108,"column":2},"end":{"line":113,"column":3}},"32":{"start":{"line":109,"column":4},"end":{"line":109,"column":30}},"33":{"start":{"line":111,"column":4},"end":{"line":111,"column":44}},"34":{"start":{"line":112,"column":4},"end":{"line":112,"column":33}},"35":{"start":{"line":116,"column":23},"end":{"line":120,"column":1}},"36":{"start":{"line":117,"column":2},"end":{"line":119,"column":4}},"37":{"start":{"line":122,"column":24},"end":{"line":126,"column":1}},"38":{"start":{"line":123,"column":2},"end":{"line":125,"column":4}}},"fnMap":{"0":{"name":"(anonymous_0)","decl":{"start":{"line":6,"column":22},"end":{"line":6,"column":23}},"loc":{"start":{"line":6,"column":33},"end":{"line":11,"column":1}},"line":6},"1":{"name":"(anonymous_1)","decl":{"start":{"line":14,"column":25},"end":{"line":14,"column":26}},"loc":{"start":{"line":14,"column":36},"end":{"line":19,"column":1}},"line":14},"2":{"name":"(anonymous_2)","decl":{"start":{"line":22,"column":22},"end":{"line":22,"column":23}},"loc":{"start":{"line":22,"column":37},"end":{"line":27,"column":1}},"line":22},"3":{"name":"(anonymous_3)","decl":{"start":{"line":29,"column":24},"end":{"line":29,"column":25}},"loc":{"start":{"line":29,"column":39},"end":{"line":35,"column":1}},"line":29},"4":{"name":"(anonymous_4)","decl":{"start":{"line":37,"column":23},"end":{"line":37,"column":24}},"loc":{"start":{"line":37,"column":38},"end":{"line":42,"column":1}},"line":37},"5":{"name":"(anonymous_5)","decl":{"start":{"line":44,"column":19},"end":{"line":44,"column":20}},"loc":{"start":{"line":44,"column":34},"end":{"line":49,"column":1}},"line":44},"6":{"name":"(anonymous_6)","decl":{"start":{"line":51,"column":19},"end":{"line":51,"column":20}},"loc":{"start":{"line":51,"column":30},"end":{"line":55,"column":1}},"line":51},"7":{"name":"(anonymous_7)","decl":{"start":{"line":58,"column":28},"end":{"line":58,"column":29}},"loc":{"start":{"line":58,"column":43},"end":{"line":64,"column":1}},"line":58},"8":{"name":"(anonymous_8)","decl":{"start":{"line":66,"column":28},"end":{"line":66,"column":29}},"loc":{"start":{"line":66,"column":43},"end":{"line":72,"column":1}},"line":66},"9":{"name":"(anonymous_9)","decl":{"start":{"line":74,"column":30},"end":{"line":74,"column":31}},"loc":{"start":{"line":74,"column":49},"end":{"line":85,"column":1}},"line":74},"10":{"name":"(anonymous_10)","decl":{"start":{"line":75,"column":11},"end":{"line":75,"column":12}},"loc":{"start":{"line":75,"column":31},"end":{"line":84,"column":5}},"line":75},"11":{"name":"(anonymous_11)","decl":{"start":{"line":77,"column":12},"end":{"line":77,"column":13}},"loc":{"start":{"line":77,"column":21},"end":{"line":81,"column":7}},"line":77},"12":{"name":"(anonymous_12)","decl":{"start":{"line":82,"column":13},"end":{"line":82,"column":14}},"loc":{"start":{"line":82,"column":22},"end":{"line":83,"column":7}},"line":82},"13":{"name":"(anonymous_13)","decl":{"start":{"line":87,"column":23},"end":{"line":87,"column":24}},"loc":{"start":{"line":87,"column":41},"end":{"line":92,"column":1}},"line":87},"14":{"name":"(anonymous_14)","decl":{"start":{"line":93,"column":27},"end":{"line":93,"column":28}},"loc":{"start":{"line":93,"column":45},"end":{"line":98,"column":1}},"line":93},"15":{"name":"(anonymous_15)","decl":{"start":{"line":99,"column":17},"end":{"line":99,"column":18}},"loc":{"start":{"line":99,"column":28},"end":{"line":105,"column":1}},"line":99},"16":{"name":"(anonymous_16)","decl":{"start":{"line":107,"column":32},"end":{"line":107,"column":33}},"loc":{"start":{"line":107,"column":55},"end":{"line":114,"column":1}},"line":107},"17":{"name":"(anonymous_17)","decl":{"start":{"line":108,"column":9},"end":{"line":108,"column":10}},"loc":{"start":{"line":108,"column":29},"end":{"line":113,"column":3}},"line":108},"18":{"name":"(anonymous_18)","decl":{"start":{"line":116,"column":23},"end":{"line":116,"column":24}},"loc":{"start":{"line":116,"column":34},"end":{"line":120,"column":1}},"line":116},"19":{"name":"(anonymous_19)","decl":{"start":{"line":122,"column":24},"end":{"line":122,"column":25}},"loc":{"start":{"line":122,"column":35},"end":{"line":126,"column":1}},"line":122}},"branchMap":{},"s":{"0":0,"1":0,"2":0,"3":0,"4":0,"5":0,"6":0,"7":0,"8":0,"9":0,"10":0,"11":0,"12":0,"13":0,"14":0,"15":0,"16":0,"17":0,"18":0,"19":0,"20":0,"21":0,"22":0,"23":0,"24":0,"25":0,"26":0,"27":0,"28":0,"29":0,"30":0,"31":0,"32":0,"33":0,"34":0,"35":0,"36":0,"37":0,"38":0},"f":{"0":0,"1":0,"2":0,"3":0,"4":0,"5":0,"6":0,"7":0,"8":0,"9":0,"10":0,"11":0,"12":0,"13":0,"14":0,"15":0,"16":0,"17":0,"18":0,"19":0},"b":{}},"D:\\Projects\\DoersProjects\\kdabra\\src\\redux\\actions\\conversationsActions.js":{"path":"D:\\Projects\\DoersProjects\\kdabra\\src\\redux\\actions\\conversationsActions.js","statementMap":{"0":{"start":{"line":5,"column":29},"end":{"line":10,"column":1}},"1":{"start":{"line":6,"column":4},"end":{"line":9,"column":6}},"2":{"start":{"line":12,"column":25},"end":{"line":20,"column":1}},"3":{"start":{"line":13,"column":4},"end":{"line":18,"column":5}},"4":{"start":{"line":14,"column":6},"end":{"line":14,"column":32}},"5":{"start":{"line":16,"column":6},"end":{"line":16,"column":56}},"6":{"start":{"line":17,"column":6},"end":{"line":17,"column":35}}},"fnMap":{"0":{"name":"(anonymous_0)","decl":{"start":{"line":5,"column":29},"end":{"line":5,"column":30}},"loc":{"start":{"line":5,"column":44},"end":{"line":10,"column":1}},"line":5},"1":{"name":"(anonymous_1)","decl":{"start":{"line":12,"column":25},"end":{"line":12,"column":26}},"loc":{"start":{"line":12,"column":53},"end":{"line":20,"column":1}},"line":12},"2":{"name":"(anonymous_2)","decl":{"start":{"line":13,"column":11},"end":{"line":13,"column":12}},"loc":{"start":{"line":13,"column":31},"end":{"line":18,"column":5}},"line":13}},"branchMap":{},"s":{"0":0,"1":0,"2":0,"3":0,"4":0,"5":0,"6":0},"f":{"0":0,"1":0,"2":0},"b":{}},"D:\\Projects\\DoersProjects\\kdabra\\src\\redux\\reducer.js":{"path":"D:\\Projects\\DoersProjects\\kdabra\\src\\redux\\reducer.js","statementMap":{},"fnMap":{},"branchMap":{},"s":{},"f":{},"b":{}},"D:\\Projects\\DoersProjects\\kdabra\\src\\redux\\reducers\\business_test.js":{"path":"D:\\Projects\\DoersProjects\\kdabra\\src\\redux\\reducers\\business_test.js","statementMap":{},"fnMap":{},"branchMap":{},"s":{},"f":{},"b":{}},"D:\\Projects\\DoersProjects\\kdabra\\src\\redux\\reducers\\business.js":{"path":"D:\\Projects\\DoersProjects\\kdabra\\src\\redux\\reducers\\business.js","statementMap":{"0":{"start":{"line":3,"column":21},"end":{"line":8,"column":1}},"1":{"start":{"line":10,"column":4},"end":{"line":48,"column":5}},"2":{"start":{"line":12,"column":12},"end":{"line":15,"column":14}},"3":{"start":{"line":16,"column":8},"end":{"line":16,"column":14}},"4":{"start":{"line":18,"column":12},"end":{"line":22,"column":14}},"5":{"start":{"line":23,"column":8},"end":{"line":23,"column":14}},"6":{"start":{"line":26,"column":12},"end":{"line":32,"column":14}},"7":{"start":{"line":33,"column":8},"end":{"line":33,"column":14}},"8":{"start":{"line":36,"column":27},"end":{"line":36,"column":60}},"9":{"start":{"line":37,"column":12},"end":{"line":37,"column":32}},"10":{"start":{"line":38,"column":12},"end":{"line":38,"column":33}},"11":{"start":{"line":39,"column":12},"end":{"line":42,"column":14}},"12":{"start":{"line":43,"column":8},"end":{"line":43,"column":14}},"13":{"start":{"line":46,"column":12},"end":{"line":46,"column":25}},"14":{"start":{"line":47,"column":8},"end":{"line":47,"column":14}}},"fnMap":{"0":{"name":"(anonymous_0)","decl":{"start":{"line":9,"column":15},"end":{"line":9,"column":16}},"loc":{"start":{"line":9,"column":49},"end":{"line":49,"column":1}},"line":9}},"branchMap":{"0":{"loc":{"start":{"line":9,"column":16},"end":{"line":9,"column":36}},"type":"default-arg","locations":[{"start":{"line":9,"column":24},"end":{"line":9,"column":36}}],"line":9},"1":{"loc":{"start":{"line":10,"column":4},"end":{"line":48,"column":5}},"type":"switch","locations":[{"start":{"line":11,"column":8},"end":{"line":16,"column":14}},{"start":{"line":17,"column":8},"end":{"line":23,"column":14}},{"start":{"line":25,"column":8},"end":{"line":33,"column":14}},{"start":{"line":35,"column":8},"end":{"line":43,"column":14}},{"start":{"line":45,"column":8},"end":{"line":47,"column":14}}],"line":10}},"s":{"0":0,"1":0,"2":0,"3":0,"4":0,"5":0,"6":0,"7":0,"8":0,"9":0,"10":0,"11":0,"12":0,"13":0,"14":0},"f":{"0":0},"b":{"0":[0],"1":[0,0,0,0,0]}},"D:\\Projects\\DoersProjects\\kdabra\\src\\redux\\reducers\\conversations_test.js":{"path":"D:\\Projects\\DoersProjects\\kdabra\\src\\redux\\reducers\\conversations_test.js","statementMap":{},"fnMap":{},"branchMap":{},"s":{},"f":{},"b":{}},"D:\\Projects\\DoersProjects\\kdabra\\src\\redux\\reducers\\conversations.js":{"path":"D:\\Projects\\DoersProjects\\kdabra\\src\\redux\\reducers\\conversations.js","statementMap":{"0":{"start":{"line":4,"column":21},"end":{"line":9,"column":1}},"1":{"start":{"line":12,"column":4},"end":{"line":82,"column":5}},"2":{"start":{"line":14,"column":12},"end":{"line":17,"column":14}},"3":{"start":{"line":18,"column":8},"end":{"line":18,"column":14}},"4":{"start":{"line":20,"column":12},"end":{"line":23,"column":14}},"5":{"start":{"line":24,"column":8},"end":{"line":24,"column":14}},"6":{"start":{"line":26,"column":29},"end":{"line":26,"column":62}},"7":{"start":{"line":27,"column":12},"end":{"line":33,"column":15}},"8":{"start":{"line":34,"column":12},"end":{"line":37,"column":14}},"9":{"start":{"line":38,"column":8},"end":{"line":38,"column":14}},"10":{"start":{"line":41,"column":29},"end":{"line":41,"column":62}},"11":{"start":{"line":42,"column":12},"end":{"line":49,"column":15}},"12":{"start":{"line":50,"column":12},"end":{"line":53,"column":14}},"13":{"start":{"line":54,"column":8},"end":{"line":54,"column":14}},"14":{"start":{"line":57,"column":29},"end":{"line":57,"column":62}},"15":{"start":{"line":58,"column":12},"end":{"line":65,"column":15}},"16":{"start":{"line":66,"column":12},"end":{"line":69,"column":14}},"17":{"start":{"line":70,"column":8},"end":{"line":70,"column":14}},"18":{"start":{"line":73,"column":12},"end":{"line":76,"column":13}},"19":{"start":{"line":77,"column":8},"end":{"line":77,"column":14}},"20":{"start":{"line":80,"column":12},"end":{"line":80,"column":25}},"21":{"start":{"line":81,"column":8},"end":{"line":81,"column":14}}},"fnMap":{"0":{"name":"(anonymous_0)","decl":{"start":{"line":11,"column":15},"end":{"line":11,"column":16}},"loc":{"start":{"line":11,"column":49},"end":{"line":83,"column":1}},"line":11}},"branchMap":{"0":{"loc":{"start":{"line":11,"column":16},"end":{"line":11,"column":36}},"type":"default-arg","locations":[{"start":{"line":11,"column":24},"end":{"line":11,"column":36}}],"line":11},"1":{"loc":{"start":{"line":12,"column":4},"end":{"line":82,"column":5}},"type":"switch","locations":[{"start":{"line":13,"column":8},"end":{"line":18,"column":14}},{"start":{"line":19,"column":8},"end":{"line":24,"column":14}},{"start":{"line":25,"column":8},"end":{"line":38,"column":14}},{"start":{"line":40,"column":8},"end":{"line":54,"column":14}},{"start":{"line":56,"column":8},"end":{"line":70,"column":14}},{"start":{"line":72,"column":8},"end":{"line":77,"column":14}},{"start":{"line":79,"column":8},"end":{"line":81,"column":14}}],"line":12}},"s":{"0":0,"1":0,"2":0,"3":0,"4":0,"5":0,"6":0,"7":0,"8":0,"9":0,"10":0,"11":0,"12":0,"13":0,"14":0,"15":0,"16":0,"17":0,"18":0,"19":0,"20":0,"21":0},"f":{"0":0},"b":{"0":[0],"1":[0,0,0,0,0,0,0]}},"D:\\Projects\\DoersProjects\\kdabra\\src\\redux\\reducers\\fetching.js":{"path":"D:\\Projects\\DoersProjects\\kdabra\\src\\redux\\reducers\\fetching.js","statementMap":{"0":{"start":{"line":4,"column":21},"end":{"line":8,"column":1}},"1":{"start":{"line":11,"column":4},"end":{"line":37,"column":5}},"2":{"start":{"line":13,"column":12},"end":{"line":20,"column":14}},"3":{"start":{"line":21,"column":8},"end":{"line":21,"column":14}},"4":{"start":{"line":24,"column":12},"end":{"line":31,"column":14}},"5":{"start":{"line":32,"column":8},"end":{"line":32,"column":14}},"6":{"start":{"line":35,"column":12},"end":{"line":35,"column":25}},"7":{"start":{"line":36,"column":8},"end":{"line":36,"column":14}}},"fnMap":{"0":{"name":"(anonymous_0)","decl":{"start":{"line":10,"column":15},"end":{"line":10,"column":16}},"loc":{"start":{"line":10,"column":49},"end":{"line":38,"column":1}},"line":10}},"branchMap":{"0":{"loc":{"start":{"line":10,"column":16},"end":{"line":10,"column":36}},"type":"default-arg","locations":[{"start":{"line":10,"column":24},"end":{"line":10,"column":36}}],"line":10},"1":{"loc":{"start":{"line":11,"column":4},"end":{"line":37,"column":5}},"type":"switch","locations":[{"start":{"line":12,"column":8},"end":{"line":21,"column":14}},{"start":{"line":23,"column":8},"end":{"line":32,"column":14}},{"start":{"line":34,"column":8},"end":{"line":36,"column":14}}],"line":11}},"s":{"0":0,"1":0,"2":0,"3":0,"4":0,"5":0,"6":0,"7":0},"f":{"0":0},"b":{"0":[0],"1":[0,0,0]}},"D:\\Projects\\DoersProjects\\kdabra\\src\\redux\\reducers\\user.js":{"path":"D:\\Projects\\DoersProjects\\kdabra\\src\\redux\\reducers\\user.js","statementMap":{"0":{"start":{"line":4,"column":21},"end":{"line":8,"column":1}},"1":{"start":{"line":11,"column":4},"end":{"line":44,"column":5}},"2":{"start":{"line":13,"column":8},"end":{"line":19,"column":10}},"3":{"start":{"line":20,"column":8},"end":{"line":20,"column":14}},"4":{"start":{"line":22,"column":12},"end":{"line":28,"column":14}},"5":{"start":{"line":29,"column":8},"end":{"line":29,"column":14}},"6":{"start":{"line":31,"column":12},"end":{"line":39,"column":14}},"7":{"start":{"line":40,"column":8},"end":{"line":40,"column":14}},"8":{"start":{"line":43,"column":12},"end":{"line":43,"column":25}}},"fnMap":{"0":{"name":"(anonymous_0)","decl":{"start":{"line":10,"column":15},"end":{"line":10,"column":16}},"loc":{"start":{"line":10,"column":49},"end":{"line":45,"column":1}},"line":10}},"branchMap":{"0":{"loc":{"start":{"line":10,"column":16},"end":{"line":10,"column":36}},"type":"default-arg","locations":[{"start":{"line":10,"column":24},"end":{"line":10,"column":36}}],"line":10},"1":{"loc":{"start":{"line":11,"column":4},"end":{"line":44,"column":5}},"type":"switch","locations":[{"start":{"line":12,"column":8},"end":{"line":20,"column":14}},{"start":{"line":21,"column":8},"end":{"line":29,"column":14}},{"start":{"line":30,"column":8},"end":{"line":40,"column":14}},{"start":{"line":42,"column":8},"end":{"line":43,"column":25}}],"line":11}},"s":{"0":0,"1":0,"2":0,"3":0,"4":0,"5":0,"6":0,"7":0,"8":0},"f":{"0":0},"b":{"0":[0],"1":[0,0,0,0]}},"D:\\Projects\\DoersProjects\\kdabra\\src\\redux\\store.js":{"path":"D:\\Projects\\DoersProjects\\kdabra\\src\\redux\\store.js","statementMap":{"0":{"start":{"line":5,"column":25},"end":{"line":5,"column":79}},"1":{"start":{"line":6,"column":21},"end":{"line":11,"column":1}}},"fnMap":{},"branchMap":{"0":{"loc":{"start":{"line":5,"column":25},"end":{"line":5,"column":79}},"type":"binary-expr","locations":[{"start":{"line":5,"column":25},"end":{"line":5,"column":68}},{"start":{"line":5,"column":72},"end":{"line":5,"column":79}}],"line":5}},"s":{"0":0,"1":0},"f":{},"b":{"0":[0,0]}},"D:\\Projects\\DoersProjects\\kdabra\\src\\registerServiceWorker.js":{"path":"D:\\Projects\\DoersProjects\\kdabra\\src\\registerServiceWorker.js","statementMap":{"0":{"start":{"line":11,"column":20},"end":{"line":19,"column":1}},"1":{"start":{"line":22,"column":2},"end":{"line":43,"column":3}},"2":{"start":{"line":24,"column":22},"end":{"line":24,"column":70}},"3":{"start":{"line":25,"column":4},"end":{"line":30,"column":5}},"4":{"start":{"line":29,"column":6},"end":{"line":29,"column":12}},"5":{"start":{"line":32,"column":4},"end":{"line":42,"column":6}},"6":{"start":{"line":33,"column":20},"end":{"line":33,"column":65}},"7":{"start":{"line":35,"column":6},"end":{"line":41,"column":7}},"8":{"start":{"line":37,"column":8},"end":{"line":37,"column":30}},"9":{"start":{"line":40,"column":8},"end":{"line":40,"column":38}},"10":{"start":{"line":47,"column":2},"end":{"line":72,"column":6}},"11":{"start":{"line":50,"column":6},"end":{"line":68,"column":7}},"12":{"start":{"line":51,"column":33},"end":{"line":51,"column":56}},"13":{"start":{"line":52,"column":8},"end":{"line":67,"column":9}},"14":{"start":{"line":53,"column":10},"end":{"line":66,"column":11}},"15":{"start":{"line":54,"column":12},"end":{"line":65,"column":13}},"16":{"start":{"line":59,"column":14},"end":{"line":59,"column":70}},"17":{"start":{"line":64,"column":14},"end":{"line":64,"column":63}},"18":{"start":{"line":71,"column":6},"end":{"line":71,"column":71}},"19":{"start":{"line":77,"column":2},"end":{"line":99,"column":6}},"20":{"start":{"line":80,"column":6},"end":{"line":93,"column":7}},"21":{"start":{"line":85,"column":8},"end":{"line":89,"column":10}},"22":{"start":{"line":86,"column":10},"end":{"line":88,"column":12}},"23":{"start":{"line":87,"column":12},"end":{"line":87,"column":36}},"24":{"start":{"line":92,"column":8},"end":{"line":92,"column":30}},"25":{"start":{"line":96,"column":6},"end":{"line":98,"column":7}},"26":{"start":{"line":103,"column":2},"end":{"line":107,"column":3}},"27":{"start":{"line":104,"column":4},"end":{"line":106,"column":6}},"28":{"start":{"line":105,"column":6},"end":{"line":105,"column":31}}},"fnMap":{"0":{"name":"register","decl":{"start":{"line":21,"column":24},"end":{"line":21,"column":32}},"loc":{"start":{"line":21,"column":36},"end":{"line":44,"column":1}},"line":21},"1":{"name":"(anonymous_1)","decl":{"start":{"line":32,"column":36},"end":{"line":32,"column":37}},"loc":{"start":{"line":32,"column":42},"end":{"line":42,"column":5}},"line":32},"2":{"name":"registerValidSW","decl":{"start":{"line":46,"column":9},"end":{"line":46,"column":24}},"loc":{"start":{"line":46,"column":33},"end":{"line":73,"column":1}},"line":46},"3":{"name":"(anonymous_3)","decl":{"start":{"line":49,"column":10},"end":{"line":49,"column":11}},"loc":{"start":{"line":49,"column":26},"end":{"line":69,"column":5}},"line":49},"4":{"name":"(anonymous_4)","decl":{"start":{"line":50,"column":35},"end":{"line":50,"column":36}},"loc":{"start":{"line":50,"column":41},"end":{"line":68,"column":7}},"line":50},"5":{"name":"(anonymous_5)","decl":{"start":{"line":52,"column":41},"end":{"line":52,"column":42}},"loc":{"start":{"line":52,"column":47},"end":{"line":67,"column":9}},"line":52},"6":{"name":"(anonymous_6)","decl":{"start":{"line":70,"column":11},"end":{"line":70,"column":12}},"loc":{"start":{"line":70,"column":20},"end":{"line":72,"column":5}},"line":70},"7":{"name":"checkValidServiceWorker","decl":{"start":{"line":75,"column":9},"end":{"line":75,"column":32}},"loc":{"start":{"line":75,"column":41},"end":{"line":100,"column":1}},"line":75},"8":{"name":"(anonymous_8)","decl":{"start":{"line":78,"column":10},"end":{"line":78,"column":11}},"loc":{"start":{"line":78,"column":22},"end":{"line":94,"column":5}},"line":78},"9":{"name":"(anonymous_9)","decl":{"start":{"line":85,"column":43},"end":{"line":85,"column":44}},"loc":{"start":{"line":85,"column":59},"end":{"line":89,"column":9}},"line":85},"10":{"name":"(anonymous_10)","decl":{"start":{"line":86,"column":41},"end":{"line":86,"column":42}},"loc":{"start":{"line":86,"column":47},"end":{"line":88,"column":11}},"line":86},"11":{"name":"(anonymous_11)","decl":{"start":{"line":95,"column":11},"end":{"line":95,"column":12}},"loc":{"start":{"line":95,"column":17},"end":{"line":99,"column":5}},"line":95},"12":{"name":"unregister","decl":{"start":{"line":102,"column":16},"end":{"line":102,"column":26}},"loc":{"start":{"line":102,"column":30},"end":{"line":108,"column":1}},"line":102},"13":{"name":"(anonymous_13)","decl":{"start":{"line":104,"column":39},"end":{"line":104,"column":40}},"loc":{"start":{"line":104,"column":55},"end":{"line":106,"column":5}},"line":104}},"branchMap":{"0":{"loc":{"start":{"line":12,"column":2},"end":{"line":18,"column":5}},"type":"binary-expr","locations":[{"start":{"line":12,"column":2},"end":{"line":12,"column":42}},{"start":{"line":14,"column":4},"end":{"line":14,"column":40}},{"start":{"line":16,"column":4},"end":{"line":18,"column":5}}],"line":12},"1":{"loc":{"start":{"line":22,"column":2},"end":{"line":43,"column":3}},"type":"if","locations":[{"start":{"line":22,"column":2},"end":{"line":43,"column":3}},{"start":{"line":22,"column":2},"end":{"line":43,"column":3}}],"line":22},"2":{"loc":{"start":{"line":22,"column":6},"end":{"line":22,"column":75}},"type":"binary-expr","locations":[{"start":{"line":22,"column":6},"end":{"line":22,"column":43}},{"start":{"line":22,"column":47},"end":{"line":22,"column":75}}],"line":22},"3":{"loc":{"start":{"line":25,"column":4},"end":{"line":30,"column":5}},"type":"if","locations":[{"start":{"line":25,"column":4},"end":{"line":30,"column":5}},{"start":{"line":25,"column":4},"end":{"line":30,"column":5}}],"line":25},"4":{"loc":{"start":{"line":35,"column":6},"end":{"line":41,"column":7}},"type":"if","locations":[{"start":{"line":35,"column":6},"end":{"line":41,"column":7}},{"start":{"line":35,"column":6},"end":{"line":41,"column":7}}],"line":35},"5":{"loc":{"start":{"line":53,"column":10},"end":{"line":66,"column":11}},"type":"if","locations":[{"start":{"line":53,"column":10},"end":{"line":66,"column":11}},{"start":{"line":53,"column":10},"end":{"line":66,"column":11}}],"line":53},"6":{"loc":{"start":{"line":54,"column":12},"end":{"line":65,"column":13}},"type":"if","locations":[{"start":{"line":54,"column":12},"end":{"line":65,"column":13}},{"start":{"line":54,"column":12},"end":{"line":65,"column":13}}],"line":54},"7":{"loc":{"start":{"line":80,"column":6},"end":{"line":93,"column":7}},"type":"if","locations":[{"start":{"line":80,"column":6},"end":{"line":93,"column":7}},{"start":{"line":80,"column":6},"end":{"line":93,"column":7}}],"line":80},"8":{"loc":{"start":{"line":81,"column":8},"end":{"line":82,"column":73}},"type":"binary-expr","locations":[{"start":{"line":81,"column":8},"end":{"line":81,"column":31}},{"start":{"line":82,"column":8},"end":{"line":82,"column":73}}],"line":81},"9":{"loc":{"start":{"line":103,"column":2},"end":{"line":107,"column":3}},"type":"if","locations":[{"start":{"line":103,"column":2},"end":{"line":107,"column":3}},{"start":{"line":103,"column":2},"end":{"line":107,"column":3}}],"line":103}},"s":{"0":0,"1":0,"2":0,"3":0,"4":0,"5":0,"6":0,"7":0,"8":0,"9":0,"10":0,"11":0,"12":0,"13":0,"14":0,"15":0,"16":0,"17":0,"18":0,"19":0,"20":0,"21":0,"22":0,"23":0,"24":0,"25":0,"26":0,"27":0,"28":0},"f":{"0":0,"1":0,"2":0,"3":0,"4":0,"5":0,"6":0,"7":0,"8":0,"9":0,"10":0,"11":0,"12":0,"13":0},"b":{"0":[0,0,0],"1":[0,0],"2":[0,0],"3":[0,0],"4":[0,0],"5":[0,0],"6":[0,0],"7":[0,0],"8":[0,0],"9":[0,0]}},"D:\\Projects\\DoersProjects\\kdabra\\src\\RouteAdmin\\AdminBusinessHeader.js":{"path":"D:\\Projects\\DoersProjects\\kdabra\\src\\RouteAdmin\\AdminBusinessHeader.js","statementMap":{"0":{"start":{"line":15,"column":32},"end":{"line":15,"column":65}},"1":{"start":{"line":16,"column":37},"end":{"line":16,"column":75}},"2":{"start":{"line":17,"column":36},"end":{"line":17,"column":73}},"3":{"start":{"line":18,"column":37},"end":{"line":18,"column":65}},"4":{"start":{"line":19,"column":37},"end":{"line":19,"column":65}},"5":{"start":{"line":21,"column":37},"end":{"line":21,"column":69}},"6":{"start":{"line":22,"column":41},"end":{"line":22,"column":77}},"7":{"start":{"line":23,"column":50},"end":{"line":23,"column":94}},"8":{"start":{"line":24,"column":42},"end":{"line":24,"column":79}},"9":{"start":{"line":25,"column":51},"end":{"line":25,"column":96}},"10":{"start":{"line":26,"column":41},"end":{"line":26,"column":77}},"11":{"start":{"line":27,"column":50},"end":{"line":27,"column":94}},"12":{"start":{"line":28,"column":38},"end":{"line":28,"column":71}},"13":{"start":{"line":29,"column":47},"end":{"line":29,"column":88}},"14":{"start":{"line":33,"column":8},"end":{"line":33,"column":21}},"15":{"start":{"line":34,"column":8},"end":{"line":38,"column":10}},"16":{"start":{"line":42,"column":8},"end":{"line":42,"column":27}},"17":{"start":{"line":43,"column":8},"end":{"line":43,"column":43}},"18":{"start":{"line":44,"column":8},"end":{"line":44,"column":46}},"19":{"start":{"line":45,"column":8},"end":{"line":45,"column":34}},"20":{"start":{"line":46,"column":8},"end":{"line":46,"column":43}},"21":{"start":{"line":50,"column":8},"end":{"line":50,"column":147}},"22":{"start":{"line":54,"column":8},"end":{"line":111,"column":10}}},"fnMap":{"0":{"name":"(anonymous_0)","decl":{"start":{"line":32,"column":1},"end":{"line":32,"column":2}},"loc":{"start":{"line":32,"column":20},"end":{"line":39,"column":5}},"line":32},"1":{"name":"(anonymous_1)","decl":{"start":{"line":41,"column":4},"end":{"line":41,"column":5}},"loc":{"start":{"line":41,"column":43},"end":{"line":47,"column":5}},"line":41},"2":{"name":"(anonymous_2)","decl":{"start":{"line":49,"column":4},"end":{"line":49,"column":5}},"loc":{"start":{"line":49,"column":32},"end":{"line":51,"column":5}},"line":49},"3":{"name":"(anonymous_3)","decl":{"start":{"line":53,"column":4},"end":{"line":53,"column":5}},"loc":{"start":{"line":53,"column":13},"end":{"line":112,"column":5}},"line":53}},"branchMap":{},"s":{"0":0,"1":0,"2":0,"3":0,"4":0,"5":0,"6":0,"7":0,"8":0,"9":0,"10":0,"11":0,"12":0,"13":0,"14":0,"15":0,"16":0,"17":0,"18":0,"19":0,"20":0,"21":0,"22":0},"f":{"0":0,"1":0,"2":0,"3":0},"b":{}},"D:\\Projects\\DoersProjects\\kdabra\\src\\RouteAdmin\\AdminBusinessView.js":{"path":"D:\\Projects\\DoersProjects\\kdabra\\src\\RouteAdmin\\AdminBusinessView.js","statementMap":{"0":{"start":{"line":23,"column":15},"end":{"line":29,"column":1}},"1":{"start":{"line":33,"column":8},"end":{"line":33,"column":21}},"2":{"start":{"line":34,"column":8},"end":{"line":37,"column":10}},"3":{"start":{"line":39,"column":29},"end":{"line":39,"column":76}},"4":{"start":{"line":40,"column":8},"end":{"line":51,"column":11}},"5":{"start":{"line":42,"column":12},"end":{"line":42,"column":40}},"6":{"start":{"line":43,"column":31},"end":{"line":43,"column":41}},"7":{"start":{"line":44,"column":12},"end":{"line":44,"column":53}},"8":{"start":{"line":45,"column":12},"end":{"line":45,"column":35}},"9":{"start":{"line":47,"column":12},"end":{"line":47,"column":59}},"10":{"start":{"line":50,"column":12},"end":{"line":50,"column":29}},"11":{"start":{"line":56,"column":8},"end":{"line":56,"column":46}},"12":{"start":{"line":57,"column":8},"end":{"line":57,"column":34}},"13":{"start":{"line":61,"column":20},"end":{"line":61,"column":49}},"14":{"start":{"line":62,"column":28},"end":{"line":62,"column":57}},"15":{"start":{"line":63,"column":8},"end":{"line":77,"column":9}},"16":{"start":{"line":65,"column":12},"end":{"line":73,"column":14}},"17":{"start":{"line":76,"column":12},"end":{"line":76,"column":24}}},"fnMap":{"0":{"name":"(anonymous_0)","decl":{"start":{"line":32,"column":4},"end":{"line":32,"column":5}},"loc":{"start":{"line":32,"column":23},"end":{"line":53,"column":5}},"line":32},"1":{"name":"(anonymous_1)","decl":{"start":{"line":41,"column":8},"end":{"line":41,"column":9}},"loc":{"start":{"line":41,"column":22},"end":{"line":48,"column":9}},"line":41},"2":{"name":"(anonymous_2)","decl":{"start":{"line":49,"column":15},"end":{"line":49,"column":16}},"loc":{"start":{"line":49,"column":24},"end":{"line":51,"column":9}},"line":49},"3":{"name":"(anonymous_3)","decl":{"start":{"line":55,"column":4},"end":{"line":55,"column":5}},"loc":{"start":{"line":55,"column":28},"end":{"line":58,"column":5}},"line":55},"4":{"name":"(anonymous_4)","decl":{"start":{"line":60,"column":4},"end":{"line":60,"column":5}},"loc":{"start":{"line":60,"column":13},"end":{"line":78,"column":5}},"line":60}},"branchMap":{"0":{"loc":{"start":{"line":62,"column":28},"end":{"line":62,"column":57}},"type":"binary-expr","locations":[{"start":{"line":62,"column":28},"end":{"line":62,"column":39}},{"start":{"line":62,"column":43},"end":{"line":62,"column":57}}],"line":62},"1":{"loc":{"start":{"line":63,"column":8},"end":{"line":77,"column":9}},"type":"if","locations":[{"start":{"line":63,"column":8},"end":{"line":77,"column":9}},{"start":{"line":63,"column":8},"end":{"line":77,"column":9}}],"line":63}},"s":{"0":0,"1":0,"2":0,"3":0,"4":0,"5":0,"6":0,"7":0,"8":0,"9":0,"10":0,"11":0,"12":0,"13":0,"14":0,"15":0,"16":0,"17":0},"f":{"0":0,"1":0,"2":0,"3":0,"4":0},"b":{"0":[0,0],"1":[0,0]}},"D:\\Projects\\DoersProjects\\kdabra\\src\\RouteAdmin\\AnalyticsContainer.js":{"path":"D:\\Projects\\DoersProjects\\kdabra\\src\\RouteAdmin\\AnalyticsContainer.js","statementMap":{"0":{"start":{"line":16,"column":8},"end":{"line":16,"column":21}},"1":{"start":{"line":17,"column":8},"end":{"line":18,"column":10}},"2":{"start":{"line":22,"column":8},"end":{"line":28,"column":10}}},"fnMap":{"0":{"name":"(anonymous_0)","decl":{"start":{"line":15,"column":4},"end":{"line":15,"column":5}},"loc":{"start":{"line":15,"column":23},"end":{"line":19,"column":5}},"line":15},"1":{"name":"(anonymous_1)","decl":{"start":{"line":21,"column":4},"end":{"line":21,"column":5}},"loc":{"start":{"line":21,"column":13},"end":{"line":29,"column":5}},"line":21}},"branchMap":{},"s":{"0":0,"1":0,"2":0},"f":{"0":0,"1":0},"b":{}},"D:\\Projects\\DoersProjects\\kdabra\\src\\RouteAdmin\\MessagesContainer.js":{"path":"D:\\Projects\\DoersProjects\\kdabra\\src\\RouteAdmin\\MessagesContainer.js","statementMap":{"0":{"start":{"line":17,"column":8},"end":{"line":17,"column":21}},"1":{"start":{"line":18,"column":8},"end":{"line":19,"column":10}},"2":{"start":{"line":25,"column":8},"end":{"line":29,"column":10}}},"fnMap":{"0":{"name":"(anonymous_0)","decl":{"start":{"line":16,"column":4},"end":{"line":16,"column":5}},"loc":{"start":{"line":16,"column":23},"end":{"line":20,"column":5}},"line":16},"1":{"name":"(anonymous_1)","decl":{"start":{"line":24,"column":4},"end":{"line":24,"column":5}},"loc":{"start":{"line":24,"column":13},"end":{"line":30,"column":5}},"line":24}},"branchMap":{},"s":{"0":0,"1":0,"2":0},"f":{"0":0,"1":0},"b":{}},"D:\\Projects\\DoersProjects\\kdabra\\src\\RouteAdmin\\NavigationItem.js":{"path":"D:\\Projects\\DoersProjects\\kdabra\\src\\RouteAdmin\\NavigationItem.js","statementMap":{"0":{"start":{"line":16,"column":2},"end":{"line":16,"column":15}},"1":{"start":{"line":21,"column":2},"end":{"line":28,"column":4}},"2":{"start":{"line":24,"column":33},"end":{"line":24,"column":104}}},"fnMap":{"0":{"name":"(anonymous_0)","decl":{"start":{"line":15,"column":1},"end":{"line":15,"column":2}},"loc":{"start":{"line":15,"column":20},"end":{"line":18,"column":2}},"line":15},"1":{"name":"(anonymous_1)","decl":{"start":{"line":20,"column":1},"end":{"line":20,"column":2}},"loc":{"start":{"line":20,"column":10},"end":{"line":29,"column":2}},"line":20},"2":{"name":"(anonymous_2)","decl":{"start":{"line":24,"column":26},"end":{"line":24,"column":27}},"loc":{"start":{"line":24,"column":33},"end":{"line":24,"column":104}},"line":24}},"branchMap":{"0":{"loc":{"start":{"line":23,"column":29},"end":{"line":23,"column":87}},"type":"cond-expr","locations":[{"start":{"line":23,"column":53},"end":{"line":23,"column":61}},{"start":{"line":23,"column":64},"end":{"line":23,"column":87}}],"line":23},"1":{"loc":{"start":{"line":26,"column":27},"end":{"line":26,"column":101}},"type":"cond-expr","locations":[{"start":{"line":26,"column":51},"end":{"line":26,"column":75}},{"start":{"line":26,"column":78},"end":{"line":26,"column":101}}],"line":26}},"s":{"0":0,"1":0,"2":0},"f":{"0":0,"1":0,"2":0},"b":{"0":[0,0],"1":[0,0]}},"D:\\Projects\\DoersProjects\\kdabra\\src\\RouteAdmin\\ShareContainer.js":{"path":"D:\\Projects\\DoersProjects\\kdabra\\src\\RouteAdmin\\ShareContainer.js","statementMap":{"0":{"start":{"line":18,"column":8},"end":{"line":18,"column":21}},"1":{"start":{"line":19,"column":8},"end":{"line":21,"column":9}},"2":{"start":{"line":25,"column":8},"end":{"line":29,"column":10}},"3":{"start":{"line":33,"column":8},"end":{"line":38,"column":10}},"4":{"start":{"line":44,"column":8},"end":{"line":82,"column":10}},"5":{"start":{"line":53,"column":30},"end":{"line":53,"column":59}}},"fnMap":{"0":{"name":"(anonymous_0)","decl":{"start":{"line":17,"column":4},"end":{"line":17,"column":5}},"loc":{"start":{"line":17,"column":23},"end":{"line":22,"column":5}},"line":17},"1":{"name":"(anonymous_1)","decl":{"start":{"line":24,"column":4},"end":{"line":24,"column":5}},"loc":{"start":{"line":24,"column":18},"end":{"line":30,"column":5}},"line":24},"2":{"name":"(anonymous_2)","decl":{"start":{"line":32,"column":4},"end":{"line":32,"column":5}},"loc":{"start":{"line":32,"column":19},"end":{"line":39,"column":5}},"line":32},"3":{"name":"(anonymous_3)","decl":{"start":{"line":42,"column":4},"end":{"line":42,"column":5}},"loc":{"start":{"line":42,"column":13},"end":{"line":84,"column":5}},"line":42},"4":{"name":"(anonymous_4)","decl":{"start":{"line":53,"column":24},"end":{"line":53,"column":25}},"loc":{"start":{"line":53,"column":30},"end":{"line":53,"column":59}},"line":53}},"branchMap":{"0":{"loc":{"start":{"line":62,"column":20},"end":{"line":63,"column":39}},"type":"binary-expr","locations":[{"start":{"line":62,"column":20},"end":{"line":62,"column":37}},{"start":{"line":63,"column":20},"end":{"line":63,"column":39}}],"line":62}},"s":{"0":0,"1":0,"2":0,"3":0,"4":0,"5":0},"f":{"0":0,"1":0,"2":0,"3":0,"4":0},"b":{"0":[0,0]}},"D:\\Projects\\DoersProjects\\kdabra\\src\\RouteConversation\\BusinessInfoContainer.js":{"path":"D:\\Projects\\DoersProjects\\kdabra\\src\\RouteConversation\\BusinessInfoContainer.js","statementMap":{"0":{"start":{"line":18,"column":37},"end":{"line":18,"column":39}},"1":{"start":{"line":19,"column":8},"end":{"line":21,"column":11}},"2":{"start":{"line":22,"column":8},"end":{"line":24,"column":11}},"3":{"start":{"line":26,"column":28},"end":{"line":26,"column":30}},"4":{"start":{"line":27,"column":8},"end":{"line":27,"column":67}},"5":{"start":{"line":28,"column":8},"end":{"line":29,"column":10}},"6":{"start":{"line":31,"column":8},"end":{"line":42,"column":10}},"7":{"start":{"line":47,"column":25},"end":{"line":47,"column":39}},"8":{"start":{"line":48,"column":4},"end":{"line":48,"column":35}}},"fnMap":{"0":{"name":"(anonymous_0)","decl":{"start":{"line":17,"column":4},"end":{"line":17,"column":5}},"loc":{"start":{"line":17,"column":13},"end":{"line":43,"column":5}},"line":17},"1":{"name":"(anonymous_1)","decl":{"start":{"line":28,"column":30},"end":{"line":28,"column":31}},"loc":{"start":{"line":28,"column":41},"end":{"line":29,"column":9}},"line":28},"2":{"name":"mapStateToProps","decl":{"start":{"line":46,"column":9},"end":{"line":46,"column":24}},"loc":{"start":{"line":46,"column":32},"end":{"line":49,"column":1}},"line":46}},"branchMap":{},"s":{"0":0,"1":0,"2":0,"3":0,"4":0,"5":0,"6":0,"7":0,"8":0},"f":{"0":0,"1":0,"2":0},"b":{}},"D:\\Projects\\DoersProjects\\kdabra\\src\\RouteConversation\\ConversationContainer.js":{"path":"D:\\Projects\\DoersProjects\\kdabra\\src\\RouteConversation\\ConversationContainer.js","statementMap":{"0":{"start":{"line":12,"column":8},"end":{"line":12,"column":21}},"1":{"start":{"line":14,"column":29},"end":{"line":14,"column":71}},"2":{"start":{"line":15,"column":8},"end":{"line":25,"column":11}},"3":{"start":{"line":17,"column":16},"end":{"line":17,"column":44}},"4":{"start":{"line":18,"column":35},"end":{"line":18,"column":45}},"5":{"start":{"line":19,"column":16},"end":{"line":19,"column":57}},"6":{"start":{"line":21,"column":16},"end":{"line":21,"column":63}},"7":{"start":{"line":24,"column":12},"end":{"line":24,"column":29}},"8":{"start":{"line":29,"column":21},"end":{"line":29,"column":23}},"9":{"start":{"line":30,"column":8},"end":{"line":30,"column":59}},"10":{"start":{"line":31,"column":8},"end":{"line":31,"column":24}},"11":{"start":{"line":33,"column":22},"end":{"line":33,"column":24}},"12":{"start":{"line":34,"column":8},"end":{"line":34,"column":62}},"13":{"start":{"line":35,"column":8},"end":{"line":35,"column":80}},"14":{"start":{"line":37,"column":8},"end":{"line":49,"column":10}},"15":{"start":{"line":54,"column":25},"end":{"line":54,"column":39}},"16":{"start":{"line":55,"column":27},"end":{"line":55,"column":37}},"17":{"start":{"line":56,"column":4},"end":{"line":56,"column":36}}},"fnMap":{"0":{"name":"(anonymous_0)","decl":{"start":{"line":11,"column":4},"end":{"line":11,"column":5}},"loc":{"start":{"line":11,"column":23},"end":{"line":26,"column":5}},"line":11},"1":{"name":"(anonymous_1)","decl":{"start":{"line":16,"column":12},"end":{"line":16,"column":13}},"loc":{"start":{"line":16,"column":26},"end":{"line":22,"column":9}},"line":16},"2":{"name":"(anonymous_2)","decl":{"start":{"line":23,"column":15},"end":{"line":23,"column":16}},"loc":{"start":{"line":23,"column":24},"end":{"line":25,"column":9}},"line":23},"3":{"name":"(anonymous_3)","decl":{"start":{"line":28,"column":4},"end":{"line":28,"column":5}},"loc":{"start":{"line":28,"column":13},"end":{"line":50,"column":5}},"line":28},"4":{"name":"mapStateToProps","decl":{"start":{"line":53,"column":9},"end":{"line":53,"column":24}},"loc":{"start":{"line":53,"column":32},"end":{"line":57,"column":1}},"line":53}},"branchMap":{},"s":{"0":0,"1":0,"2":0,"3":0,"4":0,"5":0,"6":0,"7":0,"8":0,"9":0,"10":0,"11":0,"12":0,"13":0,"14":0,"15":0,"16":0,"17":0},"f":{"0":0,"1":0,"2":0,"3":0,"4":0},"b":{}},"D:\\Projects\\DoersProjects\\kdabra\\src\\RouteConversation\\ConversationHeader.js":{"path":"D:\\Projects\\DoersProjects\\kdabra\\src\\RouteConversation\\ConversationHeader.js","statementMap":{"0":{"start":{"line":18,"column":8},"end":{"line":78,"column":10}}},"fnMap":{"0":{"name":"(anonymous_0)","decl":{"start":{"line":17,"column":4},"end":{"line":17,"column":5}},"loc":{"start":{"line":17,"column":13},"end":{"line":79,"column":5}},"line":17}},"branchMap":{"0":{"loc":{"start":{"line":23,"column":20},"end":{"line":31,"column":27}},"type":"binary-expr","locations":[{"start":{"line":23,"column":20},"end":{"line":23,"column":35}},{"start":{"line":24,"column":20},"end":{"line":31,"column":27}}],"line":23},"1":{"loc":{"start":{"line":35,"column":20},"end":{"line":43,"column":27}},"type":"binary-expr","locations":[{"start":{"line":35,"column":20},"end":{"line":35,"column":37}},{"start":{"line":36,"column":20},"end":{"line":43,"column":27}}],"line":35},"2":{"loc":{"start":{"line":47,"column":20},"end":{"line":52,"column":25}},"type":"binary-expr","locations":[{"start":{"line":47,"column":20},"end":{"line":47,"column":39}},{"start":{"line":48,"column":20},"end":{"line":52,"column":25}}],"line":47},"3":{"loc":{"start":{"line":56,"column":20},"end":{"line":66,"column":27}},"type":"binary-expr","locations":[{"start":{"line":56,"column":20},"end":{"line":56,"column":36}},{"start":{"line":57,"column":20},"end":{"line":66,"column":27}}],"line":56},"4":{"loc":{"start":{"line":69,"column":20},"end":{"line":75,"column":27}},"type":"binary-expr","locations":[{"start":{"line":69,"column":20},"end":{"line":69,"column":42}},{"start":{"line":70,"column":20},"end":{"line":75,"column":27}}],"line":69}},"s":{"0":0},"f":{"0":0},"b":{"0":[0,0],"1":[0,0],"2":[0,0],"3":[0,0],"4":[0,0]}},"D:\\Projects\\DoersProjects\\kdabra\\src\\RouteConversation\\ConversationHeaderContainer.js":{"path":"D:\\Projects\\DoersProjects\\kdabra\\src\\RouteConversation\\ConversationHeaderContainer.js","statementMap":{"0":{"start":{"line":6,"column":8},"end":{"line":10,"column":9}},"1":{"start":{"line":7,"column":25},"end":{"line":7,"column":27}},"2":{"start":{"line":8,"column":12},"end":{"line":8,"column":65}},"3":{"start":{"line":9,"column":12},"end":{"line":9,"column":28}},"4":{"start":{"line":12,"column":8},"end":{"line":20,"column":10}}},"fnMap":{"0":{"name":"(anonymous_0)","decl":{"start":{"line":5,"column":4},"end":{"line":5,"column":5}},"loc":{"start":{"line":5,"column":13},"end":{"line":21,"column":5}},"line":5}},"branchMap":{"0":{"loc":{"start":{"line":6,"column":8},"end":{"line":10,"column":9}},"type":"if","locations":[{"start":{"line":6,"column":8},"end":{"line":10,"column":9}},{"start":{"line":6,"column":8},"end":{"line":10,"column":9}}],"line":6}},"s":{"0":0,"1":0,"2":0,"3":0,"4":0},"f":{"0":0},"b":{"0":[0,0]}},"D:\\Projects\\DoersProjects\\kdabra\\src\\RouteConversation\\Message.js":{"path":"D:\\Projects\\DoersProjects\\kdabra\\src\\RouteConversation\\Message.js","statementMap":{"0":{"start":{"line":18,"column":2},"end":{"line":18,"column":45}},"1":{"start":{"line":22,"column":8},"end":{"line":22,"column":50}},"2":{"start":{"line":26,"column":8},"end":{"line":67,"column":10}}},"fnMap":{"0":{"name":"(anonymous_0)","decl":{"start":{"line":17,"column":4},"end":{"line":17,"column":5}},"loc":{"start":{"line":17,"column":21},"end":{"line":19,"column":5}},"line":17},"1":{"name":"(anonymous_1)","decl":{"start":{"line":21,"column":4},"end":{"line":21,"column":5}},"loc":{"start":{"line":21,"column":24},"end":{"line":23,"column":5}},"line":21},"2":{"name":"(anonymous_2)","decl":{"start":{"line":25,"column":4},"end":{"line":25,"column":5}},"loc":{"start":{"line":25,"column":13},"end":{"line":68,"column":5}},"line":25}},"branchMap":{"0":{"loc":{"start":{"line":31,"column":56},"end":{"line":31,"column":101}},"type":"binary-expr","locations":[{"start":{"line":31,"column":56},"end":{"line":31,"column":79}},{"start":{"line":31,"column":83},"end":{"line":31,"column":101}}],"line":31},"1":{"loc":{"start":{"line":39,"column":24},"end":{"line":44,"column":33}},"type":"binary-expr","locations":[{"start":{"line":39,"column":24},"end":{"line":39,"column":46}},{"start":{"line":40,"column":24},"end":{"line":44,"column":33}}],"line":39},"2":{"loc":{"start":{"line":57,"column":20},"end":{"line":62,"column":28}},"type":"binary-expr","locations":[{"start":{"line":57,"column":20},"end":{"line":57,"column":43}},{"start":{"line":58,"column":20},"end":{"line":62,"column":28}}],"line":57}},"s":{"0":0,"1":0,"2":0},"f":{"0":0,"1":0,"2":0},"b":{"0":[0,0],"1":[0,0],"2":[0,0]}},"D:\\Projects\\DoersProjects\\kdabra\\src\\RouteConversation\\MessagesList.js":{"path":"D:\\Projects\\DoersProjects\\kdabra\\src\\RouteConversation\\MessagesList.js","statementMap":{"0":{"start":{"line":16,"column":23},"end":{"line":16,"column":25}},"1":{"start":{"line":17,"column":8},"end":{"line":25,"column":9}},"2":{"start":{"line":18,"column":34},"end":{"line":18,"column":53}},"3":{"start":{"line":19,"column":27},"end":{"line":19,"column":29}},"4":{"start":{"line":20,"column":23},"end":{"line":20,"column":49}},"5":{"start":{"line":21,"column":12},"end":{"line":24,"column":13}},"6":{"start":{"line":23,"column":16},"end":{"line":23,"column":54}},"7":{"start":{"line":26,"column":8},"end":{"line":26,"column":54}},"8":{"start":{"line":27,"column":8},"end":{"line":27,"column":30}},"9":{"start":{"line":28,"column":8},"end":{"line":56,"column":10}},"10":{"start":{"line":34,"column":28},"end":{"line":39,"column":30}}},"fnMap":{"0":{"name":"(anonymous_0)","decl":{"start":{"line":15,"column":4},"end":{"line":15,"column":5}},"loc":{"start":{"line":15,"column":13},"end":{"line":57,"column":5}},"line":15},"1":{"name":"(anonymous_1)","decl":{"start":{"line":33,"column":24},"end":{"line":33,"column":25}},"loc":{"start":{"line":33,"column":44},"end":{"line":40,"column":25}},"line":33}},"branchMap":{"0":{"loc":{"start":{"line":17,"column":8},"end":{"line":25,"column":9}},"type":"if","locations":[{"start":{"line":17,"column":8},"end":{"line":25,"column":9}},{"start":{"line":17,"column":8},"end":{"line":25,"column":9}}],"line":17},"1":{"loc":{"start":{"line":31,"column":20},"end":{"line":41,"column":21}},"type":"binary-expr","locations":[{"start":{"line":31,"column":20},"end":{"line":31,"column":39}},{"start":{"line":32,"column":20},"end":{"line":41,"column":21}}],"line":31},"2":{"loc":{"start":{"line":44,"column":20},"end":{"line":53,"column":22}},"type":"binary-expr","locations":[{"start":{"line":44,"column":20},"end":{"line":44,"column":40}},{"start":{"line":45,"column":20},"end":{"line":53,"column":22}}],"line":44}},"s":{"0":0,"1":0,"2":0,"3":0,"4":0,"5":0,"6":0,"7":0,"8":0,"9":0,"10":0},"f":{"0":0,"1":0},"b":{"0":[0,0],"1":[0,0],"2":[0,0]}},"D:\\Projects\\DoersProjects\\kdabra\\src\\RouteLogIn\\CreateUserContainer.js":{"path":"D:\\Projects\\DoersProjects\\kdabra\\src\\RouteLogIn\\CreateUserContainer.js","statementMap":{"0":{"start":{"line":23,"column":8},"end":{"line":23,"column":21}},"1":{"start":{"line":24,"column":8},"end":{"line":30,"column":10}},"2":{"start":{"line":33,"column":8},"end":{"line":47,"column":13}},"3":{"start":{"line":35,"column":12},"end":{"line":35,"column":29}},"4":{"start":{"line":36,"column":27},"end":{"line":36,"column":29}},"5":{"start":{"line":37,"column":16},"end":{"line":37,"column":46}},"6":{"start":{"line":38,"column":16},"end":{"line":38,"column":68}},"7":{"start":{"line":39,"column":16},"end":{"line":39,"column":56}},"8":{"start":{"line":41,"column":16},"end":{"line":41,"column":35}},"9":{"start":{"line":42,"column":16},"end":{"line":42,"column":49}},"10":{"start":{"line":46,"column":12},"end":{"line":46,"column":31}},"11":{"start":{"line":50,"column":8},"end":{"line":52,"column":9}},"12":{"start":{"line":51,"column":12},"end":{"line":51,"column":48}},"13":{"start":{"line":53,"column":8},"end":{"line":55,"column":9}},"14":{"start":{"line":54,"column":12},"end":{"line":54,"column":49}},"15":{"start":{"line":58,"column":8},"end":{"line":58,"column":27}},"16":{"start":{"line":59,"column":8},"end":{"line":59,"column":43}},"17":{"start":{"line":60,"column":8},"end":{"line":60,"column":34}},"18":{"start":{"line":63,"column":8},"end":{"line":63,"column":27}},"19":{"start":{"line":64,"column":8},"end":{"line":64,"column":39}},"20":{"start":{"line":65,"column":8},"end":{"line":65,"column":34}},"21":{"start":{"line":68,"column":8},"end":{"line":68,"column":27}},"22":{"start":{"line":69,"column":8},"end":{"line":69,"column":42}},"23":{"start":{"line":70,"column":8},"end":{"line":70,"column":34}},"24":{"start":{"line":73,"column":8},"end":{"line":73,"column":27}},"25":{"start":{"line":74,"column":8},"end":{"line":74,"column":63}},"26":{"start":{"line":77,"column":32},"end":{"line":80,"column":9}},"27":{"start":{"line":81,"column":29},"end":{"line":84,"column":9}},"28":{"start":{"line":85,"column":37},"end":{"line":87,"column":9}},"29":{"start":{"line":88,"column":30},"end":{"line":90,"column":9}},"30":{"start":{"line":91,"column":8},"end":{"line":93,"column":9}},"31":{"start":{"line":92,"column":12},"end":{"line":92,"column":76}},"32":{"start":{"line":94,"column":8},"end":{"line":96,"column":9}},"33":{"start":{"line":95,"column":12},"end":{"line":95,"column":91}},"34":{"start":{"line":97,"column":8},"end":{"line":140,"column":10}}},"fnMap":{"0":{"name":"(anonymous_0)","decl":{"start":{"line":22,"column":4},"end":{"line":22,"column":5}},"loc":{"start":{"line":22,"column":23},"end":{"line":31,"column":5}},"line":22},"1":{"name":"(anonymous_1)","decl":{"start":{"line":32,"column":4},"end":{"line":32,"column":5}},"loc":{"start":{"line":32,"column":15},"end":{"line":48,"column":5}},"line":32},"2":{"name":"(anonymous_2)","decl":{"start":{"line":34,"column":14},"end":{"line":34,"column":15}},"loc":{"start":{"line":34,"column":23},"end":{"line":44,"column":11}},"line":34},"3":{"name":"(anonymous_3)","decl":{"start":{"line":45,"column":17},"end":{"line":45,"column":18}},"loc":{"start":{"line":45,"column":26},"end":{"line":47,"column":11}},"line":45},"4":{"name":"(anonymous_4)","decl":{"start":{"line":49,"column":4},"end":{"line":49,"column":5}},"loc":{"start":{"line":49,"column":25},"end":{"line":56,"column":5}},"line":49},"5":{"name":"(anonymous_5)","decl":{"start":{"line":57,"column":4},"end":{"line":57,"column":5}},"loc":{"start":{"line":57,"column":29},"end":{"line":61,"column":5}},"line":57},"6":{"name":"(anonymous_6)","decl":{"start":{"line":62,"column":4},"end":{"line":62,"column":5}},"loc":{"start":{"line":62,"column":25},"end":{"line":66,"column":5}},"line":62},"7":{"name":"(anonymous_7)","decl":{"start":{"line":67,"column":4},"end":{"line":67,"column":5}},"loc":{"start":{"line":67,"column":29},"end":{"line":71,"column":5}},"line":67},"8":{"name":"(anonymous_8)","decl":{"start":{"line":72,"column":4},"end":{"line":72,"column":5}},"loc":{"start":{"line":72,"column":28},"end":{"line":75,"column":5}},"line":72},"9":{"name":"(anonymous_9)","decl":{"start":{"line":76,"column":4},"end":{"line":76,"column":5}},"loc":{"start":{"line":76,"column":13},"end":{"line":141,"column":5}},"line":76}},"branchMap":{"0":{"loc":{"start":{"line":50,"column":8},"end":{"line":52,"column":9}},"type":"if","locations":[{"start":{"line":50,"column":8},"end":{"line":52,"column":9}},{"start":{"line":50,"column":8},"end":{"line":52,"column":9}}],"line":50},"1":{"loc":{"start":{"line":50,"column":11},"end":{"line":50,"column":62}},"type":"binary-expr","locations":[{"s
[...]
,"column":8},"end":{"line":40,"column":9}},"type":"if","locations":[{"start":{"line":38,"column":8},"end":{"line":40,"column":9}},{"start":{"line":38,"column":8},"end":{"line":40,"column":9}}],"line":38},"1":{"loc":{"start":{"line":38,"column":11},"end":{"line":38,"column":62}},"type":"binary-expr","locations":[{"start":{"line":38,"column":11},"end":{"line":38,"column":33}},{"start":{"line":38,"column":37},"end":{"line":38,"column":62}}],"line":38},"2":{"loc":{"start":{"line":41,"column":8},"end":{"line":43,"column":9}},"type":"if","locations":[{"start":{"line":41,"column":8},"end":{"line":43,"column":9}},{"start":{"line":41,"column":8},"end":{"line":43,"column":9}}],"line":41},"3":{"loc":{"start":{"line":41,"column":11},"end":{"line":41,"column":62}},"type":"binary-expr","locations":[{"start":{"line":41,"column":11},"end":{"line":41,"column":33}},{"start":{"line":41,"column":37},"end":{"line":41,"column":62}}],"line":41},"4":{"loc":{"start":{"line":70,"column":8},"end":{"line":72,"column":9}},"type":"if","locations":[{"start":{"line":70,"column":8},"end":{"line":72,"column":9}},{"start":{"line":70,"column":8},"end":{"line":72,"column":9}}],"line":70}},"s":{"0":0,"1":0,"2":0,"3":0,"4":0,"5":0,"6":0,"7":0,"8":0,"9":0,"10":0,"11":0,"12":0,"13":0,"14":0,"15":0,"16":0,"17":0,"18":0,"19":0,"20":0,"21":0,"22":0},"f":{"0":0,"1":0,"2":0,"3":0,"4":0,"5":0,"6":0,"7":0},"b":{"0":[0,0],"1":[0,0],"2":[0,0],"3":[0,0],"4":[0,0]}},"D:\\Projects\\DoersProjects\\kdabra\\src\\RouteNewMessages\\BusinessMessagesContainer.js":{"path":"D:\\Projects\\DoersProjects\\kdabra\\src\\RouteNewMessages\\BusinessMessagesContainer.js","statementMap":{"0":{"start":{"line":20,"column":4},"end":{"line":20,"column":17}},"1":{"start":{"line":23,"column":4},"end":{"line":25,"column":6}},"2":{"start":{"line":29,"column":27},"end":{"line":29,"column":37}},"3":{"start":{"line":30,"column":22},"end":{"line":30,"column":86}},"4":{"start":{"line":32,"column":6},"end":{"line":36,"column":8}},"5":{"start":{"line":33,"column":8},"end":{"line":35,"column":11}},"6":{"start":{"line":44,"column":4},"end":{"line":52,"column":5}},"7":{"start":{"line":45,"column":35},"end":{"line":45,"column":64}},"8":{"start":{"line":46,"column":32},"end":{"line":46,"column":34}},"9":{"start":{"line":47,"column":19},"end":{"line":47,"column":50}},"10":{"start":{"line":48,"column":8},"end":{"line":51,"column":9}},"11":{"start":{"line":50,"column":12},"end":{"line":50,"column":64}},"12":{"start":{"line":53,"column":4},"end":{"line":72,"column":6}},"13":{"start":{"line":59,"column":18},"end":{"line":64,"column":20}},"14":{"start":{"line":76,"column":35},"end":{"line":76,"column":54}},"15":{"start":{"line":77,"column":25},"end":{"line":77,"column":39}},"16":{"start":{"line":78,"column":4},"end":{"line":78,"column":44}}},"fnMap":{"0":{"name":"(anonymous_0)","decl":{"start":{"line":19,"column":2},"end":{"line":19,"column":3}},"loc":{"start":{"line":19,"column":21},"end":{"line":26,"column":3}},"line":19},"1":{"name":"(anonymous_1)","decl":{"start":{"line":28,"column":2},"end":{"line":28,"column":3}},"loc":{"start":{"line":28,"column":22},"end":{"line":37,"column":3}},"line":28},"2":{"name":"(anonymous_2)","decl":{"start":{"line":32,"column":26},"end":{"line":32,"column":27}},"loc":{"start":{"line":32,"column":38},"end":{"line":36,"column":7}},"line":32},"3":{"name":"(anonymous_3)","decl":{"start":{"line":39,"column":2},"end":{"line":39,"column":3}},"loc":{"start":{"line":39,"column":24},"end":{"line":41,"column":3}},"line":39},"4":{"name":"(anonymous_4)","decl":{"start":{"line":43,"column":2},"end":{"line":43,"column":3}},"loc":{"start":{"line":43,"column":11},"end":{"line":73,"column":3}},"line":43},"5":{"name":"(anonymous_5)","decl":{"start":{"line":58,"column":36},"end":{"line":58,"column":37}},"loc":{"start":{"line":58,"column":56},"end":{"line":65,"column":15}},"line":58},"6":{"name":"mapStateToProps","decl":{"start":{"line":75,"column":9},"end":{"line":75,"column":24}},"loc":{"start":{"line":75,"column":32},"end":{"line":79,"column":1}},"line":75}},"branchMap":{"0":{"loc":{"start":{"line":44,"column":4},"end":{"line":52,"column":5}},"type":"if","locations":[{"start":{"line":44,"column":4},"end":{"line":52,"column":5}},{"start":{"line":44,"column":4},"end":{"line":52,"column":5}}],"line":44},"1":{"loc":{"start":{"line":57,"column":14},"end":{"line":65,"column":16}},"type":"binary-expr","locations":[{"start":{"line":57,"column":15},"end":{"line":57,"column":32}},{"start":{"line":57,"column":36},"end":{"line":57,"column":64}},{"start":{"line":58,"column":14},"end":{"line":65,"column":16}}],"line":57},"2":{"loc":{"start":{"line":68,"column":14},"end":{"line":69,"column":93}},"type":"binary-expr","locations":[{"start":{"line":68,"column":14},"end":{"line":68,"column":32}},{"start":{"line":69,"column":16},"end":{"line":69,"column":93}}],"line":68}},"s":{"0":0,"1":0,"2":0,"3":0,"4":0,"5":0,"6":0,"7":0,"8":0,"9":0,"10":0,"11":0,"12":0,"13":0,"14":0,"15":0,"16":0},"f":{"0":0,"1":0,"2":0,"3":0,"4":0,"5":0,"6":0},"b":{"0":[0,0],"1":[0,0,0],"2":[0,0]}},"D:\\Projects\\DoersProjects\\kdabra\\src\\RouteNewMessages\\Components\\BusinessList.js":{"path":"D:\\Projects\\DoersProjects\\kdabra\\src\\RouteNewMessages\\Components\\BusinessList.js","statementMap":{"0":{"start":{"line":16,"column":6},"end":{"line":27,"column":8}},"1":{"start":{"line":20,"column":20},"end":{"line":22,"column":22}}},"fnMap":{"0":{"name":"(anonymous_0)","decl":{"start":{"line":15,"column":2},"end":{"line":15,"column":3}},"loc":{"start":{"line":15,"column":11},"end":{"line":28,"column":3}},"line":15},"1":{"name":"(anonymous_1)","decl":{"start":{"line":19,"column":44},"end":{"line":19,"column":45}},"loc":{"start":{"line":19,"column":64},"end":{"line":23,"column":17}},"line":19}},"branchMap":{},"s":{"0":0,"1":0},"f":{"0":0,"1":0},"b":{}},"D:\\Projects\\DoersProjects\\kdabra\\src\\RouteNewMessages\\Components\\Messages.js":{"path":"D:\\Projects\\DoersProjects\\kdabra\\src\\RouteNewMessages\\Components\\Messages.js","statementMap":{"0":{"start":{"line":15,"column":8},"end":{"line":27,"column":10}},"1":{"start":{"line":19,"column":24},"end":{"line":23,"column":26}}},"fnMap":{"0":{"name":"(anonymous_0)","decl":{"start":{"line":14,"column":4},"end":{"line":14,"column":5}},"loc":{"start":{"line":14,"column":13},"end":{"line":28,"column":5}},"line":14},"1":{"name":"(anonymous_1)","decl":{"start":{"line":18,"column":44},"end":{"line":18,"column":45}},"loc":{"start":{"line":18,"column":61},"end":{"line":24,"column":21}},"line":18}},"branchMap":{},"s":{"0":0,"1":0},"f":{"0":0,"1":0},"b":{}},"D:\\Projects\\DoersProjects\\kdabra\\src\\RouteNewMessages\\Containers\\BusinessListContainer.js":{"path":"D:\\Projects\\DoersProjects\\kdabra\\src\\RouteNewMessages\\Containers\\BusinessListContainer.js","statementMap":{"0":{"start":{"line":18,"column":42},"end":{"line":18,"column":56}},"1":{"start":{"line":19,"column":25},"end":{"line":19,"column":44}},"2":{"start":{"line":21,"column":4},"end":{"line":25,"column":5}},"3":{"start":{"line":30,"column":8},"end":{"line":30,"column":21}},"4":{"start":{"line":34,"column":29},"end":{"line":34,"column":39}},"5":{"start":{"line":35,"column":8},"end":{"line":35,"column":38}},"6":{"start":{"line":36,"column":8},"end":{"line":36,"column":29}},"7":{"start":{"line":37,"column":8},"end":{"line":37,"column":54}},"8":{"start":{"line":41,"column":55},"end":{"line":41,"column":65}},"9":{"start":{"line":42,"column":8},"end":{"line":54,"column":10}}},"fnMap":{"0":{"name":"mapStateToProps","decl":{"start":{"line":17,"column":9},"end":{"line":17,"column":24}},"loc":{"start":{"line":17,"column":31},"end":{"line":26,"column":1}},"line":17},"1":{"name":"(anonymous_1)","decl":{"start":{"line":29,"column":4},"end":{"line":29,"column":5}},"loc":{"start":{"line":29,"column":23},"end":{"line":31,"column":5}},"line":29},"2":{"name":"(anonymous_2)","decl":{"start":{"line":33,"column":4},"end":{"line":33,"column":5}},"loc":{"start":{"line":33,"column":24},"end":{"line":38,"column":5}},"line":33},"3":{"name":"(anonymous_3)","decl":{"start":{"line":40,"column":4},"end":{"line":40,"column":5}},"loc":{"start":{"line":40,"column":13},"end":{"line":55,"column":5}},"line":40}},"branchMap":{"0":{"loc":{"start":{"line":45,"column":20},"end":{"line":46,"column":45}},"type":"binary-expr","locations":[{"start":{"line":45,"column":20},"end":{"line":45,"column":30}},{"start":{"line":46,"column":20},"end":{"line":46,"column":45}}],"line":45},"1":{"loc":{"start":{"line":49,"column":18},"end":{"line":50,"column":57}},"type":"binary-expr","locations":[{"start":{"line":49,"column":18},"end":{"line":49,"column":26}},{"start":{"line":50,"column":20},"end":{"line":50,"column":57}}],"line":49}},"s":{"0":0,"1":0,"2":0,"3":0,"4":0,"5":0,"6":0,"7":0,"8":0,"9":0},"f":{"0":0,"1":0,"2":0,"3":0},"b":{"0":[0,0],"1":[0,0]}},"D:\\Projects\\DoersProjects\\kdabra\\src\\RouteOnboarding\\OnboardingCard.js":{"path":"D:\\Projects\\DoersProjects\\kdabra\\src\\RouteOnboarding\\OnboardingCard.js","statementMap":{"0":{"start":{"line":16,"column":2},"end":{"line":16,"column":15}},"1":{"start":{"line":17,"column":2},"end":{"line":19,"column":4}},"2":{"start":{"line":22,"column":2},"end":{"line":30,"column":10}}},"fnMap":{"0":{"name":"(anonymous_0)","decl":{"start":{"line":15,"column":1},"end":{"line":15,"column":2}},"loc":{"start":{"line":15,"column":20},"end":{"line":20,"column":2}},"line":15},"1":{"name":"(anonymous_1)","decl":{"start":{"line":21,"column":1},"end":{"line":21,"column":2}},"loc":{"start":{"line":21,"column":10},"end":{"line":31,"column":2}},"line":21}},"branchMap":{},"s":{"0":0,"1":0,"2":0},"f":{"0":0,"1":0},"b":{}},"D:\\Projects\\DoersProjects\\kdabra\\src\\RouteOnboarding\\OnboardingView.js":{"path":"D:\\Projects\\DoersProjects\\kdabra\\src\\RouteOnboarding\\OnboardingView.js","statementMap":{"0":{"start":{"line":18,"column":8},"end":{"line":18,"column":21}},"1":{"start":{"line":19,"column":8},"end":{"line":22,"column":10}},"2":{"start":{"line":26,"column":8},"end":{"line":26,"column":53}},"3":{"start":{"line":29,"column":17},"end":{"line":29,"column":49}},"4":{"start":{"line":30,"column":6},"end":{"line":30,"column":50}},"5":{"start":{"line":34,"column":8},"end":{"line":34,"column":81}},"6":{"start":{"line":38,"column":36},"end":{"line":43,"column":9}},"7":{"start":{"line":45,"column":40},"end":{"line":48,"column":9}},"8":{"start":{"line":49,"column":8},"end":{"line":111,"column":10}}},"fnMap":{"0":{"name":"(anonymous_0)","decl":{"start":{"line":17,"column":4},"end":{"line":17,"column":5}},"loc":{"start":{"line":17,"column":23},"end":{"line":23,"column":5}},"line":17},"1":{"name":"(anonymous_1)","decl":{"start":{"line":25,"column":4},"end":{"line":25,"column":5}},"loc":{"start":{"line":25,"column":29},"end":{"line":27,"column":5}},"line":25},"2":{"name":"(anonymous_2)","decl":{"start":{"line":28,"column":4},"end":{"line":28,"column":5}},"loc":{"start":{"line":28,"column":25},"end":{"line":31,"column":5}},"line":28},"3":{"name":"(anonymous_3)","decl":{"start":{"line":33,"column":4},"end":{"line":33,"column":5}},"loc":{"start":{"line":33,"column":23},"end":{"line":35,"column":5}},"line":33},"4":{"name":"(anonymous_4)","decl":{"start":{"line":37,"column":4},"end":{"line":37,"column":5}},"loc":{"start":{"line":37,"column":13},"end":{"line":112,"column":5}},"line":37}},"branchMap":{"0":{"loc":{"start":{"line":83,"column":20},"end":{"line":89,"column":26}},"type":"binary-expr","locations":[{"start":{"line":83,"column":20},"end":{"line":83,"column":85}},{"start":{"line":84,"column":20},"end":{"line":89,"column":26}}],"line":83},"1":{"loc":{"start":{"line":92,"column":24},"end":{"line":97,"column":30}},"type":"binary-expr","locations":[{"start":{"line":92,"column":24},"end":{"line":92,"column":47}},{"start":{"line":93,"column":24},"end":{"line":97,"column":30}}],"line":92},"2":{"loc":{"start":{"line":94,"column":44},"end":{"line":94,"column":91}},"type":"cond-expr","locations":[{"start":{"line":94,"column":80},"end":{"line":94,"column":88}},{"start":{"line":94,"column":89},"end":{"line":94,"column":91}}],"line":94},"3":{"loc":{"start":{"line":95,"column":44},"end":{"line":95,"column":91}},"type":"cond-expr","locations":[{"start":{"line":95,"column":80},"end":{"line":95,"column":88}},{"start":{"line":95,"column":89},"end":{"line":95,"column":91}}],"line":95},"4":{"loc":{"start":{"line":96,"column":44},"end":{"line":96,"column":91}},"type":"cond-expr","locations":[{"start":{"line":96,"column":80},"end":{"line":96,"column":88}},{"start":{"line":96,"column":89},"end":{"line":96,"column":91}}],"line":96},"5":{"loc":{"start":{"line":100,"column":22},"end":{"line":106,"column":26}},"type":"binary-expr","locations":[{"start":{"line":100,"column":22},"end":{"line":100,"column":87}},{"start":{"line":101,"column":20},"end":{"line":106,"column":26}}],"line":100}},"s":{"0":0,"1":0,"2":0,"3":0,"4":0,"5":0,"6":0,"7":0,"8":0},"f":{"0":0,"1":0,"2":0,"3":0,"4":0},"b":{"0":[0,0],"1":[0,0],"2":[0,0],"3":[0,0],"4":[0,0],"5":[0,0]}},"D:\\Projects\\DoersProjects\\kdabra\\src\\UserAdminRoute\\EventsContainer.js":{"path":"D:\\Projects\\DoersProjects\\kdabra\\src\\UserAdminRoute\\EventsContainer.js","statementMap":{"0":{"start":{"line":16,"column":8},"end":{"line":20,"column":10}}},"fnMap":{"0":{"name":"(anonymous_0)","decl":{"start":{"line":15,"column":4},"end":{"line":15,"column":5}},"loc":{"start":{"line":15,"column":13},"end":{"line":21,"column":5}},"line":15}},"branchMap":{},"s":{"0":0},"f":{"0":0},"b":{}},"D:\\Projects\\DoersProjects\\kdabra\\src\\UserAdminRoute\\MessagesContainer.js":{"path":"D:\\Projects\\DoersProjects\\kdabra\\src\\UserAdminRoute\\MessagesContainer.js","statementMap":{"0":{"start":{"line":19,"column":29},"end":{"line":19,"column":39}},"1":{"start":{"line":20,"column":8},"end":{"line":28,"column":9}},"2":{"start":{"line":21,"column":28},"end":{"line":21,"column":84}},"3":{"start":{"line":23,"column":12},"end":{"line":27,"column":14}},"4":{"start":{"line":24,"column":14},"end":{"line":26,"column":17}},"5":{"start":{"line":32,"column":8},"end":{"line":36,"column":10}},"6":{"start":{"line":42,"column":35},"end":{"line":42,"column":54}},"7":{"start":{"line":43,"column":21},"end":{"line":43,"column":31}},"8":{"start":{"line":44,"column":4},"end":{"line":44,"column":40}}},"fnMap":{"0":{"name":"(anonymous_0)","decl":{"start":{"line":18,"column":4},"end":{"line":18,"column":5}},"loc":{"start":{"line":18,"column":24},"end":{"line":29,"column":5}},"line":18},"1":{"name":"(anonymous_1)","decl":{"start":{"line":23,"column":32},"end":{"line":23,"column":33}},"loc":{"start":{"line":23,"column":44},"end":{"line":27,"column":13}},"line":23},"2":{"name":"(anonymous_2)","decl":{"start":{"line":31,"column":4},"end":{"line":31,"column":5}},"loc":{"start":{"line":31,"column":13},"end":{"line":37,"column":5}},"line":31},"3":{"name":"mapStateToProps","decl":{"start":{"line":41,"column":9},"end":{"line":41,"column":24}},"loc":{"start":{"line":41,"column":32},"end":{"line":45,"column":1}},"line":41}},"branchMap":{"0":{"loc":{"start":{"line":20,"column":8},"end":{"line":28,"column":9}},"type":"if","locations":[{"start":{"line":20,"column":8},"end":{"line":28,"column":9}},{"start":{"line":20,"column":8},"end":{"line":28,"column":9}}],"line":20}},"s":{"0":0,"1":0,"2":0,"3":0,"4":0,"5":0,"6":0,"7":0,"8":0},"f":{"0":0,"1":0,"2":0,"3":0},"b":{"0":[0,0]}},"D:\\Projects\\DoersProjects\\kdabra\\src\\UserAdminRoute\\SettingsContainer.js":{"path":"D:\\Projects\\DoersProjects\\kdabra\\src\\UserAdminRoute\\SettingsContainer.js","statementMap":{"0":{"start":{"line":15,"column":8},"end":{"line":19,"column":10}}},"fnMap":{"0":{"name":"(anonymous_0)","decl":{"start":{"line":14,"column":4},"end":{"line":14,"column":5}},"loc":{"start":{"line":14,"column":13},"end":{"line":20,"column":5}},"line":14}},"branchMap":{},"s":{"0":0},"f":{"0":0},"b":{}},"D:\\Projects\\DoersProjects\\kdabra\\src\\UserAdminRoute\\UserAdminHeader.js":{"path":"D:\\Projects\\DoersProjects\\kdabra\\src\\UserAdminRoute\\UserAdminHeader.js","statementMap":{"0":{"start":{"line":15,"column":32},"end":{"line":15,"column":65}},"1":{"start":{"line":16,"column":37},"end":{"line":16,"column":75}},"2":{"start":{"line":17,"column":36},"end":{"line":17,"column":73}},"3":{"start":{"line":18,"column":37},"end":{"line":18,"column":65}},"4":{"start":{"line":19,"column":37},"end":{"line":19,"column":65}},"5":{"start":{"line":21,"column":37},"end":{"line":21,"column":69}},"6":{"start":{"line":22,"column":41},"end":{"line":22,"column":77}},"7":{"start":{"line":23,"column":50},"end":{"line":23,"column":94}},"8":{"start":{"line":24,"column":21},"end":{"line":24,"column":56}},"9":{"start":{"line":25,"column":28},"end":{"line":25,"column":70}},"10":{"start":{"line":26,"column":41},"end":{"line":26,"column":77}},"11":{"start":{"line":27,"column":50},"end":{"line":27,"column":94}},"12":{"start":{"line":31,"column":8},"end":{"line":31,"column":21}},"13":{"start":{"line":32,"column":8},"end":{"line":35,"column":10}},"14":{"start":{"line":39,"column":8},"end":{"line":39,"column":27}},"15":{"start":{"line":40,"column":8},"end":{"line":40,"column":43}},"16":{"start":{"line":41,"column":8},"end":{"line":41,"column":46}},"17":{"start":{"line":42,"column":8},"end":{"line":42,"column":34}},"18":{"start":{"line":43,"column":8},"end":{"line":43,"column":43}},"19":{"start":{"line":47,"column":8},"end":{"line":47,"column":100}},"20":{"start":{"line":51,"column":8},"end":{"line":100,"column":10}}},"fnMap":{"0":{"name":"(anonymous_0)","decl":{"start":{"line":30,"column":1},"end":{"line":30,"column":2}},"loc":{"start":{"line":30,"column":20},"end":{"line":36,"column":5}},"line":30},"1":{"name":"(anonymous_1)","decl":{"start":{"line":38,"column":4},"end":{"line":38,"column":5}},"loc":{"start":{"line":38,"column":43},"end":{"line":44,"column":5}},"line":38},"2":{"name":"(anonymous_2)","decl":{"start":{"line":46,"column":4},"end":{"line":46,"column":5}},"loc":{"start":{"line":46,"column":32},"end":{"line":48,"column":5}},"line":46},"3":{"name":"(anonymous_3)","decl":{"start":{"line":50,"column":4},"end":{"line":50,"column":5}},"loc":{"start":{"line":50,"column":13},"end":{"line":101,"column":5}},"line":50}},"branchMap":{},"s":{"0":0,"1":0,"2":0,"3":0,"4":0,"5":0,"6":0,"7":0,"8":0,"9":0,"10":0,"11":0,"12":0,"13":0,"14":0,"15":0,"16":0,"17":0,"18":0,"19":0,"20":0},"f":{"0":0,"1":0,"2":0,"3":0},"b":{}},"D:\\Projects\\DoersProjects\\kdabra\\src\\UserAdminRoute\\UserAdminView.js":{"path":"D:\\Projects\\DoersProjects\\kdabra\\src\\UserAdminRoute\\UserAdminView.js","statementMap":{"0":{"start":{"line":18,"column":15},"end":{"line":23,"column":1}},"1":{"start":{"line":27,"column":8},"end":{"line":27,"column":21}},"2":{"start":{"line":28,"column":8},"end":{"line":30,"column":10}},"3":{"start":{"line":34,"column":8},"end":{"line":34,"column":46}},"4":{"start":{"line":35,"column":8},"end":{"line":35,"column":34}},"5":{"start":{"line":39,"column":20},"end":{"line":39,"column":49}},"6":{"start":{"line":40,"column":28},"end":{"line":40,"column":57}},"7":{"start":{"line":41,"column":8},"end":{"line":48,"column":10}}},"fnMap":{"0":{"name":"(anonymous_0)","decl":{"start":{"line":26,"column":4},"end":{"line":26,"column":5}},"loc":{"start":{"line":26,"column":23},"end":{"line":31,"column":5}},"line":26},"1":{"name":"(anonymous_1)","decl":{"start":{"line":33,"column":4},"end":{"line":33,"column":5}},"loc":{"start":{"line":33,"column":28},"end":{"line":36,"column":5}},"line":33},"2":{"name":"(anonymous_2)","decl":{"start":{"line":37,"column":4},"end":{"line":37,"column":5}},"loc":{"start":{"line":37,"column":13},"end":{"line":49,"column":5}},"line":37}},"branchMap":{"0":{"loc":{"start":{"line":40,"column":28},"end":{"line":40,"column":57}},"type":"binary-expr","locations":[{"start":{"line":40,"column":28},"end":{"line":40,"column":39}},{"start":{"line":40,"column":43},"end":{"line":40,"column":57}}],"line":40}},"s":{"0":0,"1":0,"2":0,"3":0,"4":0,"5":0,"6":0,"7":0},"f":{"0":0,"1":0,"2":0},"b":{"0":[0,0]}}}